{"D:\\_Projects\\Easyplay\\services\\auth-system\\src\\app.js": {"path":"D:\\_Projects\\Easyplay\\services\\auth-system\\src\\app.js","statementMap":{"0":{"start":{"line":1,"column":16},"end":{"line":1,"column":34}},"1":{"start":{"line":2,"column":15},"end":{"line":2,"column":32}},"2":{"start":{"line":3,"column":21},"end":{"line":3,"column":45}},"3":{"start":{"line":4,"column":13},"end":{"line":4,"column":28}},"4":{"start":{"line":11,"column":4},"end":{"line":11,"column":23}},"5":{"start":{"line":12,"column":25},"end":{"line":12,"column":61}},"6":{"start":{"line":13,"column":27},"end":{"line":13,"column":55}},"7":{"start":{"line":14,"column":30},"end":{"line":14,"column":63}},"8":{"start":{"line":15,"column":25},"end":{"line":15,"column":61}},"9":{"start":{"line":16,"column":28},"end":{"line":16,"column":53}},"10":{"start":{"line":17,"column":28},"end":{"line":17,"column":53}},"11":{"start":{"line":18,"column":38},"end":{"line":18,"column":73}},"12":{"start":{"line":20,"column":12},"end":{"line":20,"column":21}},"13":{"start":{"line":21,"column":22},"end":{"line":21,"column":49}},"14":{"start":{"line":23,"column":0},"end":{"line":25,"column":1}},"15":{"start":{"line":24,"column":2},"end":{"line":24,"column":28}},"16":{"start":{"line":27,"column":0},"end":{"line":27,"column":18}},"17":{"start":{"line":28,"column":0},"end":{"line":28,"column":24}},"18":{"start":{"line":29,"column":0},"end":{"line":29,"column":24}},"19":{"start":{"line":30,"column":0},"end":{"line":30,"column":24}},"20":{"start":{"line":31,"column":0},"end":{"line":33,"column":1}},"21":{"start":{"line":32,"column":2},"end":{"line":32,"column":24}},"22":{"start":{"line":35,"column":0},"end":{"line":41,"column":3}},"23":{"start":{"line":36,"column":2},"end":{"line":40,"column":5}},"24":{"start":{"line":43,"column":18},"end":{"line":43,"column":34}},"25":{"start":{"line":44,"column":0},"end":{"line":51,"column":2}},"26":{"start":{"line":52,"column":0},"end":{"line":52,"column":27}},"27":{"start":{"line":53,"column":0},"end":{"line":53,"column":27}},"28":{"start":{"line":55,"column":0},"end":{"line":55,"column":27}},"29":{"start":{"line":57,"column":25},"end":{"line":57,"column":60}},"30":{"start":{"line":58,"column":0},"end":{"line":60,"column":1}},"31":{"start":{"line":59,"column":2},"end":{"line":59,"column":49}},"32":{"start":{"line":62,"column":0},"end":{"line":62,"column":28}},"33":{"start":{"line":64,"column":0},"end":{"line":64,"column":22}},"34":{"start":{"line":66,"column":0},"end":{"line":66,"column":41}},"35":{"start":{"line":67,"column":0},"end":{"line":67,"column":61}},"36":{"start":{"line":69,"column":0},"end":{"line":69,"column":21}}},"fnMap":{"0":{"name":"(anonymous_0)","decl":{"start":{"line":35,"column":19},"end":{"line":35,"column":20}},"loc":{"start":{"line":35,"column":33},"end":{"line":41,"column":1}},"line":35}},"branchMap":{"0":{"loc":{"start":{"line":23,"column":0},"end":{"line":25,"column":1}},"type":"if","locations":[{"start":{"line":23,"column":0},"end":{"line":25,"column":1}},{"start":{},"end":{}}],"line":23},"1":{"loc":{"start":{"line":31,"column":0},"end":{"line":33,"column":1}},"type":"if","locations":[{"start":{"line":31,"column":0},"end":{"line":33,"column":1}},{"start":{},"end":{}}],"line":31},"2":{"loc":{"start":{"line":58,"column":0},"end":{"line":60,"column":1}},"type":"if","locations":[{"start":{"line":58,"column":0},"end":{"line":60,"column":1}},{"start":{},"end":{}}],"line":58}},"s":{"0":1,"1":1,"2":1,"3":1,"4":1,"5":1,"6":1,"7":1,"8":1,"9":1,"10":1,"11":1,"12":1,"13":1,"14":1,"15":0,"16":1,"17":1,"18":1,"19":1,"20":1,"21":1,"22":1,"23":1,"24":1,"25":1,"26":1,"27":1,"28":1,"29":1,"30":1,"31":1,"32":1,"33":1,"34":1,"35":1,"36":1},"f":{"0":1},"b":{"0":[0,1],"1":[1,0],"2":[1,0]},"_coverageSchema":"1a1c01bbd47fc00a2c39e90264f33305004495a9","hash":"abfe879de4879a99d92be7435cd4b0f1077c7253"}
,"D:\\_Projects\\Easyplay\\services\\auth-system\\src\\config.js": {"path":"D:\\_Projects\\Easyplay\\services\\auth-system\\src\\config.js","statementMap":{"0":{"start":{"line":1,"column":11},"end":{"line":1,"column":24}},"1":{"start":{"line":2,"column":13},"end":{"line":2,"column":28}},"2":{"start":{"line":3,"column":15},"end":{"line":3,"column":32}},"3":{"start":{"line":5,"column":0},"end":{"line":7,"column":3}},"4":{"start":{"line":10,"column":2},"end":{"line":12,"column":3}},"5":{"start":{"line":11,"column":4},"end":{"line":11,"column":24}},"6":{"start":{"line":13,"column":21},"end":{"line":13,"column":55}},"7":{"start":{"line":14,"column":2},"end":{"line":14,"column":57}},"8":{"start":{"line":18,"column":17},"end":{"line":18,"column":30}},"9":{"start":{"line":19,"column":2},"end":{"line":19,"column":53}},"10":{"start":{"line":23,"column":2},"end":{"line":25,"column":3}},"11":{"start":{"line":24,"column":4},"end":{"line":24,"column":32}},"12":{"start":{"line":26,"column":2},"end":{"line":28,"column":54}},"13":{"start":{"line":31,"column":17},"end":{"line":31,"column":54}},"14":{"start":{"line":32,"column":21},"end":{"line":32,"column":62}},"15":{"start":{"line":33,"column":22},"end":{"line":33,"column":69}},"16":{"start":{"line":35,"column":15},"end":{"line":80,"column":1}},"17":{"start":{"line":82,"column":0},"end":{"line":82,"column":84}},"18":{"start":{"line":83,"column":0},"end":{"line":83,"column":65}},"19":{"start":{"line":84,"column":0},"end":{"line":84,"column":63}},"20":{"start":{"line":86,"column":0},"end":{"line":86,"column":24}}},"fnMap":{"0":{"name":"toBoolean","decl":{"start":{"line":9,"column":9},"end":{"line":9,"column":18}},"loc":{"start":{"line":9,"column":48},"end":{"line":15,"column":1}},"line":9},"1":{"name":"toNumber","decl":{"start":{"line":17,"column":9},"end":{"line":17,"column":17}},"loc":{"start":{"line":17,"column":35},"end":{"line":20,"column":1}},"line":17},"2":{"name":"toPath","decl":{"start":{"line":22,"column":9},"end":{"line":22,"column":15}},"loc":{"start":{"line":22,"column":45},"end":{"line":29,"column":1}},"line":22}},"branchMap":{"0":{"loc":{"start":{"line":9,"column":26},"end":{"line":9,"column":46}},"type":"default-arg","locations":[{"start":{"line":9,"column":41},"end":{"line":9,"column":46}}],"line":9},"1":{"loc":{"start":{"line":10,"column":2},"end":{"line":12,"column":3}},"type":"if","locations":[{"start":{"line":10,"column":2},"end":{"line":12,"column":3}},{"start":{},"end":{}}],"line":10},"2":{"loc":{"start":{"line":19,"column":9},"end":{"line":19,"column":52}},"type":"cond-expr","locations":[{"start":{"line":19,"column":35},"end":{"line":19,"column":41}},{"start":{"line":19,"column":44},"end":{"line":19,"column":52}}],"line":19},"3":{"loc":{"start":{"line":23,"column":2},"end":{"line":25,"column":3}},"type":"if","locations":[{"start":{"line":23,"column":2},"end":{"line":25,"column":3}},{"start":{},"end":{}}],"line":23},"4":{"loc":{"start":{"line":26,"column":9},"end":{"line":28,"column":53}},"type":"cond-expr","locations":[{"start":{"line":27,"column":6},"end":{"line":27,"column":11}},{"start":{"line":28,"column":6},"end":{"line":28,"column":53}}],"line":26},"5":{"loc":{"start":{"line":31,"column":17},"end":{"line":31,"column":54}},"type":"binary-expr","locations":[{"start":{"line":31,"column":17},"end":{"line":31,"column":37}},{"start":{"line":31,"column":41},"end":{"line":31,"column":54}}],"line":31},"6":{"loc":{"start":{"line":38,"column":8},"end":{"line":38,"column":39}},"type":"binary-expr","locations":[{"start":{"line":38,"column":8},"end":{"line":38,"column":24}},{"start":{"line":38,"column":28},"end":{"line":38,"column":39}}],"line":38},"7":{"loc":{"start":{"line":40,"column":14},"end":{"line":40,"column":68}},"type":"binary-expr","locations":[{"start":{"line":40,"column":14},"end":{"line":40,"column":36}},{"start":{"line":40,"column":40},"end":{"line":40,"column":68}}],"line":40},"8":{"loc":{"start":{"line":41,"column":18},"end":{"line":41,"column":52}},"type":"binary-expr","locations":[{"start":{"line":41,"column":18},"end":{"line":41,"column":44}},{"start":{"line":41,"column":48},"end":{"line":41,"column":52}}],"line":41},"9":{"loc":{"start":{"line":43,"column":4},"end":{"line":43,"column":72}},"type":"binary-expr","locations":[{"start":{"line":43,"column":4},"end":{"line":43,"column":23}},{"start":{"line":43,"column":27},"end":{"line":43,"column":72}}],"line":43},"10":{"loc":{"start":{"line":49,"column":18},"end":{"line":49,"column":60}},"type":"binary-expr","locations":[{"start":{"line":49,"column":18},"end":{"line":49,"column":44}},{"start":{"line":49,"column":48},"end":{"line":49,"column":60}}],"line":49},"11":{"loc":{"start":{"line":54,"column":15},"end":{"line":54,"column":45}},"type":"binary-expr","locations":[{"start":{"line":54,"column":15},"end":{"line":54,"column":38}},{"start":{"line":54,"column":42},"end":{"line":54,"column":45}}],"line":54},"12":{"loc":{"start":{"line":56,"column":4},"end":{"line":57,"column":44}},"type":"binary-expr","locations":[{"start":{"line":56,"column":4},"end":{"line":56,"column":28}},{"start":{"line":57,"column":4},"end":{"line":57,"column":44}}],"line":56},"13":{"loc":{"start":{"line":59,"column":4},"end":{"line":60,"column":63}},"type":"binary-expr","locations":[{"start":{"line":59,"column":4},"end":{"line":59,"column":28}},{"start":{"line":60,"column":4},"end":{"line":60,"column":63}}],"line":59}},"s":{"0":1,"1":1,"2":1,"3":1,"4":6,"5":5,"6":1,"7":1,"8":8,"9":8,"10":3,"11":3,"12":0,"13":1,"14":1,"15":1,"16":1,"17":1,"18":1,"19":1,"20":1},"f":{"0":6,"1":8,"2":3},"b":{"0":[0],"1":[5,1],"2":[0,8],"3":[3,0],"4":[0,0],"5":[1,0],"6":[1,1],"7":[1,1],"8":[1,1],"9":[1,1],"10":[1,1],"11":[1,1],"12":[1,1],"13":[1,1]},"_coverageSchema":"1a1c01bbd47fc00a2c39e90264f33305004495a9","hash":"b38a2f479b9a1a12c180c79d84721ed0926722ba"}
,"D:\\_Projects\\Easyplay\\services\\auth-system\\src\\db.js": {"path":"D:\\_Projects\\Easyplay\\services\\auth-system\\src\\db.js","statementMap":{"0":{"start":{"line":1,"column":11},"end":{"line":1,"column":24}},"1":{"start":{"line":2,"column":13},"end":{"line":2,"column":28}},"2":{"start":{"line":3,"column":16},"end":{"line":3,"column":34}},"3":{"start":{"line":4,"column":20},"end":{"line":4,"column":39}},"4":{"start":{"line":7,"column":14},"end":{"line":7,"column":34}},"5":{"start":{"line":8,"column":2},"end":{"line":10,"column":3}},"6":{"start":{"line":9,"column":4},"end":{"line":9,"column":43}},"7":{"start":{"line":13,"column":0},"end":{"line":13,"column":27}},"8":{"start":{"line":15,"column":11},"end":{"line":15,"column":40}},"9":{"start":{"line":18,"column":2},"end":{"line":26,"column":5}},"10":{"start":{"line":19,"column":4},"end":{"line":25,"column":7}},"11":{"start":{"line":20,"column":6},"end":{"line":23,"column":7}},"12":{"start":{"line":21,"column":8},"end":{"line":21,"column":20}},"13":{"start":{"line":22,"column":8},"end":{"line":22,"column":15}},"14":{"start":{"line":24,"column":6},"end":{"line":24,"column":62}},"15":{"start":{"line":30,"column":2},"end":{"line":38,"column":5}},"16":{"start":{"line":31,"column":4},"end":{"line":37,"column":7}},"17":{"start":{"line":32,"column":6},"end":{"line":35,"column":7}},"18":{"start":{"line":33,"column":8},"end":{"line":33,"column":20}},"19":{"start":{"line":34,"column":8},"end":{"line":34,"column":15}},"20":{"start":{"line":36,"column":6},"end":{"line":36,"column":27}},"21":{"start":{"line":42,"column":2},"end":{"line":50,"column":5}},"22":{"start":{"line":43,"column":4},"end":{"line":49,"column":7}},"23":{"start":{"line":44,"column":6},"end":{"line":47,"column":7}},"24":{"start":{"line":45,"column":8},"end":{"line":45,"column":20}},"25":{"start":{"line":46,"column":8},"end":{"line":46,"column":15}},"26":{"start":{"line":48,"column":6},"end":{"line":48,"column":26}},"27":{"start":{"line":54,"column":2},"end":{"line":62,"column":5}},"28":{"start":{"line":64,"column":18},"end":{"line":64,"column":55}},"29":{"start":{"line":65,"column":25},"end":{"line":65,"column":74}},"30":{"start":{"line":65,"column":50},"end":{"line":65,"column":73}},"31":{"start":{"line":66,"column":2},"end":{"line":68,"column":3}},"32":{"start":{"line":67,"column":4},"end":{"line":67,"column":57}},"33":{"start":{"line":70,"column":2},"end":{"line":72,"column":4}},"34":{"start":{"line":74,"column":2},"end":{"line":84,"column":5}},"35":{"start":{"line":86,"column":2},"end":{"line":102,"column":5}},"36":{"start":{"line":104,"column":2},"end":{"line":121,"column":5}},"37":{"start":{"line":123,"column":2},"end":{"line":131,"column":5}},"38":{"start":{"line":133,"column":2},"end":{"line":135,"column":4}},"39":{"start":{"line":136,"column":2},"end":{"line":138,"column":4}},"40":{"start":{"line":139,"column":2},"end":{"line":141,"column":4}},"41":{"start":{"line":144,"column":0},"end":{"line":150,"column":2}}},"fnMap":{"0":{"name":"ensureDbDirectory","decl":{"start":{"line":6,"column":9},"end":{"line":6,"column":26}},"loc":{"start":{"line":6,"column":35},"end":{"line":11,"column":1}},"line":6},"1":{"name":"run","decl":{"start":{"line":17,"column":9},"end":{"line":17,"column":12}},"loc":{"start":{"line":17,"column":31},"end":{"line":27,"column":1}},"line":17},"2":{"name":"(anonymous_2)","decl":{"start":{"line":18,"column":21},"end":{"line":18,"column":22}},"loc":{"start":{"line":18,"column":42},"end":{"line":26,"column":3}},"line":18},"3":{"name":"onRun","decl":{"start":{"line":19,"column":33},"end":{"line":19,"column":38}},"loc":{"start":{"line":19,"column":44},"end":{"line":25,"column":5}},"line":19},"4":{"name":"get","decl":{"start":{"line":29,"column":9},"end":{"line":29,"column":12}},"loc":{"start":{"line":29,"column":31},"end":{"line":39,"column":1}},"line":29},"5":{"name":"(anonymous_5)","decl":{"start":{"line":30,"column":21},"end":{"line":30,"column":22}},"loc":{"start":{"line":30,"column":42},"end":{"line":38,"column":3}},"line":30},"6":{"name":"(anonymous_6)","decl":{"start":{"line":31,"column":24},"end":{"line":31,"column":25}},"loc":{"start":{"line":31,"column":38},"end":{"line":37,"column":5}},"line":31},"7":{"name":"all","decl":{"start":{"line":41,"column":9},"end":{"line":41,"column":12}},"loc":{"start":{"line":41,"column":31},"end":{"line":51,"column":1}},"line":41},"8":{"name":"(anonymous_8)","decl":{"start":{"line":42,"column":21},"end":{"line":42,"column":22}},"loc":{"start":{"line":42,"column":42},"end":{"line":50,"column":3}},"line":42},"9":{"name":"(anonymous_9)","decl":{"start":{"line":43,"column":24},"end":{"line":43,"column":25}},"loc":{"start":{"line":43,"column":39},"end":{"line":49,"column":5}},"line":43},"10":{"name":"initializeDatabase","decl":{"start":{"line":53,"column":15},"end":{"line":53,"column":33}},"loc":{"start":{"line":53,"column":36},"end":{"line":142,"column":1}},"line":53},"11":{"name":"(anonymous_11)","decl":{"start":{"line":65,"column":38},"end":{"line":65,"column":39}},"loc":{"start":{"line":65,"column":50},"end":{"line":65,"column":73}},"line":65}},"branchMap":{"0":{"loc":{"start":{"line":8,"column":2},"end":{"line":10,"column":3}},"type":"if","locations":[{"start":{"line":8,"column":2},"end":{"line":10,"column":3}},{"start":{},"end":{}}],"line":8},"1":{"loc":{"start":{"line":17,"column":18},"end":{"line":17,"column":29}},"type":"default-arg","locations":[{"start":{"line":17,"column":27},"end":{"line":17,"column":29}}],"line":17},"2":{"loc":{"start":{"line":20,"column":6},"end":{"line":23,"column":7}},"type":"if","locations":[{"start":{"line":20,"column":6},"end":{"line":23,"column":7}},{"start":{},"end":{}}],"line":20},"3":{"loc":{"start":{"line":29,"column":18},"end":{"line":29,"column":29}},"type":"default-arg","locations":[{"start":{"line":29,"column":27},"end":{"line":29,"column":29}}],"line":29},"4":{"loc":{"start":{"line":32,"column":6},"end":{"line":35,"column":7}},"type":"if","locations":[{"start":{"line":32,"column":6},"end":{"line":35,"column":7}},{"start":{},"end":{}}],"line":32},"5":{"loc":{"start":{"line":36,"column":14},"end":{"line":36,"column":25}},"type":"binary-expr","locations":[{"start":{"line":36,"column":14},"end":{"line":36,"column":17}},{"start":{"line":36,"column":21},"end":{"line":36,"column":25}}],"line":36},"6":{"loc":{"start":{"line":41,"column":18},"end":{"line":41,"column":29}},"type":"default-arg","locations":[{"start":{"line":41,"column":27},"end":{"line":41,"column":29}}],"line":41},"7":{"loc":{"start":{"line":44,"column":6},"end":{"line":47,"column":7}},"type":"if","locations":[{"start":{"line":44,"column":6},"end":{"line":47,"column":7}},{"start":{},"end":{}}],"line":44},"8":{"loc":{"start":{"line":48,"column":14},"end":{"line":48,"column":24}},"type":"binary-expr","locations":[{"start":{"line":48,"column":14},"end":{"line":48,"column":18}},{"start":{"line":48,"column":22},"end":{"line":48,"column":24}}],"line":48},"9":{"loc":{"start":{"line":66,"column":2},"end":{"line":68,"column":3}},"type":"if","locations":[{"start":{"line":66,"column":2},"end":{"line":68,"column":3}},{"start":{},"end":{}}],"line":66}},"s":{"0":1,"1":1,"2":1,"3":1,"4":1,"5":1,"6":0,"7":1,"8":1,"9":0,"10":0,"11":0,"12":0,"13":0,"14":0,"15":0,"16":0,"17":0,"18":0,"19":0,"20":0,"21":0,"22":0,"23":0,"24":0,"25":0,"26":0,"27":0,"28":0,"29":0,"30":0,"31":0,"32":0,"33":0,"34":0,"35":0,"36":0,"37":0,"38":0,"39":0,"40":0,"41":1},"f":{"0":1,"1":0,"2":0,"3":0,"4":0,"5":0,"6":0,"7":0,"8":0,"9":0,"10":0,"11":0},"b":{"0":[0,1],"1":[0],"2":[0,0],"3":[0],"4":[0,0],"5":[0,0],"6":[0],"7":[0,0],"8":[0,0],"9":[0,0]},"_coverageSchema":"1a1c01bbd47fc00a2c39e90264f33305004495a9","hash":"7fbac5eb14b1db1f5eb88635c95bd769a134f068"}
,"D:\\_Projects\\Easyplay\\services\\auth-system\\src\\errors.js": {"path":"D:\\_Projects\\Easyplay\\services\\auth-system\\src\\errors.js","statementMap":{"0":{"start":{"line":3,"column":4},"end":{"line":3,"column":19}},"1":{"start":{"line":4,"column":4},"end":{"line":4,"column":33}},"2":{"start":{"line":8,"column":0},"end":{"line":10,"column":2}}},"fnMap":{"0":{"name":"(anonymous_0)","decl":{"start":{"line":2,"column":2},"end":{"line":2,"column":3}},"loc":{"start":{"line":2,"column":35},"end":{"line":5,"column":3}},"line":2}},"branchMap":{},"s":{"0":1,"1":1,"2":1},"f":{"0":1},"b":{},"_coverageSchema":"1a1c01bbd47fc00a2c39e90264f33305004495a9","hash":"3c860e3c72e7225c5173101713eb7e035d7c6e8d"}
,"D:\\_Projects\\Easyplay\\services\\auth-system\\src\\frontendServer.js": {"path":"D:\\_Projects\\Easyplay\\services\\auth-system\\src\\frontendServer.js","statementMap":{"0":{"start":{"line":1,"column":11},"end":{"line":1,"column":24}},"1":{"start":{"line":2,"column":13},"end":{"line":2,"column":28}},"2":{"start":{"line":10,"column":4},"end":{"line":10,"column":23}},"3":{"start":{"line":12,"column":26},"end":{"line":14,"column":1}},"4":{"start":{"line":15,"column":33},"end":{"line":18,"column":6}},"5":{"start":{"line":19,"column":31},"end":{"line":19,"column":59}},"6":{"start":{"line":20,"column":33},"end":{"line":20,"column":37}},"7":{"start":{"line":21,"column":22},"end":{"line":21,"column":31}},"8":{"start":{"line":22,"column":27},"end":{"line":22,"column":69}},"9":{"start":{"line":23,"column":30},"end":{"line":38,"column":2}},"10":{"start":{"line":39,"column":36},"end":{"line":45,"column":1}},"11":{"start":{"line":48,"column":2},"end":{"line":50,"column":3}},"12":{"start":{"line":49,"column":4},"end":{"line":49,"column":17}},"13":{"start":{"line":51,"column":21},"end":{"line":51,"column":71}},"14":{"start":{"line":52,"column":2},"end":{"line":54,"column":3}},"15":{"start":{"line":53,"column":4},"end":{"line":53,"column":17}},"16":{"start":{"line":55,"column":2},"end":{"line":57,"column":3}},"17":{"start":{"line":55,"column":52},"end":{"line":55,"column":80}},"18":{"start":{"line":56,"column":4},"end":{"line":56,"column":17}},"19":{"start":{"line":58,"column":2},"end":{"line":58,"column":61}},"20":{"start":{"line":62,"column":2},"end":{"line":62,"column":45}},"21":{"start":{"line":66,"column":20},"end":{"line":66,"column":31}},"22":{"start":{"line":67,"column":2},"end":{"line":71,"column":3}},"23":{"start":{"line":68,"column":4},"end":{"line":68,"column":50}},"24":{"start":{"line":70,"column":4},"end":{"line":70,"column":16}},"25":{"start":{"line":73,"column":25},"end":{"line":76,"column":27}},"26":{"start":{"line":77,"column":23},"end":{"line":77,"column":63}},"27":{"start":{"line":79,"column":2},"end":{"line":81,"column":3}},"28":{"start":{"line":80,"column":4},"end":{"line":80,"column":16}},"29":{"start":{"line":83,"column":2},"end":{"line":83,"column":22}},"30":{"start":{"line":87,"column":2},"end":{"line":89,"column":3}},"31":{"start":{"line":88,"column":4},"end":{"line":88,"column":16}},"32":{"start":{"line":91,"column":19},"end":{"line":91,"column":65}},"33":{"start":{"line":92,"column":2},"end":{"line":94,"column":3}},"34":{"start":{"line":93,"column":4},"end":{"line":93,"column":16}},"35":{"start":{"line":96,"column":19},"end":{"line":96,"column":52}},"36":{"start":{"line":97,"column":2},"end":{"line":97,"column":62}},"37":{"start":{"line":101,"column":23},"end":{"line":101,"column":55}},"38":{"start":{"line":102,"column":2},"end":{"line":104,"column":3}},"39":{"start":{"line":103,"column":4},"end":{"line":103,"column":17}},"40":{"start":{"line":106,"column":2},"end":{"line":108,"column":3}},"41":{"start":{"line":107,"column":4},"end":{"line":107,"column":16}},"42":{"start":{"line":110,"column":2},"end":{"line":112,"column":3}},"43":{"start":{"line":111,"column":4},"end":{"line":111,"column":49}},"44":{"start":{"line":114,"column":2},"end":{"line":114,"column":15}},"45":{"start":{"line":118,"column":16},"end":{"line":118,"column":46}},"46":{"start":{"line":119,"column":2},"end":{"line":121,"column":3}},"47":{"start":{"line":120,"column":4},"end":{"line":120,"column":21}},"48":{"start":{"line":122,"column":2},"end":{"line":125,"column":3}},"49":{"start":{"line":123,"column":4},"end":{"line":123,"column":38}},"50":{"start":{"line":124,"column":4},"end":{"line":124,"column":21}},"51":{"start":{"line":126,"column":2},"end":{"line":126,"column":21}},"52":{"start":{"line":130,"column":2},"end":{"line":135,"column":3}},"53":{"start":{"line":131,"column":19},"end":{"line":131,"column":52}},"54":{"start":{"line":132,"column":4},"end":{"line":134,"column":5}},"55":{"start":{"line":133,"column":6},"end":{"line":133,"column":35}},"56":{"start":{"line":136,"column":2},"end":{"line":139,"column":5}},"57":{"start":{"line":140,"column":2},"end":{"line":140,"column":15}},"58":{"start":{"line":144,"column":17},"end":{"line":144,"column":47}},"59":{"start":{"line":145,"column":2},"end":{"line":147,"column":3}},"60":{"start":{"line":146,"column":4},"end":{"line":146,"column":18}},"61":{"start":{"line":149,"column":23},"end":{"line":149,"column":55}},"62":{"start":{"line":150,"column":2},"end":{"line":152,"column":3}},"63":{"start":{"line":151,"column":4},"end":{"line":151,"column":48}},"64":{"start":{"line":154,"column":2},"end":{"line":167,"column":3}},"65":{"start":{"line":155,"column":17},"end":{"line":155,"column":42}},"66":{"start":{"line":156,"column":4},"end":{"line":162,"column":5}},"67":{"start":{"line":157,"column":24},"end":{"line":157,"column":61}},"68":{"start":{"line":158,"column":6},"end":{"line":161,"column":8}},"69":{"start":{"line":163,"column":4},"end":{"line":166,"column":6}},"70":{"start":{"line":169,"column":2},"end":{"line":172,"column":3}},"71":{"start":{"line":170,"column":21},"end":{"line":170,"column":43}},"72":{"start":{"line":171,"column":4},"end":{"line":171,"column":85}},"73":{"start":{"line":174,"column":2},"end":{"line":174,"column":46}},"74":{"start":{"line":178,"column":2},"end":{"line":181,"column":3}},"75":{"start":{"line":179,"column":4},"end":{"line":179,"column":47}},"76":{"start":{"line":180,"column":4},"end":{"line":180,"column":11}},"77":{"start":{"line":183,"column":2},"end":{"line":186,"column":3}},"78":{"start":{"line":184,"column":4},"end":{"line":184,"column":76}},"79":{"start":{"line":185,"column":4},"end":{"line":185,"column":11}},"80":{"start":{"line":188,"column":22},"end":{"line":188,"column":61}},"81":{"start":{"line":189,"column":2},"end":{"line":195,"column":3}},"82":{"start":{"line":190,"column":4},"end":{"line":193,"column":6}},"83":{"start":{"line":194,"column":4},"end":{"line":194,"column":11}},"84":{"start":{"line":197,"column":2},"end":{"line":197,"column":57}},"85":{"start":{"line":201,"column":2},"end":{"line":201,"column":42}},"86":{"start":{"line":202,"column":2},"end":{"line":202,"column":19}},"87":{"start":{"line":204,"column":2},"end":{"line":206,"column":3}},"88":{"start":{"line":205,"column":4},"end":{"line":205,"column":38}},"89":{"start":{"line":208,"column":2},"end":{"line":218,"column":7}},"90":{"start":{"line":211,"column":23},"end":{"line":213,"column":42}},"91":{"start":{"line":214,"column":6},"end":{"line":214,"column":37}},"92":{"start":{"line":217,"column":6},"end":{"line":217,"column":78}},"93":{"start":{"line":222,"column":18},"end":{"line":222,"column":27}},"94":{"start":{"line":223,"column":16},"end":{"line":223,"column":20}},"95":{"start":{"line":224,"column":20},"end":{"line":224,"column":24}},"96":{"start":{"line":227,"column":4},"end":{"line":227,"column":55}},"97":{"start":{"line":228,"column":4},"end":{"line":228,"column":47}},"98":{"start":{"line":229,"column":4},"end":{"line":229,"column":46}},"99":{"start":{"line":230,"column":4},"end":{"line":230,"column":23}},"100":{"start":{"line":231,"column":4},"end":{"line":231,"column":48}},"101":{"start":{"line":233,"column":4},"end":{"line":233,"column":21}},"102":{"start":{"line":234,"column":4},"end":{"line":234,"column":47}},"103":{"start":{"line":234,"column":26},"end":{"line":234,"column":45}},"104":{"start":{"line":238,"column":4},"end":{"line":238,"column":26}},"105":{"start":{"line":239,"column":4},"end":{"line":241,"column":5}},"106":{"start":{"line":240,"column":6},"end":{"line":240,"column":55}},"107":{"start":{"line":245,"column":4},"end":{"line":247,"column":5}},"108":{"start":{"line":246,"column":6},"end":{"line":246,"column":13}},"109":{"start":{"line":248,"column":4},"end":{"line":251,"column":12}},"110":{"start":{"line":249,"column":6},"end":{"line":249,"column":25}},"111":{"start":{"line":250,"column":6},"end":{"line":250,"column":24}},"112":{"start":{"line":255,"column":4},"end":{"line":257,"column":5}},"113":{"start":{"line":256,"column":6},"end":{"line":256,"column":13}},"114":{"start":{"line":258,"column":4},"end":{"line":260,"column":5}},"115":{"start":{"line":259,"column":6},"end":{"line":259,"column":13}},"116":{"start":{"line":262,"column":4},"end":{"line":280,"column":5}},"117":{"start":{"line":263,"column":6},"end":{"line":274,"column":8}},"118":{"start":{"line":267,"column":10},"end":{"line":269,"column":11}},"119":{"start":{"line":268,"column":12},"end":{"line":268,"column":19}},"120":{"start":{"line":270,"column":10},"end":{"line":272,"column":11}},"121":{"start":{"line":271,"column":12},"end":{"line":271,"column":29}},"122":{"start":{"line":276,"column":6},"end":{"line":276,"column":53}},"123":{"start":{"line":279,"column":6},"end":{"line":279,"column":59}},"124":{"start":{"line":284,"column":4},"end":{"line":287,"column":5}},"125":{"start":{"line":285,"column":6},"end":{"line":285,"column":22}},"126":{"start":{"line":286,"column":6},"end":{"line":286,"column":21}},"127":{"start":{"line":288,"column":4},"end":{"line":291,"column":5}},"128":{"start":{"line":289,"column":6},"end":{"line":289,"column":32}},"129":{"start":{"line":290,"column":6},"end":{"line":290,"column":25}},"130":{"start":{"line":292,"column":4},"end":{"line":294,"column":5}},"131":{"start":{"line":293,"column":6},"end":{"line":293,"column":19}},"132":{"start":{"line":295,"column":4},"end":{"line":295,"column":20}},"133":{"start":{"line":298,"column":2},"end":{"line":303,"column":4}},"134":{"start":{"line":307,"column":2},"end":{"line":311,"column":3}},"135":{"start":{"line":309,"column":4},"end":{"line":309,"column":62}},"136":{"start":{"line":310,"column":4},"end":{"line":310,"column":11}},"137":{"start":{"line":313,"column":2},"end":{"line":320,"column":3}},"138":{"start":{"line":314,"column":4},"end":{"line":314,"column":53}},"139":{"start":{"line":315,"column":4},"end":{"line":319,"column":7}},"140":{"start":{"line":316,"column":6},"end":{"line":316,"column":41}},"141":{"start":{"line":317,"column":6},"end":{"line":317,"column":49}},"142":{"start":{"line":318,"column":6},"end":{"line":318,"column":53}},"143":{"start":{"line":322,"column":2},"end":{"line":336,"column":5}},"144":{"start":{"line":323,"column":4},"end":{"line":325,"column":5}},"145":{"start":{"line":324,"column":6},"end":{"line":324,"column":20}},"146":{"start":{"line":327,"column":25},"end":{"line":327,"column":58}},"147":{"start":{"line":328,"column":4},"end":{"line":330,"column":5}},"148":{"start":{"line":329,"column":6},"end":{"line":329,"column":20}},"149":{"start":{"line":332,"column":23},"end":{"line":332,"column":43}},"150":{"start":{"line":333,"column":18},"end":{"line":333,"column":66}},"151":{"start":{"line":334,"column":4},"end":{"line":334,"column":40}},"152":{"start":{"line":335,"column":4},"end":{"line":335,"column":18}},"153":{"start":{"line":338,"column":2},"end":{"line":360,"column":5}},"154":{"start":{"line":339,"column":4},"end":{"line":341,"column":5}},"155":{"start":{"line":340,"column":6},"end":{"line":340,"column":20}},"156":{"start":{"line":343,"column":4},"end":{"line":352,"column":5}},"157":{"start":{"line":349,"column":25},"end":{"line":349,"column":53}},"158":{"start":{"line":350,"column":26},"end":{"line":350,"column":82}},"159":{"start":{"line":351,"column":6},"end":{"line":351,"column":61}},"160":{"start":{"line":354,"column":21},"end":{"line":354,"column":56}},"161":{"start":{"line":355,"column":4},"end":{"line":357,"column":5}},"162":{"start":{"line":356,"column":6},"end":{"line":356,"column":20}},"163":{"start":{"line":359,"column":4},"end":{"line":359,"column":65}},"164":{"start":{"line":362,"column":2},"end":{"line":369,"column":4}},"165":{"start":{"line":365,"column":28},"end":{"line":365,"column":66}},"166":{"start":{"line":366,"column":8},"end":{"line":366,"column":48}},"167":{"start":{"line":371,"column":2},"end":{"line":376,"column":5}},"168":{"start":{"line":372,"column":4},"end":{"line":374,"column":5}},"169":{"start":{"line":373,"column":6},"end":{"line":373,"column":78}},"170":{"start":{"line":375,"column":4},"end":{"line":375,"column":18}},"171":{"start":{"line":382,"column":18},"end":{"line":382,"column":36}},"172":{"start":{"line":383,"column":2},"end":{"line":383,"column":43}},"173":{"start":{"line":386,"column":0},"end":{"line":389,"column":2}}},"fnMap":{"0":{"name":"shouldTriggerHotReload","decl":{"start":{"line":47,"column":9},"end":{"line":47,"column":31}},"loc":{"start":{"line":47,"column":42},"end":{"line":59,"column":1}},"line":47},"1":{"name":"(anonymous_1)","decl":{"start":{"line":55,"column":39},"end":{"line":55,"column":40}},"loc":{"start":{"line":55,"column":52},"end":{"line":55,"column":80}},"line":55},"2":{"name":"hasStaticAssetExt","decl":{"start":{"line":61,"column":9},"end":{"line":61,"column":26}},"loc":{"start":{"line":61,"column":40},"end":{"line":63,"column":1}},"line":61},"3":{"name":"getSafeAbsolutePath","decl":{"start":{"line":65,"column":9},"end":{"line":65,"column":28}},"loc":{"start":{"line":65,"column":42},"end":{"line":84,"column":1}},"line":65},"4":{"name":"getPrefixedFallbackPath","decl":{"start":{"line":86,"column":9},"end":{"line":86,"column":32}},"loc":{"start":{"line":86,"column":46},"end":{"line":98,"column":1}},"line":86},"5":{"name":"hasFrontendTarget","decl":{"start":{"line":100,"column":9},"end":{"line":100,"column":26}},"loc":{"start":{"line":100,"column":40},"end":{"line":115,"column":1}},"line":100},"6":{"name":"getCachedHtmlPath","decl":{"start":{"line":117,"column":9},"end":{"line":117,"column":26}},"loc":{"start":{"line":117,"column":40},"end":{"line":127,"column":1}},"line":117},"7":{"name":"setCachedHtmlPath","decl":{"start":{"line":129,"column":9},"end":{"line":129,"column":26}},"loc":{"start":{"line":129,"column":47},"end":{"line":141,"column":1}},"line":129},"8":{"name":"resolveHtmlPathForRequest","decl":{"start":{"line":143,"column":9},"end":{"line":143,"column":34}},"loc":{"start":{"line":143,"column":48},"end":{"line":175,"column":1}},"line":143},"9":{"name":"setCacheHeader","decl":{"start":{"line":177,"column":9},"end":{"line":177,"column":23}},"loc":{"start":{"line":177,"column":50},"end":{"line":198,"column":1}},"line":177},"10":{"name":"sendHtmlFile","decl":{"start":{"line":200,"column":9},"end":{"line":200,"column":21}},"loc":{"start":{"line":200,"column":58},"end":{"line":219,"column":1}},"line":200},"11":{"name":"(anonymous_11)","decl":{"start":{"line":210,"column":10},"end":{"line":210,"column":11}},"loc":{"start":{"line":210,"column":23},"end":{"line":215,"column":5}},"line":210},"12":{"name":"(anonymous_12)","decl":{"start":{"line":216,"column":11},"end":{"line":216,"column":12}},"loc":{"start":{"line":216,"column":22},"end":{"line":218,"column":5}},"line":216},"13":{"name":"createHotReloadManager","decl":{"start":{"line":221,"column":9},"end":{"line":221,"column":31}},"loc":{"start":{"line":221,"column":34},"end":{"line":304,"column":1}},"line":221},"14":{"name":"sseHandler","decl":{"start":{"line":226,"column":11},"end":{"line":226,"column":21}},"loc":{"start":{"line":226,"column":32},"end":{"line":235,"column":3}},"line":226},"15":{"name":"(anonymous_15)","decl":{"start":{"line":234,"column":20},"end":{"line":234,"column":21}},"loc":{"start":{"line":234,"column":26},"end":{"line":234,"column":45}},"line":234},"16":{"name":"broadcastReload","decl":{"start":{"line":237,"column":11},"end":{"line":237,"column":26}},"loc":{"start":{"line":237,"column":29},"end":{"line":242,"column":3}},"line":237},"17":{"name":"scheduleReload","decl":{"start":{"line":244,"column":11},"end":{"line":244,"column":25}},"loc":{"start":{"line":244,"column":28},"end":{"line":252,"column":3}},"line":244},"18":{"name":"(anonymous_18)","decl":{"start":{"line":248,"column":29},"end":{"line":248,"column":30}},"loc":{"start":{"line":248,"column":35},"end":{"line":251,"column":5}},"line":248},"19":{"name":"startWatch","decl":{"start":{"line":254,"column":11},"end":{"line":254,"column":21}},"loc":{"start":{"line":254,"column":24},"end":{"line":281,"column":3}},"line":254},"20":{"name":"(anonymous_20)","decl":{"start":{"line":266,"column":8},"end":{"line":266,"column":9}},"loc":{"start":{"line":266,"column":33},"end":{"line":273,"column":9}},"line":266},"21":{"name":"stopWatch","decl":{"start":{"line":283,"column":11},"end":{"line":283,"column":20}},"loc":{"start":{"line":283,"column":23},"end":{"line":296,"column":3}},"line":283},"22":{"name":"registerFrontend","decl":{"start":{"line":306,"column":9},"end":{"line":306,"column":25}},"loc":{"start":{"line":306,"column":49},"end":{"line":377,"column":1}},"line":306},"23":{"name":"(anonymous_23)","decl":{"start":{"line":315,"column":35},"end":{"line":315,"column":36}},"loc":{"start":{"line":315,"column":49},"end":{"line":319,"column":5}},"line":315},"24":{"name":"(anonymous_24)","decl":{"start":{"line":322,"column":10},"end":{"line":322,"column":11}},"loc":{"start":{"line":322,"column":30},"end":{"line":336,"column":3}},"line":322},"25":{"name":"(anonymous_25)","decl":{"start":{"line":338,"column":16},"end":{"line":338,"column":17}},"loc":{"start":{"line":338,"column":36},"end":{"line":360,"column":3}},"line":338},"26":{"name":"(anonymous_26)","decl":{"start":{"line":364,"column":18},"end":{"line":364,"column":19}},"loc":{"start":{"line":364,"column":37},"end":{"line":367,"column":7}},"line":364},"27":{"name":"(anonymous_27)","decl":{"start":{"line":371,"column":16},"end":{"line":371,"column":17}},"loc":{"start":{"line":371,"column":36},"end":{"line":376,"column":3}},"line":371},"28":{"name":"expressStaticWithCache","decl":{"start":{"line":379,"column":9},"end":{"line":379,"column":31}},"loc":{"start":{"line":379,"column":51},"end":{"line":384,"column":1}},"line":379}},"branchMap":{"0":{"loc":{"start":{"line":19,"column":31},"end":{"line":19,"column":59}},"type":"cond-expr","locations":[{"start":{"line":19,"column":47},"end":{"line":19,"column":52}},{"start":{"line":19,"column":55},"end":{"line":19,"column":59}}],"line":19},"1":{"loc":{"start":{"line":48,"column":2},"end":{"line":50,"column":3}},"type":"if","locations":[{"start":{"line":48,"column":2},"end":{"line":50,"column":3}},{"start":{},"end":{}}],"line":48},"2":{"loc":{"start":{"line":52,"column":2},"end":{"line":54,"column":3}},"type":"if","locations":[{"start":{"line":52,"column":2},"end":{"line":54,"column":3}},{"start":{},"end":{}}],"line":52},"3":{"loc":{"start":{"line":55,"column":2},"end":{"line":57,"column":3}},"type":"if","locations":[{"start":{"line":55,"column":2},"end":{"line":57,"column":3}},{"start":{},"end":{}}],"line":55},"4":{"loc":{"start":{"line":79,"column":2},"end":{"line":81,"column":3}},"type":"if","locations":[{"start":{"line":79,"column":2},"end":{"line":81,"column":3}},{"start":{},"end":{}}],"line":79},"5":{"loc":{"start":{"line":87,"column":2},"end":{"line":89,"column":3}},"type":"if","locations":[{"start":{"line":87,"column":2},"end":{"line":89,"column":3}},{"start":{},"end":{}}],"line":87},"6":{"loc":{"start":{"line":87,"column":6},"end":{"line":87,"column":48}},"type":"binary-expr","locations":[{"start":{"line":87,"column":6},"end":{"line":87,"column":25}},{"start":{"line":87,"column":29},"end":{"line":87,"column":48}}],"line":87},"7":{"loc":{"start":{"line":92,"column":2},"end":{"line":94,"column":3}},"type":"if","locations":[{"start":{"line":92,"column":2},"end":{"line":94,"column":3}},{"start":{},"end":{}}],"line":92},"8":{"loc":{"start":{"line":92,"column":6},"end":{"line":92,"column":79}},"type":"binary-expr","locations":[{"start":{"line":92,"column":6},"end":{"line":92,"column":27}},{"start":{"line":92,"column":31},"end":{"line":92,"column":79}}],"line":92},"9":{"loc":{"start":{"line":97,"column":9},"end":{"line":97,"column":61}},"type":"cond-expr","locations":[{"start":{"line":97,"column":47},"end":{"line":97,"column":50}},{"start":{"line":97,"column":53},"end":{"line":97,"column":61}}],"line":97},"10":{"loc":{"start":{"line":97,"column":9},"end":{"line":97,"column":44}},"type":"binary-expr","locations":[{"start":{"line":97,"column":9},"end":{"line":97,"column":25}},{"start":{"line":97,"column":29},"end":{"line":97,"column":44}}],"line":97},"11":{"loc":{"start":{"line":102,"column":2},"end":{"line":104,"column":3}},"type":"if","locations":[{"start":{"line":102,"column":2},"end":{"line":104,"column":3}},{"start":{},"end":{}}],"line":102},"12":{"loc":{"start":{"line":106,"column":2},"end":{"line":108,"column":3}},"type":"if","locations":[{"start":{"line":106,"column":2},"end":{"line":108,"column":3}},{"start":{},"end":{}}],"line":106},"13":{"loc":{"start":{"line":110,"column":2},"end":{"line":112,"column":3}},"type":"if","locations":[{"start":{"line":110,"column":2},"end":{"line":112,"column":3}},{"start":{},"end":{}}],"line":110},"14":{"loc":{"start":{"line":119,"column":2},"end":{"line":121,"column":3}},"type":"if","locations":[{"start":{"line":119,"column":2},"end":{"line":121,"column":3}},{"start":{},"end":{}}],"line":119},"15":{"loc":{"start":{"line":122,"column":2},"end":{"line":125,"column":3}},"type":"if","locations":[{"start":{"line":122,"column":2},"end":{"line":125,"column":3}},{"start":{},"end":{}}],"line":122},"16":{"loc":{"start":{"line":130,"column":2},"end":{"line":135,"column":3}},"type":"if","locations":[{"start":{"line":130,"column":2},"end":{"line":135,"column":3}},{"start":{},"end":{}}],"line":130},"17":{"loc":{"start":{"line":130,"column":6},"end":{"line":130,"column":87}},"type":"binary-expr","locations":[{"start":{"line":130,"column":6},"end":{"line":130,"column":37}},{"start":{"line":130,"column":41},"end":{"line":130,"column":87}}],"line":130},"18":{"loc":{"start":{"line":132,"column":4},"end":{"line":134,"column":5}},"type":"if","locations":[{"start":{"line":132,"column":4},"end":{"line":134,"column":5}},{"start":{},"end":{}}],"line":132},"19":{"loc":{"start":{"line":145,"column":2},"end":{"line":147,"column":3}},"type":"if","locations":[{"start":{"line":145,"column":2},"end":{"line":147,"column":3}},{"start":{},"end":{}}],"line":145},"20":{"loc":{"start":{"line":150,"column":2},"end":{"line":152,"column":3}},"type":"if","locations":[{"start":{"line":150,"column":2},"end":{"line":152,"column":3}},{"start":{},"end":{}}],"line":150},"21":{"loc":{"start":{"line":154,"column":2},"end":{"line":167,"column":3}},"type":"if","locations":[{"start":{"line":154,"column":2},"end":{"line":167,"column":3}},{"start":{},"end":{}}],"line":154},"22":{"loc":{"start":{"line":156,"column":4},"end":{"line":162,"column":5}},"type":"if","locations":[{"start":{"line":156,"column":4},"end":{"line":162,"column":5}},{"start":{},"end":{}}],"line":156},"23":{"loc":{"start":{"line":160,"column":8},"end":{"line":160,"column":51}},"type":"cond-expr","locations":[{"start":{"line":160,"column":35},"end":{"line":160,"column":44}},{"start":{"line":160,"column":47},"end":{"line":160,"column":51}}],"line":160},"24":{"loc":{"start":{"line":165,"column":6},"end":{"line":165,"column":58}},"type":"cond-expr","locations":[{"start":{"line":165,"column":39},"end":{"line":165,"column":51}},{"start":{"line":165,"column":54},"end":{"line":165,"column":58}}],"line":165},"25":{"loc":{"start":{"line":169,"column":2},"end":{"line":172,"column":3}},"type":"if","locations":[{"start":{"line":169,"column":2},"end":{"line":172,"column":3}},{"start":{},"end":{}}],"line":169},"26":{"loc":{"start":{"line":171,"column":42},"end":{"line":171,"column":83}},"type":"cond-expr","locations":[{"start":{"line":171,"column":68},"end":{"line":171,"column":76}},{"start":{"line":171,"column":79},"end":{"line":171,"column":83}}],"line":171},"27":{"loc":{"start":{"line":178,"column":2},"end":{"line":181,"column":3}},"type":"if","locations":[{"start":{"line":178,"column":2},"end":{"line":181,"column":3}},{"start":{},"end":{}}],"line":178},"28":{"loc":{"start":{"line":183,"column":2},"end":{"line":186,"column":3}},"type":"if","locations":[{"start":{"line":183,"column":2},"end":{"line":186,"column":3}},{"start":{},"end":{}}],"line":183},"29":{"loc":{"start":{"line":189,"column":2},"end":{"line":195,"column":3}},"type":"if","locations":[{"start":{"line":189,"column":2},"end":{"line":195,"column":3}},{"start":{},"end":{}}],"line":189},"30":{"loc":{"start":{"line":204,"column":2},"end":{"line":206,"column":3}},"type":"if","locations":[{"start":{"line":204,"column":2},"end":{"line":206,"column":3}},{"start":{},"end":{}}],"line":204},"31":{"loc":{"start":{"line":211,"column":23},"end":{"line":213,"column":42}},"type":"cond-expr","locations":[{"start":{"line":212,"column":10},"end":{"line":212,"column":67}},{"start":{"line":213,"column":10},"end":{"line":213,"column":42}}],"line":211},"32":{"loc":{"start":{"line":245,"column":4},"end":{"line":247,"column":5}},"type":"if","locations":[{"start":{"line":245,"column":4},"end":{"line":247,"column":5}},{"start":{},"end":{}}],"line":245},"33":{"loc":{"start":{"line":255,"column":4},"end":{"line":257,"column":5}},"type":"if","locations":[{"start":{"line":255,"column":4},"end":{"line":257,"column":5}},{"start":{},"end":{}}],"line":255},"34":{"loc":{"start":{"line":255,"column":8},"end":{"line":255,"column":40}},"type":"binary-expr","locations":[{"start":{"line":255,"column":8},"end":{"line":255,"column":21}},{"start":{"line":255,"column":25},"end":{"line":255,"column":40}}],"line":255},"35":{"loc":{"start":{"line":258,"column":4},"end":{"line":260,"column":5}},"type":"if","locations":[{"start":{"line":258,"column":4},"end":{"line":260,"column":5}},{"start":{},"end":{}}],"line":258},"36":{"loc":{"start":{"line":267,"column":10},"end":{"line":269,"column":11}},"type":"if","locations":[{"start":{"line":267,"column":10},"end":{"line":269,"column":11}},{"start":{},"end":{}}],"line":267},"37":{"loc":{"start":{"line":267,"column":14},"end":{"line":267,"column":60}},"type":"binary-expr","locations":[{"start":{"line":267,"column":14},"end":{"line":267,"column":23}},{"start":{"line":267,"column":27},"end":{"line":267,"column":60}}],"line":267},"38":{"loc":{"start":{"line":270,"column":10},"end":{"line":272,"column":11}},"type":"if","locations":[{"start":{"line":270,"column":10},"end":{"line":272,"column":11}},{"start":{},"end":{}}],"line":270},"39":{"loc":{"start":{"line":270,"column":14},"end":{"line":270,"column":62}},"type":"binary-expr","locations":[{"start":{"line":270,"column":14},"end":{"line":270,"column":36}},{"start":{"line":270,"column":40},"end":{"line":270,"column":62}}],"line":270},"40":{"loc":{"start":{"line":284,"column":4},"end":{"line":287,"column":5}},"type":"if","locations":[{"start":{"line":284,"column":4},"end":{"line":287,"column":5}},{"start":{},"end":{}}],"line":284},"41":{"loc":{"start":{"line":288,"column":4},"end":{"line":291,"column":5}},"type":"if","locations":[{"start":{"line":288,"column":4},"end":{"line":291,"column":5}},{"start":{},"end":{}}],"line":288},"42":{"loc":{"start":{"line":299,"column":13},"end":{"line":299,"column":45}},"type":"binary-expr","locations":[{"start":{"line":299,"column":13},"end":{"line":299,"column":27}},{"start":{"line":299,"column":31},"end":{"line":299,"column":45}}],"line":299},"43":{"loc":{"start":{"line":307,"column":2},"end":{"line":311,"column":3}},"type":"if","locations":[{"start":{"line":307,"column":2},"end":{"line":311,"column":3}},{"start":{},"end":{}}],"line":307},"44":{"loc":{"start":{"line":313,"column":2},"end":{"line":320,"column":3}},"type":"if","locations":[{"start":{"line":313,"column":2},"end":{"line":320,"column":3}},{"start":{},"end":{}}],"line":313},"45":{"loc":{"start":{"line":323,"column":4},"end":{"line":325,"column":5}},"type":"if","locations":[{"start":{"line":323,"column":4},"end":{"line":325,"column":5}},{"start":{},"end":{}}],"line":323},"46":{"loc":{"start":{"line":323,"column":8},"end":{"line":323,"column":76}},"type":"binary-expr","locations":[{"start":{"line":323,"column":8},"end":{"line":323,"column":45}},{"start":{"line":323,"column":49},"end":{"line":323,"column":76}}],"line":323},"47":{"loc":{"start":{"line":328,"column":4},"end":{"line":330,"column":5}},"type":"if","locations":[{"start":{"line":328,"column":4},"end":{"line":330,"column":5}},{"start":{},"end":{}}],"line":328},"48":{"loc":{"start":{"line":328,"column":8},"end":{"line":328,"column":86}},"type":"binary-expr","locations":[{"start":{"line":328,"column":8},"end":{"line":328,"column":21}},{"start":{"line":328,"column":25},"end":{"line":328,"column":50}},{"start":{"line":328,"column":54},"end":{"line":328,"column":86}}],"line":328},"49":{"loc":{"start":{"line":333,"column":18},"end":{"line":333,"column":66}},"type":"cond-expr","locations":[{"start":{"line":333,"column":36},"end":{"line":333,"column":61}},{"start":{"line":333,"column":64},"end":{"line":333,"column":66}}],"line":333},"50":{"loc":{"start":{"line":339,"column":4},"end":{"line":341,"column":5}},"type":"if","locations":[{"start":{"line":339,"column":4},"end":{"line":341,"column":5}},{"start":{},"end":{}}],"line":339},"51":{"loc":{"start":{"line":339,"column":8},"end":{"line":339,"column":76}},"type":"binary-expr","locations":[{"start":{"line":339,"column":8},"end":{"line":339,"column":45}},{"start":{"line":339,"column":49},"end":{"line":339,"column":76}}],"line":339},"52":{"loc":{"start":{"line":343,"column":4},"end":{"line":352,"column":5}},"type":"if","locations":[{"start":{"line":343,"column":4},"end":{"line":352,"column":5}},{"start":{},"end":{}}],"line":343},"53":{"loc":{"start":{"line":344,"column":6},"end":{"line":347,"column":25}},"type":"binary-expr","locations":[{"start":{"line":344,"column":6},"end":{"line":344,"column":22}},{"start":{"line":345,"column":6},"end":{"line":345,"column":34}},{"start":{"line":346,"column":6},"end":{"line":346,"column":29}},{"start":{"line":347,"column":6},"end":{"line":347,"column":25}}],"line":344},"54":{"loc":{"start":{"line":350,"column":26},"end":{"line":350,"column":82}},"type":"cond-expr","locations":[{"start":{"line":350,"column":44},"end":{"line":350,"column":77}},{"start":{"line":350,"column":80},"end":{"line":350,"column":82}}],"line":350},"55":{"loc":{"start":{"line":355,"column":4},"end":{"line":357,"column":5}},"type":"if","locations":[{"start":{"line":355,"column":4},"end":{"line":357,"column":5}},{"start":{},"end":{}}],"line":355},"56":{"loc":{"start":{"line":372,"column":4},"end":{"line":374,"column":5}},"type":"if","locations":[{"start":{"line":372,"column":4},"end":{"line":374,"column":5}},{"start":{},"end":{}}],"line":372},"57":{"loc":{"start":{"line":372,"column":8},"end":{"line":372,"column":91}},"type":"binary-expr","locations":[{"start":{"line":372,"column":8},"end":{"line":372,"column":36}},{"start":{"line":372,"column":40},"end":{"line":372,"column":68}},{"start":{"line":372,"column":72},"end":{"line":372,"column":91}}],"line":372}},"s":{"0":1,"1":1,"2":1,"3":1,"4":1,"5":1,"6":1,"7":1,"8":1,"9":1,"10":1,"11":0,"12":0,"13":0,"14":0,"15":0,"16":0,"17":0,"18":0,"19":0,"20":2,"21":3,"22":3,"23":3,"24":0,"25":3,"26":3,"27":3,"28":0,"29":3,"30":3,"31":1,"32":2,"33":2,"34":1,"35":1,"36":1,"37":1,"38":1,"39":0,"40":1,"41":1,"42":0,"43":0,"44":0,"45":3,"46":3,"47":2,"48":1,"49":0,"50":0,"51":1,"52":2,"53":0,"54":0,"55":0,"56":2,"57":2,"58":3,"59":3,"60":1,"61":2,"62":2,"63":0,"64":2,"65":2,"66":2,"67":1,"68":1,"69":1,"70":0,"71":0,"72":0,"73":0,"74":3,"75":3,"76":3,"77":0,"78":0,"79":0,"80":0,"81":0,"82":0,"83":0,"84":0,"85":1,"86":1,"87":1,"88":0,"89":1,"90":1,"91":1,"92":0,"93":1,"94":1,"95":1,"96":0,"97":0,"98":0,"99":0,"100":0,"101":0,"102":0,"103":0,"104":0,"105":0,"106":0,"107":0,"108":0,"109":0,"110":0,"111":0,"112":0,"113":0,"114":0,"115":0,"116":0,"117":0,"118":0,"119":0,"120":0,"121":0,"122":0,"123":0,"124":0,"125":0,"126":0,"127":0,"128":0,"129":0,"130":0,"131":0,"132":0,"133":1,"134":1,"135":0,"136":0,"137":1,"138":1,"139":1,"140":1,"141":1,"142":1,"143":1,"144":3,"145":0,"146":3,"147":3,"148":2,"149":1,"150":1,"151":1,"152":1,"153":1,"154":3,"155":0,"156":3,"157":0,"158":0,"159":0,"160":3,"161":3,"162":2,"163":1,"164":1,"165":2,"166":2,"167":1,"168":0,"169":0,"170":0,"171":1,"172":1,"173":1},"f":{"0":0,"1":0,"2":2,"3":3,"4":3,"5":1,"6":3,"7":2,"8":3,"9":3,"10":1,"11":1,"12":0,"13":1,"14":0,"15":0,"16":0,"17":0,"18":0,"19":0,"20":0,"21":0,"22":1,"23":1,"24":3,"25":3,"26":2,"27":0,"28":1},"b":{"0":[0,1],"1":[0,0],"2":[0,0],"3":[0,0],"4":[0,3],"5":[1,2],"6":[3,3],"7":[1,1],"8":[2,2],"9":[0,1],"10":[1,1],"11":[0,1],"12":[1,0],"13":[0,0],"14":[2,1],"15":[0,1],"16":[0,2],"17":[2,2],"18":[0,0],"19":[1,2],"20":[0,2],"21":[2,0],"22":[1,1],"23":[1,0],"24":[0,1],"25":[0,0],"26":[0,0],"27":[3,0],"28":[0,0],"29":[0,0],"30":[0,1],"31":[1,0],"32":[0,0],"33":[0,0],"34":[0,0],"35":[0,0],"36":[0,0],"37":[0,0],"38":[0,0],"39":[0,0],"40":[0,0],"41":[0,0],"42":[1,1],"43":[0,1],"44":[1,0],"45":[0,3],"46":[3,3],"47":[2,1],"48":[3,1,1],"49":[0,1],"50":[0,3],"51":[3,3],"52":[0,3],"53":[3,2,0,0],"54":[0,0],"55":[2,1],"56":[0,0],"57":[0,0,0]},"_coverageSchema":"1a1c01bbd47fc00a2c39e90264f33305004495a9","hash":"52834da69b7daecc0a5dd636fbc8ee3663d7d918"}
,"D:\\_Projects\\Easyplay\\services\\auth-system\\src\\middleware\\accessLogger.js": {"path":"D:\\_Projects\\Easyplay\\services\\auth-system\\src\\middleware\\accessLogger.js","statementMap":{"0":{"start":{"line":2,"column":20},"end":{"line":2,"column":43}},"1":{"start":{"line":4,"column":2},"end":{"line":15,"column":5}},"2":{"start":{"line":5,"column":22},"end":{"line":5,"column":71}},"3":{"start":{"line":6,"column":20},"end":{"line":12,"column":15}},"4":{"start":{"line":14,"column":4},"end":{"line":14,"column":25}},"5":{"start":{"line":17,"column":2},"end":{"line":17,"column":9}},"6":{"start":{"line":20,"column":0},"end":{"line":22,"column":2}}},"fnMap":{"0":{"name":"accessLogger","decl":{"start":{"line":1,"column":9},"end":{"line":1,"column":21}},"loc":{"start":{"line":1,"column":38},"end":{"line":18,"column":1}},"line":1},"1":{"name":"(anonymous_1)","decl":{"start":{"line":4,"column":19},"end":{"line":4,"column":20}},"loc":{"start":{"line":4,"column":25},"end":{"line":15,"column":3}},"line":4}},"branchMap":{},"s":{"0":6,"1":6,"2":6,"3":6,"4":6,"5":6,"6":1},"f":{"0":6,"1":6},"b":{},"_coverageSchema":"1a1c01bbd47fc00a2c39e90264f33305004495a9","hash":"76717fc58f4d9b02d136c1dcbbd15ad96dd0e4e1"}
,"D:\\_Projects\\Easyplay\\services\\auth-system\\src\\middleware\\auth.js": {"path":"D:\\_Projects\\Easyplay\\services\\auth-system\\src\\middleware\\auth.js","statementMap":{"0":{"start":{"line":1,"column":21},"end":{"line":1,"column":41}},"1":{"start":{"line":2,"column":30},"end":{"line":2,"column":64}},"2":{"start":{"line":5,"column":21},"end":{"line":5,"column":46}},"3":{"start":{"line":6,"column":2},"end":{"line":8,"column":3}},"4":{"start":{"line":7,"column":4},"end":{"line":7,"column":46}},"5":{"start":{"line":9,"column":2},"end":{"line":11,"column":3}},"6":{"start":{"line":10,"column":4},"end":{"line":10,"column":29}},"7":{"start":{"line":12,"column":2},"end":{"line":12,"column":14}},"8":{"start":{"line":16,"column":2},"end":{"line":26,"column":3}},"9":{"start":{"line":17,"column":18},"end":{"line":17,"column":35}},"10":{"start":{"line":18,"column":4},"end":{"line":20,"column":5}},"11":{"start":{"line":19,"column":6},"end":{"line":19,"column":44}},"12":{"start":{"line":21,"column":20},"end":{"line":21,"column":44}},"13":{"start":{"line":22,"column":4},"end":{"line":22,"column":23}},"14":{"start":{"line":23,"column":4},"end":{"line":23,"column":11}},"15":{"start":{"line":25,"column":4},"end":{"line":25,"column":42}},"16":{"start":{"line":29,"column":0},"end":{"line":31,"column":2}}},"fnMap":{"0":{"name":"extractToken","decl":{"start":{"line":4,"column":9},"end":{"line":4,"column":21}},"loc":{"start":{"line":4,"column":27},"end":{"line":13,"column":1}},"line":4},"1":{"name":"requireAuth","decl":{"start":{"line":15,"column":9},"end":{"line":15,"column":20}},"loc":{"start":{"line":15,"column":37},"end":{"line":27,"column":1}},"line":15}},"branchMap":{"0":{"loc":{"start":{"line":6,"column":2},"end":{"line":8,"column":3}},"type":"if","locations":[{"start":{"line":6,"column":2},"end":{"line":8,"column":3}},{"start":{},"end":{}}],"line":6},"1":{"loc":{"start":{"line":6,"column":6},"end":{"line":6,"column":52}},"type":"binary-expr","locations":[{"start":{"line":6,"column":6},"end":{"line":6,"column":16}},{"start":{"line":6,"column":20},"end":{"line":6,"column":52}}],"line":6},"2":{"loc":{"start":{"line":9,"column":2},"end":{"line":11,"column":3}},"type":"if","locations":[{"start":{"line":9,"column":2},"end":{"line":11,"column":3}},{"start":{},"end":{}}],"line":9},"3":{"loc":{"start":{"line":9,"column":6},"end":{"line":9,"column":38}},"type":"binary-expr","locations":[{"start":{"line":9,"column":6},"end":{"line":9,"column":17}},{"start":{"line":9,"column":21},"end":{"line":9,"column":38}}],"line":9},"4":{"loc":{"start":{"line":18,"column":4},"end":{"line":20,"column":5}},"type":"if","locations":[{"start":{"line":18,"column":4},"end":{"line":20,"column":5}},{"start":{},"end":{}}],"line":18}},"s":{"0":1,"1":1,"2":0,"3":0,"4":0,"5":0,"6":0,"7":0,"8":0,"9":0,"10":0,"11":0,"12":0,"13":0,"14":0,"15":0,"16":1},"f":{"0":0,"1":0},"b":{"0":[0,0],"1":[0,0],"2":[0,0],"3":[0,0],"4":[0,0]},"_coverageSchema":"1a1c01bbd47fc00a2c39e90264f33305004495a9","hash":"2bdebcb1df38e5da9397985924d62cb1aa83e356"}
,"D:\\_Projects\\Easyplay\\services\\auth-system\\src\\middleware\\cors.js": {"path":"D:\\_Projects\\Easyplay\\services\\auth-system\\src\\middleware\\cors.js","statementMap":{"0":{"start":{"line":1,"column":70},"end":{"line":1,"column":90}},"1":{"start":{"line":4,"column":2},"end":{"line":6,"column":3}},"2":{"start":{"line":5,"column":4},"end":{"line":5,"column":16}},"3":{"start":{"line":7,"column":20},"end":{"line":9,"column":20}},"4":{"start":{"line":8,"column":19},"end":{"line":8,"column":30}},"5":{"start":{"line":10,"column":2},"end":{"line":10,"column":36}},"6":{"start":{"line":14,"column":24},"end":{"line":14,"column":42}},"7":{"start":{"line":16,"column":2},"end":{"line":25,"column":3}},"8":{"start":{"line":18,"column":6},"end":{"line":22,"column":23}},"9":{"start":{"line":23,"column":4},"end":{"line":23,"column":63}},"10":{"start":{"line":24,"column":4},"end":{"line":24,"column":36}},"11":{"start":{"line":27,"column":2},"end":{"line":27,"column":62}},"12":{"start":{"line":28,"column":2},"end":{"line":28,"column":62}},"13":{"start":{"line":30,"column":2},"end":{"line":32,"column":3}},"14":{"start":{"line":31,"column":4},"end":{"line":31,"column":62}},"15":{"start":{"line":34,"column":2},"end":{"line":36,"column":3}},"16":{"start":{"line":35,"column":4},"end":{"line":35,"column":33}},"17":{"start":{"line":38,"column":2},"end":{"line":38,"column":16}},"18":{"start":{"line":41,"column":0},"end":{"line":43,"column":2}}},"fnMap":{"0":{"name":"isOriginAllowed","decl":{"start":{"line":3,"column":9},"end":{"line":3,"column":24}},"loc":{"start":{"line":3,"column":33},"end":{"line":11,"column":1}},"line":3},"1":{"name":"(anonymous_1)","decl":{"start":{"line":8,"column":9},"end":{"line":8,"column":10}},"loc":{"start":{"line":8,"column":19},"end":{"line":8,"column":30}},"line":8},"2":{"name":"corsMiddleware","decl":{"start":{"line":13,"column":9},"end":{"line":13,"column":23}},"loc":{"start":{"line":13,"column":40},"end":{"line":39,"column":1}},"line":13}},"branchMap":{"0":{"loc":{"start":{"line":4,"column":2},"end":{"line":6,"column":3}},"type":"if","locations":[{"start":{"line":4,"column":2},"end":{"line":6,"column":3}},{"start":{},"end":{}}],"line":4},"1":{"loc":{"start":{"line":4,"column":6},"end":{"line":4,"column":36}},"type":"binary-expr","locations":[{"start":{"line":4,"column":6},"end":{"line":4,"column":13}},{"start":{"line":4,"column":17},"end":{"line":4,"column":36}}],"line":4},"2":{"loc":{"start":{"line":16,"column":2},"end":{"line":25,"column":3}},"type":"if","locations":[{"start":{"line":16,"column":2},"end":{"line":25,"column":3}},{"start":{},"end":{}}],"line":16},"3":{"loc":{"start":{"line":18,"column":6},"end":{"line":22,"column":23}},"type":"cond-expr","locations":[{"start":{"line":19,"column":10},"end":{"line":21,"column":15}},{"start":{"line":22,"column":10},"end":{"line":22,"column":23}}],"line":18},"4":{"loc":{"start":{"line":19,"column":10},"end":{"line":21,"column":15}},"type":"cond-expr","locations":[{"start":{"line":20,"column":12},"end":{"line":20,"column":25}},{"start":{"line":21,"column":12},"end":{"line":21,"column":15}}],"line":19},"5":{"loc":{"start":{"line":19,"column":10},"end":{"line":19,"column":43}},"type":"binary-expr","locations":[{"start":{"line":19,"column":10},"end":{"line":19,"column":26}},{"start":{"line":19,"column":30},"end":{"line":19,"column":43}}],"line":19},"6":{"loc":{"start":{"line":30,"column":2},"end":{"line":32,"column":3}},"type":"if","locations":[{"start":{"line":30,"column":2},"end":{"line":32,"column":3}},{"start":{},"end":{}}],"line":30},"7":{"loc":{"start":{"line":34,"column":2},"end":{"line":36,"column":3}},"type":"if","locations":[{"start":{"line":34,"column":2},"end":{"line":36,"column":3}},{"start":{},"end":{}}],"line":34}},"s":{"0":1,"1":6,"2":6,"3":0,"4":0,"5":0,"6":6,"7":6,"8":6,"9":6,"10":6,"11":6,"12":6,"13":6,"14":0,"15":6,"16":0,"17":6,"18":1},"f":{"0":6,"1":0,"2":6},"b":{"0":[6,0],"1":[6,0],"2":[6,0],"3":[6,0],"4":[0,6],"5":[6,0],"6":[0,6],"7":[0,6]},"_coverageSchema":"1a1c01bbd47fc00a2c39e90264f33305004495a9","hash":"370076e5537d52f5a866298aedfa99ec06e54005"}
,"D:\\_Projects\\Easyplay\\services\\auth-system\\src\\middleware\\errorHandler.js": {"path":"D:\\_Projects\\Easyplay\\services\\auth-system\\src\\middleware\\errorHandler.js","statementMap":{"0":{"start":{"line":2,"column":21},"end":{"line":2,"column":42}},"1":{"start":{"line":3,"column":18},"end":{"line":3,"column":42}},"2":{"start":{"line":5,"column":2},"end":{"line":8,"column":3}},"3":{"start":{"line":7,"column":4},"end":{"line":7,"column":23}},"4":{"start":{"line":10,"column":2},"end":{"line":12,"column":5}},"5":{"start":{"line":15,"column":0},"end":{"line":17,"column":2}}},"fnMap":{"0":{"name":"errorHandler","decl":{"start":{"line":1,"column":9},"end":{"line":1,"column":21}},"loc":{"start":{"line":1,"column":43},"end":{"line":13,"column":1}},"line":1}},"branchMap":{"0":{"loc":{"start":{"line":2,"column":21},"end":{"line":2,"column":42}},"type":"binary-expr","locations":[{"start":{"line":2,"column":21},"end":{"line":2,"column":35}},{"start":{"line":2,"column":39},"end":{"line":2,"column":42}}],"line":2},"1":{"loc":{"start":{"line":3,"column":18},"end":{"line":3,"column":42}},"type":"binary-expr","locations":[{"start":{"line":3,"column":18},"end":{"line":3,"column":29}},{"start":{"line":3,"column":33},"end":{"line":3,"column":42}}],"line":3},"2":{"loc":{"start":{"line":5,"column":2},"end":{"line":8,"column":3}},"type":"if","locations":[{"start":{"line":5,"column":2},"end":{"line":8,"column":3}},{"start":{},"end":{}}],"line":5}},"s":{"0":1,"1":1,"2":1,"3":0,"4":1,"5":1},"f":{"0":1},"b":{"0":[1,0],"1":[1,0],"2":[0,1]},"_coverageSchema":"1a1c01bbd47fc00a2c39e90264f33305004495a9","hash":"44d8fe814fc9c107ad9f818a58d5d130b62aaf43"}
,"D:\\_Projects\\Easyplay\\services\\auth-system\\src\\middleware\\rateLimit.js": {"path":"D:\\_Projects\\Easyplay\\services\\auth-system\\src\\middleware\\rateLimit.js","statementMap":{"0":{"start":{"line":3,"column":16},"end":{"line":3,"column":25}},"1":{"start":{"line":6,"column":13},"end":{"line":6,"column":60}},"2":{"start":{"line":7,"column":15},"end":{"line":7,"column":55}},"3":{"start":{"line":8,"column":2},"end":{"line":8,"column":25}},"4":{"start":{"line":17,"column":26},"end":{"line":17,"column":59}},"5":{"start":{"line":18,"column":22},"end":{"line":18,"column":48}},"6":{"start":{"line":19,"column":22},"end":{"line":19,"column":50}},"7":{"start":{"line":22,"column":4},"end":{"line":26,"column":5}},"8":{"start":{"line":23,"column":6},"end":{"line":25,"column":7}},"9":{"start":{"line":24,"column":8},"end":{"line":24,"column":28}},"10":{"start":{"line":27,"column":4},"end":{"line":29,"column":5}},"11":{"start":{"line":28,"column":6},"end":{"line":28,"column":13}},"12":{"start":{"line":30,"column":21},"end":{"line":30,"column":47}},"13":{"start":{"line":31,"column":18},"end":{"line":31,"column":19}},"14":{"start":{"line":32,"column":4},"end":{"line":38,"column":5}},"15":{"start":{"line":33,"column":6},"end":{"line":33,"column":26}},"16":{"start":{"line":34,"column":6},"end":{"line":34,"column":19}},"17":{"start":{"line":35,"column":6},"end":{"line":37,"column":7}},"18":{"start":{"line":36,"column":8},"end":{"line":36,"column":14}},"19":{"start":{"line":41,"column":2},"end":{"line":63,"column":4}},"20":{"start":{"line":42,"column":16},"end":{"line":42,"column":26}},"21":{"start":{"line":43,"column":4},"end":{"line":46,"column":5}},"22":{"start":{"line":44,"column":6},"end":{"line":44,"column":19}},"23":{"start":{"line":45,"column":6},"end":{"line":45,"column":44}},"24":{"start":{"line":47,"column":16},"end":{"line":47,"column":33}},"25":{"start":{"line":48,"column":19},"end":{"line":48,"column":76}},"26":{"start":{"line":49,"column":4},"end":{"line":52,"column":5}},"27":{"start":{"line":50,"column":6},"end":{"line":50,"column":23}},"28":{"start":{"line":51,"column":6},"end":{"line":51,"column":38}},"29":{"start":{"line":53,"column":4},"end":{"line":53,"column":22}},"30":{"start":{"line":54,"column":4},"end":{"line":54,"column":29}},"31":{"start":{"line":56,"column":4},"end":{"line":60,"column":5}},"32":{"start":{"line":57,"column":6},"end":{"line":57,"column":77}},"33":{"start":{"line":58,"column":6},"end":{"line":58,"column":54}},"34":{"start":{"line":59,"column":6},"end":{"line":59,"column":13}},"35":{"start":{"line":62,"column":4},"end":{"line":62,"column":11}},"36":{"start":{"line":66,"column":0},"end":{"line":68,"column":2}}},"fnMap":{"0":{"name":"getClientKey","decl":{"start":{"line":5,"column":9},"end":{"line":5,"column":21}},"loc":{"start":{"line":5,"column":27},"end":{"line":9,"column":1}},"line":5},"1":{"name":"createRateLimiter","decl":{"start":{"line":11,"column":9},"end":{"line":11,"column":26}},"loc":{"start":{"line":16,"column":3},"end":{"line":64,"column":1}},"line":16},"2":{"name":"cleanup","decl":{"start":{"line":21,"column":11},"end":{"line":21,"column":18}},"loc":{"start":{"line":21,"column":24},"end":{"line":39,"column":3}},"line":21},"3":{"name":"rateLimiter","decl":{"start":{"line":41,"column":18},"end":{"line":41,"column":29}},"loc":{"start":{"line":41,"column":46},"end":{"line":63,"column":3}},"line":41}},"branchMap":{"0":{"loc":{"start":{"line":6,"column":13},"end":{"line":6,"column":60}},"type":"binary-expr","locations":[{"start":{"line":6,"column":13},"end":{"line":6,"column":19}},{"start":{"line":6,"column":23},"end":{"line":6,"column":47}},{"start":{"line":6,"column":51},"end":{"line":6,"column":60}}],"line":6},"1":{"loc":{"start":{"line":7,"column":15},"end":{"line":7,"column":55}},"type":"cond-expr","locations":[{"start":{"line":7,"column":26},"end":{"line":7,"column":45}},{"start":{"line":7,"column":48},"end":{"line":7,"column":55}}],"line":7},"2":{"loc":{"start":{"line":14,"column":2},"end":{"line":14,"column":47}},"type":"default-arg","locations":[{"start":{"line":14,"column":22},"end":{"line":14,"column":47}}],"line":14},"3":{"loc":{"start":{"line":15,"column":2},"end":{"line":15,"column":20}},"type":"default-arg","locations":[{"start":{"line":15,"column":15},"end":{"line":15,"column":20}}],"line":15},"4":{"loc":{"start":{"line":23,"column":6},"end":{"line":25,"column":7}},"type":"if","locations":[{"start":{"line":23,"column":6},"end":{"line":25,"column":7}},{"start":{},"end":{}}],"line":23},"5":{"loc":{"start":{"line":27,"column":4},"end":{"line":29,"column":5}},"type":"if","locations":[{"start":{"line":27,"column":4},"end":{"line":29,"column":5}},{"start":{},"end":{}}],"line":27},"6":{"loc":{"start":{"line":35,"column":6},"end":{"line":37,"column":7}},"type":"if","locations":[{"start":{"line":35,"column":6},"end":{"line":37,"column":7}},{"start":{},"end":{}}],"line":35},"7":{"loc":{"start":{"line":43,"column":4},"end":{"line":46,"column":5}},"type":"if","locations":[{"start":{"line":43,"column":4},"end":{"line":46,"column":5}},{"start":{},"end":{}}],"line":43},"8":{"loc":{"start":{"line":48,"column":19},"end":{"line":48,"column":76}},"type":"binary-expr","locations":[{"start":{"line":48,"column":19},"end":{"line":48,"column":35}},{"start":{"line":48,"column":39},"end":{"line":48,"column":76}}],"line":48},"9":{"loc":{"start":{"line":49,"column":4},"end":{"line":52,"column":5}},"type":"if","locations":[{"start":{"line":49,"column":4},"end":{"line":52,"column":5}},{"start":{},"end":{}}],"line":49},"10":{"loc":{"start":{"line":56,"column":4},"end":{"line":60,"column":5}},"type":"if","locations":[{"start":{"line":56,"column":4},"end":{"line":60,"column":5}},{"start":{},"end":{}}],"line":56}},"s":{"0":1,"1":1,"2":1,"3":1,"4":1,"5":1,"6":1,"7":0,"8":0,"9":0,"10":0,"11":0,"12":0,"13":0,"14":0,"15":0,"16":0,"17":0,"18":0,"19":1,"20":1,"21":1,"22":0,"23":0,"24":1,"25":1,"26":1,"27":0,"28":0,"29":1,"30":1,"31":1,"32":0,"33":0,"34":0,"35":1,"36":1},"f":{"0":1,"1":1,"2":0,"3":1},"b":{"0":[1,0,0],"1":[0,1],"2":[0],"3":[0],"4":[0,0],"5":[0,0],"6":[0,0],"7":[0,1],"8":[1,1],"9":[0,1],"10":[0,1]},"_coverageSchema":"1a1c01bbd47fc00a2c39e90264f33305004495a9","hash":"ff7cee395239c9dd4f2c5afdb1e5d84ca98eb8c6"}
,"D:\\_Projects\\Easyplay\\services\\auth-system\\src\\models\\gameModel.js": {"path":"D:\\_Projects\\Easyplay\\services\\auth-system\\src\\models\\gameModel.js","statementMap":{"0":{"start":{"line":3,"column":26},"end":{"line":3,"column":42}},"1":{"start":{"line":16,"column":19},"end":{"line":16,"column":84}},"2":{"start":{"line":17,"column":2},"end":{"line":35,"column":3}},"3":{"start":{"line":18,"column":4},"end":{"line":33,"column":6}},"4":{"start":{"line":34,"column":4},"end":{"line":34,"column":35}},"5":{"start":{"line":37,"column":2},"end":{"line":52,"column":4}},"6":{"start":{"line":53,"column":2},"end":{"line":53,"column":33}},"7":{"start":{"line":57,"column":14},"end":{"line":62,"column":3}},"8":{"start":{"line":63,"column":2},"end":{"line":65,"column":3}},"9":{"start":{"line":64,"column":4},"end":{"line":64,"column":16}},"10":{"start":{"line":66,"column":2},"end":{"line":69,"column":4}},"11":{"start":{"line":73,"column":15},"end":{"line":78,"column":3}},"12":{"start":{"line":79,"column":2},"end":{"line":82,"column":6}},"13":{"start":{"line":79,"column":28},"end":{"line":82,"column":3}},"14":{"start":{"line":96,"column":14},"end":{"line":96,"column":38}},"15":{"start":{"line":97,"column":2},"end":{"line":114,"column":4}},"16":{"start":{"line":118,"column":2},"end":{"line":125,"column":4}},"17":{"start":{"line":129,"column":14},"end":{"line":129,"column":38}},"18":{"start":{"line":130,"column":2},"end":{"line":134,"column":4}},"19":{"start":{"line":135,"column":2},"end":{"line":135,"column":30}},"20":{"start":{"line":139,"column":2},"end":{"line":144,"column":4}},"21":{"start":{"line":148,"column":14},"end":{"line":148,"column":38}},"22":{"start":{"line":149,"column":2},"end":{"line":160,"column":3}},"23":{"start":{"line":150,"column":4},"end":{"line":150,"column":40}},"24":{"start":{"line":151,"column":4},"end":{"line":151,"column":39}},"25":{"start":{"line":152,"column":4},"end":{"line":155,"column":6}},"26":{"start":{"line":156,"column":4},"end":{"line":159,"column":6}},"27":{"start":{"line":162,"column":2},"end":{"line":170,"column":3}},"28":{"start":{"line":163,"column":4},"end":{"line":169,"column":5}},"29":{"start":{"line":164,"column":6},"end":{"line":164,"column":36}},"30":{"start":{"line":165,"column":6},"end":{"line":168,"column":8}},"31":{"start":{"line":174,"column":14},"end":{"line":174,"column":38}},"32":{"start":{"line":175,"column":2},"end":{"line":180,"column":4}},"33":{"start":{"line":183,"column":0},"end":{"line":193,"column":2}}},"fnMap":{"0":{"name":"createOrUpdateRoom","decl":{"start":{"line":5,"column":15},"end":{"line":5,"column":33}},"loc":{"start":{"line":15,"column":3},"end":{"line":54,"column":1}},"line":15},"1":{"name":"getRoomByCode","decl":{"start":{"line":56,"column":15},"end":{"line":56,"column":28}},"loc":{"start":{"line":56,"column":39},"end":{"line":70,"column":1}},"line":56},"2":{"name":"listActiveRooms","decl":{"start":{"line":72,"column":15},"end":{"line":72,"column":30}},"loc":{"start":{"line":72,"column":33},"end":{"line":83,"column":1}},"line":72},"3":{"name":"(anonymous_3)","decl":{"start":{"line":79,"column":18},"end":{"line":79,"column":19}},"loc":{"start":{"line":79,"column":28},"end":{"line":82,"column":3}},"line":79},"4":{"name":"createGameRecord","decl":{"start":{"line":85,"column":15},"end":{"line":85,"column":31}},"loc":{"start":{"line":95,"column":3},"end":{"line":115,"column":1}},"line":95},"5":{"name":"getUserGameHistory","decl":{"start":{"line":117,"column":15},"end":{"line":117,"column":33}},"loc":{"start":{"line":117,"column":54},"end":{"line":126,"column":1}},"line":117},"6":{"name":"ensureUserStats","decl":{"start":{"line":128,"column":15},"end":{"line":128,"column":30}},"loc":{"start":{"line":128,"column":39},"end":{"line":136,"column":1}},"line":128},"7":{"name":"getUserStats","decl":{"start":{"line":138,"column":15},"end":{"line":138,"column":27}},"loc":{"start":{"line":138,"column":36},"end":{"line":145,"column":1}},"line":138},"8":{"name":"updateStatsForResult","decl":{"start":{"line":147,"column":15},"end":{"line":147,"column":35}},"loc":{"start":{"line":147,"column":85},"end":{"line":171,"column":1}},"line":147},"9":{"name":"updatePresence","decl":{"start":{"line":173,"column":15},"end":{"line":173,"column":29}},"loc":{"start":{"line":173,"column":59},"end":{"line":181,"column":1}},"line":173}},"branchMap":{"0":{"loc":{"start":{"line":14,"column":2},"end":{"line":14,"column":16}},"type":"default-arg","locations":[{"start":{"line":14,"column":12},"end":{"line":14,"column":16}}],"line":14},"1":{"loc":{"start":{"line":17,"column":2},"end":{"line":35,"column":3}},"type":"if","locations":[{"start":{"line":17,"column":2},"end":{"line":35,"column":3}},{"start":{},"end":{}}],"line":17},"2":{"loc":{"start":{"line":63,"column":2},"end":{"line":65,"column":3}},"type":"if","locations":[{"start":{"line":63,"column":2},"end":{"line":65,"column":3}},{"start":{},"end":{}}],"line":63},"3":{"loc":{"start":{"line":117,"column":42},"end":{"line":117,"column":52}},"type":"default-arg","locations":[{"start":{"line":117,"column":50},"end":{"line":117,"column":52}}],"line":117},"4":{"loc":{"start":{"line":147,"column":65},"end":{"line":147,"column":81}},"type":"default-arg","locations":[{"start":{"line":147,"column":79},"end":{"line":147,"column":81}}],"line":147},"5":{"loc":{"start":{"line":149,"column":2},"end":{"line":160,"column":3}},"type":"if","locations":[{"start":{"line":149,"column":2},"end":{"line":160,"column":3}},{"start":{},"end":{}}],"line":149},"6":{"loc":{"start":{"line":149,"column":6},"end":{"line":149,"column":33}},"type":"binary-expr","locations":[{"start":{"line":149,"column":6},"end":{"line":149,"column":18}},{"start":{"line":149,"column":22},"end":{"line":149,"column":33}}],"line":149},"7":{"loc":{"start":{"line":162,"column":2},"end":{"line":170,"column":3}},"type":"if","locations":[{"start":{"line":162,"column":2},"end":{"line":170,"column":3}},{"start":{},"end":{}}],"line":162},"8":{"loc":{"start":{"line":179,"column":13},"end":{"line":179,"column":27}},"type":"cond-expr","locations":[{"start":{"line":179,"column":22},"end":{"line":179,"column":23}},{"start":{"line":179,"column":26},"end":{"line":179,"column":27}}],"line":179}},"s":{"0":1,"1":0,"2":0,"3":0,"4":0,"5":0,"6":0,"7":0,"8":0,"9":0,"10":0,"11":0,"12":0,"13":0,"14":0,"15":0,"16":0,"17":0,"18":0,"19":0,"20":0,"21":0,"22":0,"23":0,"24":0,"25":0,"26":0,"27":0,"28":0,"29":0,"30":0,"31":0,"32":0,"33":1},"f":{"0":0,"1":0,"2":0,"3":0,"4":0,"5":0,"6":0,"7":0,"8":0,"9":0},"b":{"0":[0],"1":[0,0],"2":[0,0],"3":[0],"4":[0],"5":[0,0],"6":[0,0],"7":[0,0],"8":[0,0]},"_coverageSchema":"1a1c01bbd47fc00a2c39e90264f33305004495a9","hash":"ec1647ea615ac04289da60d3fd24db2b03f9c596"}
,"D:\\_Projects\\Easyplay\\services\\auth-system\\src\\models\\userModel.js": {"path":"D:\\_Projects\\Easyplay\\services\\auth-system\\src\\models\\userModel.js","statementMap":{"0":{"start":{"line":1,"column":21},"end":{"line":1,"column":37}},"1":{"start":{"line":4,"column":2},"end":{"line":7,"column":4}},"2":{"start":{"line":11,"column":2},"end":{"line":14,"column":4}},"3":{"start":{"line":18,"column":2},"end":{"line":18,"column":85}},"4":{"start":{"line":22,"column":17},"end":{"line":25,"column":3}},"5":{"start":{"line":26,"column":2},"end":{"line":31,"column":4}},"6":{"start":{"line":34,"column":0},"end":{"line":39,"column":2}}},"fnMap":{"0":{"name":"findByUsername","decl":{"start":{"line":3,"column":15},"end":{"line":3,"column":29}},"loc":{"start":{"line":3,"column":40},"end":{"line":8,"column":1}},"line":3},"1":{"name":"findByEmail","decl":{"start":{"line":10,"column":15},"end":{"line":10,"column":26}},"loc":{"start":{"line":10,"column":34},"end":{"line":15,"column":1}},"line":10},"2":{"name":"findById","decl":{"start":{"line":17,"column":15},"end":{"line":17,"column":23}},"loc":{"start":{"line":17,"column":28},"end":{"line":19,"column":1}},"line":17},"3":{"name":"createUser","decl":{"start":{"line":21,"column":15},"end":{"line":21,"column":25}},"loc":{"start":{"line":21,"column":72},"end":{"line":32,"column":1}},"line":21}},"branchMap":{},"s":{"0":1,"1":0,"2":0,"3":0,"4":0,"5":0,"6":1},"f":{"0":0,"1":0,"2":0,"3":0},"b":{},"_coverageSchema":"1a1c01bbd47fc00a2c39e90264f33305004495a9","hash":"8078f94fa8c0a0debfe301f185b710546a6539cb"}
,"D:\\_Projects\\Easyplay\\services\\auth-system\\src\\modules\\auth\\index.js": {"path":"D:\\_Projects\\Easyplay\\services\\auth-system\\src\\modules\\auth\\index.js","statementMap":{"0":{"start":{"line":1,"column":19},"end":{"line":1,"column":53}},"1":{"start":{"line":4,"column":2},"end":{"line":4,"column":28}},"2":{"start":{"line":7,"column":0},"end":{"line":9,"column":2}}},"fnMap":{"0":{"name":"registerAuthApi","decl":{"start":{"line":3,"column":9},"end":{"line":3,"column":24}},"loc":{"start":{"line":3,"column":36},"end":{"line":5,"column":1}},"line":3}},"branchMap":{},"s":{"0":1,"1":1,"2":1},"f":{"0":1},"b":{},"_coverageSchema":"1a1c01bbd47fc00a2c39e90264f33305004495a9","hash":"2d0a237fb4ba4f94aaa5a39e875bd28fe391a51b"}
,"D:\\_Projects\\Easyplay\\services\\auth-system\\src\\modules\\game\\index.js": {"path":"D:\\_Projects\\Easyplay\\services\\auth-system\\src\\modules\\game\\index.js","statementMap":{"0":{"start":{"line":3,"column":19},"end":{"line":3,"column":53}},"1":{"start":{"line":4,"column":37},"end":{"line":4,"column":74}},"2":{"start":{"line":5,"column":27},"end":{"line":5,"column":64}},"3":{"start":{"line":8,"column":2},"end":{"line":8,"column":28}},"4":{"start":{"line":12,"column":2},"end":{"line":12,"column":35}},"5":{"start":{"line":16,"column":24},"end":{"line":16,"column":46}},"6":{"start":{"line":17,"column":2},"end":{"line":19,"column":4}},"7":{"start":{"line":18,"column":17},"end":{"line":18,"column":38}},"8":{"start":{"line":22,"column":0},"end":{"line":26,"column":2}}},"fnMap":{"0":{"name":"registerGameApi","decl":{"start":{"line":7,"column":9},"end":{"line":7,"column":24}},"loc":{"start":{"line":7,"column":36},"end":{"line":9,"column":1}},"line":7},"1":{"name":"bootstrapGameDomain","decl":{"start":{"line":11,"column":15},"end":{"line":11,"column":34}},"loc":{"start":{"line":11,"column":37},"end":{"line":13,"column":1}},"line":11},"2":{"name":"attachGameRealtime","decl":{"start":{"line":15,"column":9},"end":{"line":15,"column":27}},"loc":{"start":{"line":15,"column":36},"end":{"line":20,"column":1}},"line":15},"3":{"name":"(anonymous_3)","decl":{"start":{"line":18,"column":11},"end":{"line":18,"column":12}},"loc":{"start":{"line":18,"column":17},"end":{"line":18,"column":38}},"line":18}},"branchMap":{},"s":{"0":1,"1":1,"2":1,"3":1,"4":0,"5":0,"6":0,"7":0,"8":1},"f":{"0":1,"1":0,"2":0,"3":0},"b":{},"_coverageSchema":"1a1c01bbd47fc00a2c39e90264f33305004495a9","hash":"d694d8a2e314b92645e41a40e445e338dd9473b0"}
[...]
,"column":11}},"44":{"start":{"line":86,"column":2},"end":{"line":86,"column":51}},"45":{"start":{"line":90,"column":15},"end":{"line":90,"column":41}},"46":{"start":{"line":91,"column":18},"end":{"line":91,"column":56}},"47":{"start":{"line":92,"column":2},"end":{"line":92,"column":18}},"48":{"start":{"line":93,"column":2},"end":{"line":93,"column":37}},"49":{"start":{"line":94,"column":2},"end":{"line":94,"column":21}},"50":{"start":{"line":98,"column":15},"end":{"line":98,"column":26}},"51":{"start":{"line":99,"column":2},"end":{"line":101,"column":3}},"52":{"start":{"line":100,"column":4},"end":{"line":100,"column":11}},"53":{"start":{"line":102,"column":18},"end":{"line":102,"column":43}},"54":{"start":{"line":103,"column":2},"end":{"line":105,"column":3}},"55":{"start":{"line":104,"column":4},"end":{"line":104,"column":11}},"56":{"start":{"line":106,"column":2},"end":{"line":106,"column":21}},"57":{"start":{"line":107,"column":2},"end":{"line":109,"column":3}},"58":{"start":{"line":108,"column":4},"end":{"line":108,"column":33}},"59":{"start":{"line":113,"column":2},"end":{"line":113,"column":30}},"60":{"start":{"line":114,"column":15},"end":{"line":114,"column":46}},"61":{"start":{"line":115,"column":2},"end":{"line":118,"column":5}},"62":{"start":{"line":122,"column":2},"end":{"line":150,"column":11}},"63":{"start":{"line":123,"column":16},"end":{"line":123,"column":26}},"64":{"start":{"line":124,"column":18},"end":{"line":124,"column":32}},"65":{"start":{"line":125,"column":4},"end":{"line":149,"column":5}},"66":{"start":{"line":126,"column":6},"end":{"line":128,"column":7}},"67":{"start":{"line":127,"column":8},"end":{"line":127,"column":17}},"68":{"start":{"line":129,"column":23},"end":{"line":129,"column":68}},"69":{"start":{"line":130,"column":6},"end":{"line":132,"column":7}},"70":{"start":{"line":131,"column":8},"end":{"line":131,"column":17}},"71":{"start":{"line":133,"column":24},"end":{"line":133,"column":43}},"72":{"start":{"line":134,"column":25},"end":{"line":134,"column":74}},"73":{"start":{"line":135,"column":6},"end":{"line":139,"column":9}},"74":{"start":{"line":140,"column":23},"end":{"line":140,"column":59}},"75":{"start":{"line":141,"column":6},"end":{"line":148,"column":9}},"76":{"start":{"line":154,"column":14},"end":{"line":158,"column":4}},"77":{"start":{"line":159,"column":16},"end":{"line":159,"column":38}},"78":{"start":{"line":161,"column":2},"end":{"line":276,"column":5}},"79":{"start":{"line":162,"column":4},"end":{"line":275,"column":5}},"80":{"start":{"line":163,"column":20},"end":{"line":163,"column":44}},"81":{"start":{"line":164,"column":22},"end":{"line":164,"column":46}},"82":{"start":{"line":165,"column":19},"end":{"line":165,"column":46}},"83":{"start":{"line":166,"column":6},"end":{"line":169,"column":7}},"84":{"start":{"line":167,"column":8},"end":{"line":167,"column":39}},"85":{"start":{"line":168,"column":8},"end":{"line":168,"column":15}},"86":{"start":{"line":170,"column":6},"end":{"line":170,"column":21}},"87":{"start":{"line":171,"column":6},"end":{"line":171,"column":46}},"88":{"start":{"line":172,"column":6},"end":{"line":172,"column":93}},"89":{"start":{"line":174,"column":6},"end":{"line":256,"column":9}},"90":{"start":{"line":175,"column":8},"end":{"line":255,"column":9}},"91":{"start":{"line":176,"column":23},"end":{"line":176,"column":54}},"92":{"start":{"line":177,"column":10},"end":{"line":179,"column":11}},"93":{"start":{"line":178,"column":12},"end":{"line":178,"column":19}},"94":{"start":{"line":180,"column":10},"end":{"line":183,"column":11}},"95":{"start":{"line":181,"column":12},"end":{"line":181,"column":82}},"96":{"start":{"line":182,"column":12},"end":{"line":182,"column":19}},"97":{"start":{"line":185,"column":10},"end":{"line":196,"column":11}},"98":{"start":{"line":186,"column":29},"end":{"line":186,"column":84}},"99":{"start":{"line":187,"column":12},"end":{"line":187,"column":56}},"100":{"start":{"line":188,"column":12},"end":{"line":188,"column":47}},"101":{"start":{"line":189,"column":12},"end":{"line":189,"column":51}},"102":{"start":{"line":190,"column":12},"end":{"line":190,"column":41}},"103":{"start":{"line":191,"column":12},"end":{"line":194,"column":15}},"104":{"start":{"line":195,"column":12},"end":{"line":195,"column":19}},"105":{"start":{"line":198,"column":10},"end":{"line":203,"column":11}},"106":{"start":{"line":199,"column":29},"end":{"line":199,"column":84}},"107":{"start":{"line":200,"column":12},"end":{"line":200,"column":47}},"108":{"start":{"line":201,"column":12},"end":{"line":201,"column":41}},"109":{"start":{"line":202,"column":12},"end":{"line":202,"column":19}},"110":{"start":{"line":205,"column":10},"end":{"line":234,"column":11}},"111":{"start":{"line":206,"column":29},"end":{"line":206,"column":84}},"112":{"start":{"line":207,"column":25},"end":{"line":207,"column":58}},"113":{"start":{"line":208,"column":30},"end":{"line":208,"column":68}},"114":{"start":{"line":209,"column":27},"end":{"line":214,"column":14}},"115":{"start":{"line":215,"column":12},"end":{"line":222,"column":15}},"116":{"start":{"line":223,"column":12},"end":{"line":232,"column":13}},"117":{"start":{"line":224,"column":14},"end":{"line":231,"column":17}},"118":{"start":{"line":233,"column":12},"end":{"line":233,"column":19}},"119":{"start":{"line":236,"column":10},"end":{"line":249,"column":11}},"120":{"start":{"line":237,"column":29},"end":{"line":237,"column":84}},"121":{"start":{"line":238,"column":28},"end":{"line":238,"column":64}},"122":{"start":{"line":239,"column":25},"end":{"line":243,"column":14}},"123":{"start":{"line":244,"column":12},"end":{"line":247,"column":15}},"124":{"start":{"line":248,"column":12},"end":{"line":248,"column":19}},"125":{"start":{"line":251,"column":10},"end":{"line":254,"column":13}},"126":{"start":{"line":258,"column":6},"end":{"line":272,"column":9}},"127":{"start":{"line":259,"column":8},"end":{"line":259,"column":33}},"128":{"start":{"line":260,"column":8},"end":{"line":260,"column":51}},"129":{"start":{"line":261,"column":8},"end":{"line":271,"column":9}},"130":{"start":{"line":262,"column":10},"end":{"line":262,"column":53}},"131":{"start":{"line":263,"column":10},"end":{"line":270,"column":13}},"132":{"start":{"line":274,"column":6},"end":{"line":274,"column":37}},"133":{"start":{"line":278,"column":2},"end":{"line":283,"column":4}},"134":{"start":{"line":280,"column":6},"end":{"line":280,"column":27}},"135":{"start":{"line":281,"column":6},"end":{"line":281,"column":18}},"136":{"start":{"line":286,"column":0},"end":{"line":288,"column":2}}},"fnMap":{"0":{"name":"parseCookies","decl":{"start":{"line":23,"column":9},"end":{"line":23,"column":21}},"loc":{"start":{"line":23,"column":33},"end":{"line":37,"column":1}},"line":23},"1":{"name":"(anonymous_1)","decl":{"start":{"line":29,"column":16},"end":{"line":29,"column":17}},"loc":{"start":{"line":29,"column":26},"end":{"line":35,"column":3}},"line":29},"2":{"name":"getTokenFromRequest","decl":{"start":{"line":39,"column":9},"end":{"line":39,"column":28}},"loc":{"start":{"line":39,"column":34},"end":{"line":50,"column":1}},"line":39},"3":{"name":"send","decl":{"start":{"line":52,"column":9},"end":{"line":52,"column":13}},"loc":{"start":{"line":52,"column":27},"end":{"line":56,"column":1}},"line":52},"4":{"name":"broadcastToRoom","decl":{"start":{"line":58,"column":9},"end":{"line":58,"column":24}},"loc":{"start":{"line":58,"column":44},"end":{"line":66,"column":1}},"line":58},"5":{"name":"(anonymous_5)","decl":{"start":{"line":63,"column":18},"end":{"line":63,"column":19}},"loc":{"start":{"line":63,"column":26},"end":{"line":65,"column":3}},"line":63},"6":{"name":"attachUserConnection","decl":{"start":{"line":68,"column":15},"end":{"line":68,"column":35}},"loc":{"start":{"line":68,"column":48},"end":{"line":73,"column":1}},"line":68},"7":{"name":"detachUserConnection","decl":{"start":{"line":75,"column":15},"end":{"line":75,"column":35}},"loc":{"start":{"line":75,"column":48},"end":{"line":87,"column":1}},"line":75},"8":{"name":"attachRoomConnection","decl":{"start":{"line":89,"column":9},"end":{"line":89,"column":29}},"loc":{"start":{"line":89,"column":44},"end":{"line":95,"column":1}},"line":89},"9":{"name":"detachRoomConnection","decl":{"start":{"line":97,"column":9},"end":{"line":97,"column":29}},"loc":{"start":{"line":97,"column":34},"end":{"line":110,"column":1}},"line":97},"10":{"name":"syncRoom","decl":{"start":{"line":112,"column":15},"end":{"line":112,"column":23}},"loc":{"start":{"line":112,"column":38},"end":{"line":119,"column":1}},"line":112},"11":{"name":"startTurnTimeoutLoop","decl":{"start":{"line":121,"column":9},"end":{"line":121,"column":29}},"loc":{"start":{"line":121,"column":32},"end":{"line":151,"column":1}},"line":121},"12":{"name":"(anonymous_12)","decl":{"start":{"line":122,"column":21},"end":{"line":122,"column":22}},"loc":{"start":{"line":122,"column":33},"end":{"line":150,"column":3}},"line":122},"13":{"name":"initGameSocket","decl":{"start":{"line":153,"column":9},"end":{"line":153,"column":23}},"loc":{"start":{"line":153,"column":32},"end":{"line":284,"column":1}},"line":153},"14":{"name":"(anonymous_14)","decl":{"start":{"line":161,"column":23},"end":{"line":161,"column":24}},"loc":{"start":{"line":161,"column":42},"end":{"line":276,"column":3}},"line":161},"15":{"name":"(anonymous_15)","decl":{"start":{"line":174,"column":23},"end":{"line":174,"column":24}},"loc":{"start":{"line":174,"column":38},"end":{"line":256,"column":7}},"line":174},"16":{"name":"(anonymous_16)","decl":{"start":{"line":258,"column":21},"end":{"line":258,"column":22}},"loc":{"start":{"line":258,"column":33},"end":{"line":272,"column":7}},"line":258},"17":{"name":"(anonymous_17)","decl":{"start":{"line":279,"column":11},"end":{"line":279,"column":12}},"loc":{"start":{"line":279,"column":17},"end":{"line":282,"column":5}},"line":279}},"branchMap":{"0":{"loc":{"start":{"line":25,"column":2},"end":{"line":27,"column":3}},"type":"if","locations":[{"start":{"line":25,"column":2},"end":{"line":27,"column":3}},{"start":{},"end":{}}],"line":25},"1":{"loc":{"start":{"line":31,"column":4},"end":{"line":33,"column":5}},"type":"if","locations":[{"start":{"line":31,"column":4},"end":{"line":33,"column":5}},{"start":{},"end":{}}],"line":31},"2":{"loc":{"start":{"line":40,"column":21},"end":{"line":40,"column":52}},"type":"binary-expr","locations":[{"start":{"line":40,"column":21},"end":{"line":40,"column":46}},{"start":{"line":40,"column":50},"end":{"line":40,"column":52}}],"line":40},"3":{"loc":{"start":{"line":41,"column":2},"end":{"line":43,"column":3}},"type":"if","locations":[{"start":{"line":41,"column":2},"end":{"line":43,"column":3}},{"start":{},"end":{}}],"line":41},"4":{"loc":{"start":{"line":45,"column":2},"end":{"line":47,"column":3}},"type":"if","locations":[{"start":{"line":45,"column":2},"end":{"line":47,"column":3}},{"start":{},"end":{}}],"line":45},"5":{"loc":{"start":{"line":49,"column":9},"end":{"line":49,"column":30}},"type":"binary-expr","locations":[{"start":{"line":49,"column":9},"end":{"line":49,"column":22}},{"start":{"line":49,"column":26},"end":{"line":49,"column":30}}],"line":49},"6":{"loc":{"start":{"line":53,"column":2},"end":{"line":55,"column":3}},"type":"if","locations":[{"start":{"line":53,"column":2},"end":{"line":55,"column":3}},{"start":{},"end":{}}],"line":53},"7":{"loc":{"start":{"line":60,"column":2},"end":{"line":62,"column":3}},"type":"if","locations":[{"start":{"line":60,"column":2},"end":{"line":62,"column":3}},{"start":{},"end":{}}],"line":60},"8":{"loc":{"start":{"line":69,"column":18},"end":{"line":69,"column":58}},"type":"binary-expr","locations":[{"start":{"line":69,"column":18},"end":{"line":69,"column":45}},{"start":{"line":69,"column":49},"end":{"line":69,"column":58}}],"line":69},"9":{"loc":{"start":{"line":77,"column":2},"end":{"line":79,"column":3}},"type":"if","locations":[{"start":{"line":77,"column":2},"end":{"line":79,"column":3}},{"start":{},"end":{}}],"line":77},"10":{"loc":{"start":{"line":81,"column":2},"end":{"line":85,"column":3}},"type":"if","locations":[{"start":{"line":81,"column":2},"end":{"line":85,"column":3}},{"start":{},"end":{}}],"line":81},"11":{"loc":{"start":{"line":91,"column":18},"end":{"line":91,"column":56}},"type":"binary-expr","locations":[{"start":{"line":91,"column":18},"end":{"line":91,"column":43}},{"start":{"line":91,"column":47},"end":{"line":91,"column":56}}],"line":91},"12":{"loc":{"start":{"line":99,"column":2},"end":{"line":101,"column":3}},"type":"if","locations":[{"start":{"line":99,"column":2},"end":{"line":101,"column":3}},{"start":{},"end":{}}],"line":99},"13":{"loc":{"start":{"line":103,"column":2},"end":{"line":105,"column":3}},"type":"if","locations":[{"start":{"line":103,"column":2},"end":{"line":105,"column":3}},{"start":{},"end":{}}],"line":103},"14":{"loc":{"start":{"line":107,"column":2},"end":{"line":109,"column":3}},"type":"if","locations":[{"start":{"line":107,"column":2},"end":{"line":109,"column":3}},{"start":{},"end":{}}],"line":107},"15":{"loc":{"start":{"line":126,"column":6},"end":{"line":128,"column":7}},"type":"if","locations":[{"start":{"line":126,"column":6},"end":{"line":128,"column":7}},{"start":{},"end":{}}],"line":126},"16":{"loc":{"start":{"line":130,"column":6},"end":{"line":132,"column":7}},"type":"if","locations":[{"start":{"line":130,"column":6},"end":{"line":132,"column":7}},{"start":{},"end":{}}],"line":130},"17":{"loc":{"start":{"line":130,"column":10},"end":{"line":130,"column":51}},"type":"binary-expr","locations":[{"start":{"line":130,"column":10},"end":{"line":130,"column":32}},{"start":{"line":130,"column":36},"end":{"line":130,"column":51}}],"line":130},"18":{"loc":{"start":{"line":134,"column":25},"end":{"line":134,"column":74}},"type":"cond-expr","locations":[{"start":{"line":134,"column":51},"end":{"line":134,"column":62}},{"start":{"line":134,"column":65},"end":{"line":134,"column":74}}],"line":134},"19":{"loc":{"start":{"line":166,"column":6},"end":{"line":169,"column":7}},"type":"if","locations":[{"start":{"line":166,"column":6},"end":{"line":169,"column":7}},{"start":{},"end":{}}],"line":166},"20":{"loc":{"start":{"line":176,"column":41},"end":{"line":176,"column":52}},"type":"binary-expr","locations":[{"start":{"line":176,"column":41},"end":{"line":176,"column":44}},{"start":{"line":176,"column":48},"end":{"line":176,"column":52}}],"line":176},"21":{"loc":{"start":{"line":177,"column":10},"end":{"line":179,"column":11}},"type":"if","locations":[{"start":{"line":177,"column":10},"end":{"line":179,"column":11}},{"start":{},"end":{}}],"line":177},"22":{"loc":{"start":{"line":177,"column":14},"end":{"line":177,"column":47}},"type":"binary-expr","locations":[{"start":{"line":177,"column":14},"end":{"line":177,"column":19}},{"start":{"line":177,"column":23},"end":{"line":177,"column":47}}],"line":177},"23":{"loc":{"start":{"line":180,"column":10},"end":{"line":183,"column":11}},"type":"if","locations":[{"start":{"line":180,"column":10},"end":{"line":183,"column":11}},{"start":{},"end":{}}],"line":180},"24":{"loc":{"start":{"line":185,"column":10},"end":{"line":196,"column":11}},"type":"if","locations":[{"start":{"line":185,"column":10},"end":{"line":196,"column":11}},{"start":{},"end":{}}],"line":185},"25":{"loc":{"start":{"line":186,"column":46},"end":{"line":186,"column":83}},"type":"binary-expr","locations":[{"start":{"line":186,"column":46},"end":{"line":186,"column":58}},{"start":{"line":186,"column":62},"end":{"line":186,"column":83}}],"line":186},"26":{"loc":{"start":{"line":198,"column":10},"end":{"line":203,"column":11}},"type":"if","locations":[{"start":{"line":198,"column":10},"end":{"line":203,"column":11}},{"start":{},"end":{}}],"line":198},"27":{"loc":{"start":{"line":199,"column":46},"end":{"line":199,"column":83}},"type":"binary-expr","locations":[{"start":{"line":199,"column":46},"end":{"line":199,"column":58}},{"start":{"line":199,"column":62},"end":{"line":199,"column":83}}],"line":199},"28":{"loc":{"start":{"line":205,"column":10},"end":{"line":234,"column":11}},"type":"if","locations":[{"start":{"line":205,"column":10},"end":{"line":234,"column":11}},{"start":{},"end":{}}],"line":205},"29":{"loc":{"start":{"line":206,"column":46},"end":{"line":206,"column":83}},"type":"binary-expr","locations":[{"start":{"line":206,"column":46},"end":{"line":206,"column":58}},{"start":{"line":206,"column":62},"end":{"line":206,"column":83}}],"line":206},"30":{"loc":{"start":{"line":207,"column":25},"end":{"line":207,"column":58}},"type":"binary-expr","locations":[{"start":{"line":207,"column":25},"end":{"line":207,"column":37}},{"start":{"line":207,"column":41},"end":{"line":207,"column":58}}],"line":207},"31":{"loc":{"start":{"line":208,"column":30},"end":{"line":208,"column":68}},"type":"binary-expr","locations":[{"start":{"line":208,"column":30},"end":{"line":208,"column":42}},{"start":{"line":208,"column":46},"end":{"line":208,"column":68}}],"line":208},"32":{"loc":{"start":{"line":223,"column":12},"end":{"line":232,"column":13}},"type":"if","locations":[{"start":{"line":223,"column":12},"end":{"line":232,"column":13}},{"start":{},"end":{}}],"line":223},"33":{"loc":{"start":{"line":236,"column":10},"end":{"line":249,"column":11}},"type":"if","locations":[{"start":{"line":236,"column":10},"end":{"line":249,"column":11}},{"start":{},"end":{}}],"line":236},"34":{"loc":{"start":{"line":237,"column":46},"end":{"line":237,"column":83}},"type":"binary-expr","locations":[{"start":{"line":237,"column":46},"end":{"line":237,"column":58}},{"start":{"line":237,"column":62},"end":{"line":237,"column":83}}],"line":237},"35":{"loc":{"start":{"line":238,"column":28},"end":{"line":238,"column":64}},"type":"binary-expr","locations":[{"start":{"line":238,"column":28},"end":{"line":238,"column":40}},{"start":{"line":238,"column":44},"end":{"line":238,"column":64}}],"line":238},"36":{"loc":{"start":{"line":253,"column":32},"end":{"line":253,"column":57}},"type":"binary-expr","locations":[{"start":{"line":253,"column":32},"end":{"line":253,"column":45}},{"start":{"line":253,"column":49},"end":{"line":253,"column":57}}],"line":253},"37":{"loc":{"start":{"line":261,"column":8},"end":{"line":271,"column":9}},"type":"if","locations":[{"start":{"line":261,"column":8},"end":{"line":271,"column":9}},{"start":{},"end":{}}],"line":261}},"s":{"0":1,"1":1,"2":1,"3":1,"4":1,"5":1,"6":1,"7":0,"8":0,"9":0,"10":0,"11":0,"12":0,"13":0,"14":0,"15":0,"16":0,"17":0,"18":0,"19":0,"20":0,"21":0,"22":0,"23":0,"24":0,"25":0,"26":0,"27":0,"28":0,"29":0,"30":0,"31":0,"32":0,"33":0,"34":0,"35":0,"36":0,"37":0,"38":0,"39":0,"40":0,"41":0,"42":0,"43":0,"44":0,"45":0,"46":0,"47":0,"48":0,"49":0,"50":0,"51":0,"52":0,"53":0,"54":0,"55":0,"56":0,"57":0,"58":0,"59":0,"60":0,"61":0,"62":0,"63":0,"64":0,"65":0,"66":0,"67":0,"68":0,"69":0,"70":0,"71":0,"72":0,"73":0,"74":0,"75":0,"76":0,"77":0,"78":0,"79":0,"80":0,"81":0,"82":0,"83":0,"84":0,"85":0,"86":0,"87":0,"88":0,"89":0,"90":0,"91":0,"92":0,"93":0,"94":0,"95":0,"96":0,"97":0,"98":0,"99":0,"100":0,"101":0,"102":0,"103":0,"104":0,"105":0,"106":0,"107":0,"108":0,"109":0,"110":0,"111":0,"112":0,"113":0,"114":0,"115":0,"116":0,"117":0,"118":0,"119":0,"120":0,"121":0,"122":0,"123":0,"124":0,"125":0,"126":0,"127":0,"128":0,"129":0,"130":0,"131":0,"132":0,"133":0,"134":0,"135":0,"136":1},"f":{"0":0,"1":0,"2":0,"3":0,"4":0,"5":0,"6":0,"7":0,"8":0,"9":0,"10":0,"11":0,"12":0,"13":0,"14":0,"15":0,"16":0,"17":0},"b":{"0":[0,0],"1":[0,0],"2":[0,0],"3":[0,0],"4":[0,0],"5":[0,0],"6":[0,0],"7":[0,0],"8":[0,0],"9":[0,0],"10":[0,0],"11":[0,0],"12":[0,0],"13":[0,0],"14":[0,0],"15":[0,0],"16":[0,0],"17":[0,0],"18":[0,0],"19":[0,0],"20":[0,0],"21":[0,0],"22":[0,0],"23":[0,0],"24":[0,0],"25":[0,0],"26":[0,0],"27":[0,0],"28":[0,0],"29":[0,0],"30":[0,0],"31":[0,0],"32":[0,0],"33":[0,0],"34":[0,0],"35":[0,0],"36":[0,0],"37":[0,0]},"_coverageSchema":"1a1c01bbd47fc00a2c39e90264f33305004495a9","hash":"ad2641d12443524465d2490295c097198a1f2fe1"}
}
