{"D:\\_Projects\\Easyplay\\services\\auth-system\\src\\app.js": {"path":"D:\\_Projects\\Easyplay\\services\\auth-system\\src\\app.js","statementMap":{"0":{"start":{"line":1,"column":16},"end":{"line":1,"column":34}},"1":{"start":{"line":2,"column":15},"end":{"line":2,"column":32}},"2":{"start":{"line":3,"column":21},"end":{"line":3,"column":45}},"3":{"start":{"line":4,"column":60},"end":{"line":4,"column":79}},"4":{"start":{"line":5,"column":25},"end":{"line":5,"column":61}},"5":{"start":{"line":6,"column":27},"end":{"line":6,"column":55}},"6":{"start":{"line":7,"column":53},"end":{"line":7,"column":80}},"7":{"start":{"line":8,"column":19},"end":{"line":8,"column":49}},"8":{"start":{"line":9,"column":19},"end":{"line":9,"column":49}},"9":{"start":{"line":10,"column":30},"end":{"line":10,"column":63}},"10":{"start":{"line":11,"column":25},"end":{"line":11,"column":61}},"11":{"start":{"line":13,"column":12},"end":{"line":13,"column":21}},"12":{"start":{"line":14,"column":25},"end":{"line":14,"column":49}},"13":{"start":{"line":16,"column":0},"end":{"line":18,"column":1}},"14":{"start":{"line":17,"column":2},"end":{"line":17,"column":28}},"15":{"start":{"line":20,"column":0},"end":{"line":20,"column":18}},"16":{"start":{"line":21,"column":0},"end":{"line":21,"column":24}},"17":{"start":{"line":22,"column":0},"end":{"line":22,"column":24}},"18":{"start":{"line":23,"column":0},"end":{"line":23,"column":24}},"19":{"start":{"line":24,"column":0},"end":{"line":26,"column":1}},"20":{"start":{"line":25,"column":2},"end":{"line":25,"column":24}},"21":{"start":{"line":28,"column":0},"end":{"line":34,"column":3}},"22":{"start":{"line":29,"column":2},"end":{"line":33,"column":5}},"23":{"start":{"line":36,"column":0},"end":{"line":42,"column":2}},"24":{"start":{"line":43,"column":0},"end":{"line":43,"column":28}},"25":{"start":{"line":44,"column":0},"end":{"line":44,"column":28}},"26":{"start":{"line":46,"column":0},"end":{"line":48,"column":1}},"27":{"start":{"line":47,"column":2},"end":{"line":47,"column":42}},"28":{"start":{"line":50,"column":0},"end":{"line":50,"column":22}},"29":{"start":{"line":52,"column":0},"end":{"line":52,"column":47}},"30":{"start":{"line":54,"column":0},"end":{"line":54,"column":21}}},"fnMap":{"0":{"name":"(anonymous_0)","decl":{"start":{"line":28,"column":19},"end":{"line":28,"column":20}},"loc":{"start":{"line":28,"column":33},"end":{"line":34,"column":1}},"line":28}},"branchMap":{"0":{"loc":{"start":{"line":16,"column":0},"end":{"line":18,"column":1}},"type":"if","locations":[{"start":{"line":16,"column":0},"end":{"line":18,"column":1}},{"start":{},"end":{}}],"line":16},"1":{"loc":{"start":{"line":24,"column":0},"end":{"line":26,"column":1}},"type":"if","locations":[{"start":{"line":24,"column":0},"end":{"line":26,"column":1}},{"start":{},"end":{}}],"line":24},"2":{"loc":{"start":{"line":46,"column":0},"end":{"line":48,"column":1}},"type":"if","locations":[{"start":{"line":46,"column":0},"end":{"line":48,"column":1}},{"start":{},"end":{}}],"line":46}},"s":{"0":5,"1":5,"2":5,"3":5,"4":5,"5":5,"6":5,"7":5,"8":5,"9":5,"10":5,"11":5,"12":5,"13":5,"14":0,"15":5,"16":5,"17":5,"18":5,"19":5,"20":5,"21":5,"22":1,"23":5,"24":5,"25":5,"26":5,"27":2,"28":5,"29":5,"30":5},"f":{"0":1},"b":{"0":[0,5],"1":[5,0],"2":[2,3]},"_coverageSchema":"1a1c01bbd47fc00a2c39e90264f33305004495a9","hash":"bbf8f2568569bac98343ee8ab6bcf6487f77c5e6"}
,"D:\\_Projects\\Easyplay\\services\\auth-system\\src\\config.js": {"path":"D:\\_Projects\\Easyplay\\services\\auth-system\\src\\config.js","statementMap":{"0":{"start":{"line":1,"column":11},"end":{"line":1,"column":24}},"1":{"start":{"line":2,"column":13},"end":{"line":2,"column":28}},"2":{"start":{"line":3,"column":15},"end":{"line":3,"column":32}},"3":{"start":{"line":5,"column":0},"end":{"line":7,"column":3}},"4":{"start":{"line":10,"column":2},"end":{"line":12,"column":3}},"5":{"start":{"line":11,"column":4},"end":{"line":11,"column":24}},"6":{"start":{"line":13,"column":21},"end":{"line":13,"column":55}},"7":{"start":{"line":14,"column":2},"end":{"line":14,"column":57}},"8":{"start":{"line":18,"column":17},"end":{"line":18,"column":30}},"9":{"start":{"line":19,"column":2},"end":{"line":19,"column":53}},"10":{"start":{"line":23,"column":2},"end":{"line":25,"column":3}},"11":{"start":{"line":24,"column":4},"end":{"line":24,"column":32}},"12":{"start":{"line":26,"column":2},"end":{"line":28,"column":54}},"13":{"start":{"line":31,"column":17},"end":{"line":31,"column":54}},"14":{"start":{"line":32,"column":21},"end":{"line":32,"column":62}},"15":{"start":{"line":33,"column":22},"end":{"line":33,"column":69}},"16":{"start":{"line":35,"column":15},"end":{"line":75,"column":1}},"17":{"start":{"line":77,"column":0},"end":{"line":77,"column":84}},"18":{"start":{"line":78,"column":0},"end":{"line":78,"column":65}},"19":{"start":{"line":79,"column":0},"end":{"line":79,"column":63}},"20":{"start":{"line":81,"column":0},"end":{"line":81,"column":24}}},"fnMap":{"0":{"name":"toBoolean","decl":{"start":{"line":9,"column":9},"end":{"line":9,"column":18}},"loc":{"start":{"line":9,"column":48},"end":{"line":15,"column":1}},"line":9},"1":{"name":"toNumber","decl":{"start":{"line":17,"column":9},"end":{"line":17,"column":17}},"loc":{"start":{"line":17,"column":35},"end":{"line":20,"column":1}},"line":17},"2":{"name":"toPath","decl":{"start":{"line":22,"column":9},"end":{"line":22,"column":15}},"loc":{"start":{"line":22,"column":45},"end":{"line":29,"column":1}},"line":22}},"branchMap":{"0":{"loc":{"start":{"line":9,"column":26},"end":{"line":9,"column":46}},"type":"default-arg","locations":[{"start":{"line":9,"column":41},"end":{"line":9,"column":46}}],"line":9},"1":{"loc":{"start":{"line":10,"column":2},"end":{"line":12,"column":3}},"type":"if","locations":[{"start":{"line":10,"column":2},"end":{"line":12,"column":3}},{"start":{},"end":{}}],"line":10},"2":{"loc":{"start":{"line":19,"column":9},"end":{"line":19,"column":52}},"type":"cond-expr","locations":[{"start":{"line":19,"column":35},"end":{"line":19,"column":41}},{"start":{"line":19,"column":44},"end":{"line":19,"column":52}}],"line":19},"3":{"loc":{"start":{"line":23,"column":2},"end":{"line":25,"column":3}},"type":"if","locations":[{"start":{"line":23,"column":2},"end":{"line":25,"column":3}},{"start":{},"end":{}}],"line":23},"4":{"loc":{"start":{"line":26,"column":9},"end":{"line":28,"column":53}},"type":"cond-expr","locations":[{"start":{"line":27,"column":6},"end":{"line":27,"column":11}},{"start":{"line":28,"column":6},"end":{"line":28,"column":53}}],"line":26},"5":{"loc":{"start":{"line":31,"column":17},"end":{"line":31,"column":54}},"type":"binary-expr","locations":[{"start":{"line":31,"column":17},"end":{"line":31,"column":37}},{"start":{"line":31,"column":41},"end":{"line":31,"column":54}}],"line":31},"6":{"loc":{"start":{"line":38,"column":8},"end":{"line":38,"column":37}},"type":"binary-expr","locations":[{"start":{"line":38,"column":8},"end":{"line":38,"column":24}},{"start":{"line":38,"column":28},"end":{"line":38,"column":37}}],"line":38},"7":{"loc":{"start":{"line":40,"column":14},"end":{"line":40,"column":68}},"type":"binary-expr","locations":[{"start":{"line":40,"column":14},"end":{"line":40,"column":36}},{"start":{"line":40,"column":40},"end":{"line":40,"column":68}}],"line":40},"8":{"loc":{"start":{"line":41,"column":18},"end":{"line":41,"column":52}},"type":"binary-expr","locations":[{"start":{"line":41,"column":18},"end":{"line":41,"column":44}},{"start":{"line":41,"column":48},"end":{"line":41,"column":52}}],"line":41},"9":{"loc":{"start":{"line":43,"column":4},"end":{"line":43,"column":72}},"type":"binary-expr","locations":[{"start":{"line":43,"column":4},"end":{"line":43,"column":23}},{"start":{"line":43,"column":27},"end":{"line":43,"column":72}}],"line":43},"10":{"loc":{"start":{"line":49,"column":18},"end":{"line":49,"column":60}},"type":"binary-expr","locations":[{"start":{"line":49,"column":18},"end":{"line":49,"column":44}},{"start":{"line":49,"column":48},"end":{"line":49,"column":60}}],"line":49},"11":{"loc":{"start":{"line":54,"column":15},"end":{"line":54,"column":45}},"type":"binary-expr","locations":[{"start":{"line":54,"column":15},"end":{"line":54,"column":38}},{"start":{"line":54,"column":42},"end":{"line":54,"column":45}}],"line":54},"12":{"loc":{"start":{"line":56,"column":4},"end":{"line":57,"column":44}},"type":"binary-expr","locations":[{"start":{"line":56,"column":4},"end":{"line":56,"column":28}},{"start":{"line":57,"column":4},"end":{"line":57,"column":44}}],"line":56},"13":{"loc":{"start":{"line":59,"column":4},"end":{"line":60,"column":63}},"type":"binary-expr","locations":[{"start":{"line":59,"column":4},"end":{"line":59,"column":28}},{"start":{"line":60,"column":4},"end":{"line":60,"column":63}}],"line":59}},"s":{"0":6,"1":6,"2":6,"3":6,"4":36,"5":32,"6":4,"7":4,"8":36,"9":36,"10":18,"11":18,"12":0,"13":6,"14":6,"15":6,"16":6,"17":6,"18":6,"19":6,"20":6},"f":{"0":36,"1":36,"2":18},"b":{"0":[0],"1":[32,4],"2":[4,32],"3":[18,0],"4":[0,0],"5":[6,0],"6":[6,6],"7":[6,2],"8":[6,6],"9":[6,2],"10":[6,6],"11":[6,6],"12":[6,6],"13":[6,6]},"_coverageSchema":"1a1c01bbd47fc00a2c39e90264f33305004495a9","hash":"7c6b0933b2bc51b1797905a98e54e3969effacfb"}
,"D:\\_Projects\\Easyplay\\services\\auth-system\\src\\db.js": {"path":"D:\\_Projects\\Easyplay\\services\\auth-system\\src\\db.js","statementMap":{"0":{"start":{"line":1,"column":11},"end":{"line":1,"column":24}},"1":{"start":{"line":2,"column":13},"end":{"line":2,"column":28}},"2":{"start":{"line":3,"column":16},"end":{"line":3,"column":34}},"3":{"start":{"line":4,"column":20},"end":{"line":4,"column":39}},"4":{"start":{"line":7,"column":14},"end":{"line":7,"column":34}},"5":{"start":{"line":8,"column":2},"end":{"line":10,"column":3}},"6":{"start":{"line":9,"column":4},"end":{"line":9,"column":43}},"7":{"start":{"line":13,"column":0},"end":{"line":13,"column":27}},"8":{"start":{"line":15,"column":11},"end":{"line":15,"column":40}},"9":{"start":{"line":18,"column":2},"end":{"line":26,"column":5}},"10":{"start":{"line":19,"column":4},"end":{"line":25,"column":7}},"11":{"start":{"line":20,"column":6},"end":{"line":23,"column":7}},"12":{"start":{"line":21,"column":8},"end":{"line":21,"column":20}},"13":{"start":{"line":22,"column":8},"end":{"line":22,"column":15}},"14":{"start":{"line":24,"column":6},"end":{"line":24,"column":62}},"15":{"start":{"line":30,"column":2},"end":{"line":38,"column":5}},"16":{"start":{"line":31,"column":4},"end":{"line":37,"column":7}},"17":{"start":{"line":32,"column":6},"end":{"line":35,"column":7}},"18":{"start":{"line":33,"column":8},"end":{"line":33,"column":20}},"19":{"start":{"line":34,"column":8},"end":{"line":34,"column":15}},"20":{"start":{"line":36,"column":6},"end":{"line":36,"column":27}},"21":{"start":{"line":42,"column":2},"end":{"line":50,"column":5}},"22":{"start":{"line":43,"column":4},"end":{"line":49,"column":7}},"23":{"start":{"line":44,"column":6},"end":{"line":47,"column":7}},"24":{"start":{"line":45,"column":8},"end":{"line":45,"column":20}},"25":{"start":{"line":46,"column":8},"end":{"line":46,"column":15}},"26":{"start":{"line":48,"column":6},"end":{"line":48,"column":26}},"27":{"start":{"line":54,"column":2},"end":{"line":62,"column":5}},"28":{"start":{"line":64,"column":18},"end":{"line":64,"column":55}},"29":{"start":{"line":65,"column":25},"end":{"line":65,"column":74}},"30":{"start":{"line":65,"column":50},"end":{"line":65,"column":73}},"31":{"start":{"line":66,"column":2},"end":{"line":68,"column":3}},"32":{"start":{"line":67,"column":4},"end":{"line":67,"column":57}},"33":{"start":{"line":70,"column":2},"end":{"line":72,"column":4}},"34":{"start":{"line":74,"column":2},"end":{"line":84,"column":5}},"35":{"start":{"line":86,"column":2},"end":{"line":102,"column":5}},"36":{"start":{"line":104,"column":2},"end":{"line":121,"column":5}},"37":{"start":{"line":123,"column":2},"end":{"line":131,"column":5}},"38":{"start":{"line":133,"column":2},"end":{"line":135,"column":4}},"39":{"start":{"line":136,"column":2},"end":{"line":138,"column":4}},"40":{"start":{"line":139,"column":2},"end":{"line":141,"column":4}},"41":{"start":{"line":144,"column":0},"end":{"line":150,"column":2}}},"fnMap":{"0":{"name":"ensureDbDirectory","decl":{"start":{"line":6,"column":9},"end":{"line":6,"column":26}},"loc":{"start":{"line":6,"column":35},"end":{"line":11,"column":1}},"line":6},"1":{"name":"run","decl":{"start":{"line":17,"column":9},"end":{"line":17,"column":12}},"loc":{"start":{"line":17,"column":31},"end":{"line":27,"column":1}},"line":17},"2":{"name":"(anonymous_2)","decl":{"start":{"line":18,"column":21},"end":{"line":18,"column":22}},"loc":{"start":{"line":18,"column":42},"end":{"line":26,"column":3}},"line":18},"3":{"name":"onRun","decl":{"start":{"line":19,"column":33},"end":{"line":19,"column":38}},"loc":{"start":{"line":19,"column":44},"end":{"line":25,"column":5}},"line":19},"4":{"name":"get","decl":{"start":{"line":29,"column":9},"end":{"line":29,"column":12}},"loc":{"start":{"line":29,"column":31},"end":{"line":39,"column":1}},"line":29},"5":{"name":"(anonymous_5)","decl":{"start":{"line":30,"column":21},"end":{"line":30,"column":22}},"loc":{"start":{"line":30,"column":42},"end":{"line":38,"column":3}},"line":30},"6":{"name":"(anonymous_6)","decl":{"start":{"line":31,"column":24},"end":{"line":31,"column":25}},"loc":{"start":{"line":31,"column":38},"end":{"line":37,"column":5}},"line":31},"7":{"name":"all","decl":{"start":{"line":41,"column":9},"end":{"line":41,"column":12}},"loc":{"start":{"line":41,"column":31},"end":{"line":51,"column":1}},"line":41},"8":{"name":"(anonymous_8)","decl":{"start":{"line":42,"column":21},"end":{"line":42,"column":22}},"loc":{"start":{"line":42,"column":42},"end":{"line":50,"column":3}},"line":42},"9":{"name":"(anonymous_9)","decl":{"start":{"line":43,"column":24},"end":{"line":43,"column":25}},"loc":{"start":{"line":43,"column":39},"end":{"line":49,"column":5}},"line":43},"10":{"name":"initializeDatabase","decl":{"start":{"line":53,"column":15},"end":{"line":53,"column":33}},"loc":{"start":{"line":53,"column":36},"end":{"line":142,"column":1}},"line":53},"11":{"name":"(anonymous_11)","decl":{"start":{"line":65,"column":38},"end":{"line":65,"column":39}},"loc":{"start":{"line":65,"column":50},"end":{"line":65,"column":73}},"line":65}},"branchMap":{"0":{"loc":{"start":{"line":8,"column":2},"end":{"line":10,"column":3}},"type":"if","locations":[{"start":{"line":8,"column":2},"end":{"line":10,"column":3}},{"start":{},"end":{}}],"line":8},"1":{"loc":{"start":{"line":17,"column":18},"end":{"line":17,"column":29}},"type":"default-arg","locations":[{"start":{"line":17,"column":27},"end":{"line":17,"column":29}}],"line":17},"2":{"loc":{"start":{"line":20,"column":6},"end":{"line":23,"column":7}},"type":"if","locations":[{"start":{"line":20,"column":6},"end":{"line":23,"column":7}},{"start":{},"end":{}}],"line":20},"3":{"loc":{"start":{"line":29,"column":18},"end":{"line":29,"column":29}},"type":"default-arg","locations":[{"start":{"line":29,"column":27},"end":{"line":29,"column":29}}],"line":29},"4":{"loc":{"start":{"line":32,"column":6},"end":{"line":35,"column":7}},"type":"if","locations":[{"start":{"line":32,"column":6},"end":{"line":35,"column":7}},{"start":{},"end":{}}],"line":32},"5":{"loc":{"start":{"line":36,"column":14},"end":{"line":36,"column":25}},"type":"binary-expr","locations":[{"start":{"line":36,"column":14},"end":{"line":36,"column":17}},{"start":{"line":36,"column":21},"end":{"line":36,"column":25}}],"line":36},"6":{"loc":{"start":{"line":41,"column":18},"end":{"line":41,"column":29}},"type":"default-arg","locations":[{"start":{"line":41,"column":27},"end":{"line":41,"column":29}}],"line":41},"7":{"loc":{"start":{"line":44,"column":6},"end":{"line":47,"column":7}},"type":"if","locations":[{"start":{"line":44,"column":6},"end":{"line":47,"column":7}},{"start":{},"end":{}}],"line":44},"8":{"loc":{"start":{"line":48,"column":14},"end":{"line":48,"column":24}},"type":"binary-expr","locations":[{"start":{"line":48,"column":14},"end":{"line":48,"column":18}},{"start":{"line":48,"column":22},"end":{"line":48,"column":24}}],"line":48},"9":{"loc":{"start":{"line":66,"column":2},"end":{"line":68,"column":3}},"type":"if","locations":[{"start":{"line":66,"column":2},"end":{"line":68,"column":3}},{"start":{},"end":{}}],"line":66}},"s":{"0":5,"1":5,"2":5,"3":5,"4":5,"5":5,"6":0,"7":5,"8":5,"9":117,"10":117,"11":117,"12":0,"13":0,"14":117,"15":205,"16":205,"17":205,"18":0,"19":0,"20":205,"21":5,"22":5,"23":5,"24":0,"25":0,"26":5,"27":4,"28":4,"29":4,"30":12,"31":4,"32":0,"33":4,"34":4,"35":4,"36":4,"37":4,"38":4,"39":4,"40":4,"41":5},"f":{"0":5,"1":117,"2":117,"3":117,"4":205,"5":205,"6":205,"7":5,"8":5,"9":5,"10":4,"11":12},"b":{"0":[0,5],"1":[36],"2":[0,117],"3":[0],"4":[0,205],"5":[205,89],"6":[4],"7":[0,5],"8":[5,0],"9":[0,4]},"_coverageSchema":"1a1c01bbd47fc00a2c39e90264f33305004495a9","hash":"7fbac5eb14b1db1f5eb88635c95bd769a134f068"}
,"D:\\_Projects\\Easyplay\\services\\auth-system\\src\\errors.js": {"path":"D:\\_Projects\\Easyplay\\services\\auth-system\\src\\errors.js","statementMap":{"0":{"start":{"line":3,"column":4},"end":{"line":3,"column":19}},"1":{"start":{"line":4,"column":4},"end":{"line":4,"column":33}},"2":{"start":{"line":8,"column":0},"end":{"line":10,"column":2}}},"fnMap":{"0":{"name":"(anonymous_0)","decl":{"start":{"line":2,"column":2},"end":{"line":2,"column":3}},"loc":{"start":{"line":2,"column":35},"end":{"line":5,"column":3}},"line":2}},"branchMap":{},"s":{"0":7,"1":7,"2":5},"f":{"0":7},"b":{},"_coverageSchema":"1a1c01bbd47fc00a2c39e90264f33305004495a9","hash":"3c860e3c72e7225c5173101713eb7e035d7c6e8d"}
,"D:\\_Projects\\Easyplay\\services\\auth-system\\src\\frontendServer.js": {"path":"D:\\_Projects\\Easyplay\\services\\auth-system\\src\\frontendServer.js","statementMap":{"0":{"start":{"line":1,"column":11},"end":{"line":1,"column":24}},"1":{"start":{"line":2,"column":13},"end":{"line":2,"column":28}},"2":{"start":{"line":10,"column":4},"end":{"line":10,"column":23}},"3":{"start":{"line":12,"column":26},"end":{"line":19,"column":1}},"4":{"start":{"line":22,"column":2},"end":{"line":22,"column":45}},"5":{"start":{"line":26,"column":20},"end":{"line":26,"column":31}},"6":{"start":{"line":27,"column":2},"end":{"line":31,"column":3}},"7":{"start":{"line":28,"column":4},"end":{"line":28,"column":50}},"8":{"start":{"line":30,"column":4},"end":{"line":30,"column":16}},"9":{"start":{"line":33,"column":25},"end":{"line":36,"column":27}},"10":{"start":{"line":37,"column":23},"end":{"line":37,"column":63}},"11":{"start":{"line":39,"column":2},"end":{"line":41,"column":3}},"12":{"start":{"line":40,"column":4},"end":{"line":40,"column":16}},"13":{"start":{"line":43,"column":2},"end":{"line":43,"column":22}},"14":{"start":{"line":47,"column":23},"end":{"line":47,"column":55}},"15":{"start":{"line":48,"column":2},"end":{"line":50,"column":3}},"16":{"start":{"line":49,"column":4},"end":{"line":49,"column":16}},"17":{"start":{"line":52,"column":2},"end":{"line":59,"column":3}},"18":{"start":{"line":53,"column":17},"end":{"line":53,"column":42}},"19":{"start":{"line":54,"column":4},"end":{"line":57,"column":5}},"20":{"start":{"line":55,"column":24},"end":{"line":55,"column":61}},"21":{"start":{"line":56,"column":6},"end":{"line":56,"column":57}},"22":{"start":{"line":58,"column":4},"end":{"line":58,"column":64}},"23":{"start":{"line":61,"column":2},"end":{"line":64,"column":3}},"24":{"start":{"line":62,"column":21},"end":{"line":62,"column":43}},"25":{"start":{"line":63,"column":4},"end":{"line":63,"column":53}},"26":{"start":{"line":66,"column":2},"end":{"line":66,"column":14}},"27":{"start":{"line":70,"column":2},"end":{"line":73,"column":3}},"28":{"start":{"line":71,"column":4},"end":{"line":71,"column":47}},"29":{"start":{"line":72,"column":4},"end":{"line":72,"column":11}},"30":{"start":{"line":75,"column":2},"end":{"line":78,"column":3}},"31":{"start":{"line":76,"column":4},"end":{"line":76,"column":76}},"32":{"start":{"line":77,"column":4},"end":{"line":77,"column":11}},"33":{"start":{"line":80,"column":22},"end":{"line":80,"column":61}},"34":{"start":{"line":81,"column":2},"end":{"line":87,"column":3}},"35":{"start":{"line":82,"column":4},"end":{"line":85,"column":6}},"36":{"start":{"line":86,"column":4},"end":{"line":86,"column":11}},"37":{"start":{"line":89,"column":2},"end":{"line":89,"column":57}},"38":{"start":{"line":93,"column":2},"end":{"line":93,"column":42}},"39":{"start":{"line":94,"column":2},"end":{"line":94,"column":19}},"40":{"start":{"line":96,"column":2},"end":{"line":98,"column":3}},"41":{"start":{"line":97,"column":4},"end":{"line":97,"column":38}},"42":{"start":{"line":100,"column":2},"end":{"line":110,"column":7}},"43":{"start":{"line":103,"column":23},"end":{"line":105,"column":42}},"44":{"start":{"line":106,"column":6},"end":{"line":106,"column":37}},"45":{"start":{"line":109,"column":6},"end":{"line":109,"column":78}},"46":{"start":{"line":114,"column":18},"end":{"line":114,"column":27}},"47":{"start":{"line":115,"column":16},"end":{"line":115,"column":20}},"48":{"start":{"line":118,"column":4},"end":{"line":118,"column":55}},"49":{"start":{"line":119,"column":4},"end":{"line":119,"column":47}},"50":{"start":{"line":120,"column":4},"end":{"line":120,"column":46}},"51":{"start":{"line":121,"column":4},"end":{"line":121,"column":23}},"52":{"start":{"line":122,"column":4},"end":{"line":122,"column":48}},"53":{"start":{"line":124,"column":4},"end":{"line":124,"column":21}},"54":{"start":{"line":125,"column":4},"end":{"line":125,"column":47}},"55":{"start":{"line":125,"column":26},"end":{"line":125,"column":45}},"56":{"start":{"line":129,"column":4},"end":{"line":131,"column":5}},"57":{"start":{"line":130,"column":6},"end":{"line":130,"column":55}},"58":{"start":{"line":135,"column":4},"end":{"line":137,"column":5}},"59":{"start":{"line":136,"column":6},"end":{"line":136,"column":13}},"60":{"start":{"line":138,"column":4},"end":{"line":140,"column":5}},"61":{"start":{"line":139,"column":6},"end":{"line":139,"column":13}},"62":{"start":{"line":142,"column":4},"end":{"line":160,"column":5}},"63":{"start":{"line":143,"column":6},"end":{"line":154,"column":8}},"64":{"start":{"line":147,"column":10},"end":{"line":149,"column":11}},"65":{"start":{"line":148,"column":12},"end":{"line":148,"column":19}},"66":{"start":{"line":150,"column":10},"end":{"line":152,"column":11}},"67":{"start":{"line":151,"column":12},"end":{"line":151,"column":30}},"68":{"start":{"line":156,"column":6},"end":{"line":156,"column":53}},"69":{"start":{"line":159,"column":6},"end":{"line":159,"column":59}},"70":{"start":{"line":164,"column":4},"end":{"line":167,"column":5}},"71":{"start":{"line":165,"column":6},"end":{"line":165,"column":22}},"72":{"start":{"line":166,"column":6},"end":{"line":166,"column":21}},"73":{"start":{"line":168,"column":4},"end":{"line":170,"column":5}},"74":{"start":{"line":169,"column":6},"end":{"line":169,"column":19}},"75":{"start":{"line":171,"column":4},"end":{"line":171,"column":20}},"76":{"start":{"line":174,"column":2},"end":{"line":179,"column":4}},"77":{"start":{"line":183,"column":2},"end":{"line":187,"column":3}},"78":{"start":{"line":185,"column":4},"end":{"line":185,"column":62}},"79":{"start":{"line":186,"column":4},"end":{"line":186,"column":11}},"80":{"start":{"line":189,"column":2},"end":{"line":191,"column":3}},"81":{"start":{"line":190,"column":4},"end":{"line":190,"column":51}},"82":{"start":{"line":193,"column":2},"end":{"line":215,"column":5}},"83":{"start":{"line":194,"column":4},"end":{"line":196,"column":5}},"84":{"start":{"line":195,"column":6},"end":{"line":195,"column":20}},"85":{"start":{"line":198,"column":4},"end":{"line":207,"column":5}},"86":{"start":{"line":204,"column":25},"end":{"line":204,"column":53}},"87":{"start":{"line":205,"column":26},"end":{"line":205,"column":82}},"88":{"start":{"line":206,"column":6},"end":{"line":206,"column":61}},"89":{"start":{"line":209,"column":21},"end":{"line":209,"column":56}},"90":{"start":{"line":210,"column":4},"end":{"line":212,"column":5}},"91":{"start":{"line":211,"column":6},"end":{"line":211,"column":20}},"92":{"start":{"line":214,"column":4},"end":{"line":214,"column":65}},"93":{"start":{"line":217,"column":2},"end":{"line":224,"column":4}},"94":{"start":{"line":220,"column":28},"end":{"line":220,"column":66}},"95":{"start":{"line":221,"column":8},"end":{"line":221,"column":48}},"96":{"start":{"line":226,"column":2},"end":{"line":231,"column":5}},"97":{"start":{"line":227,"column":4},"end":{"line":229,"column":5}},"98":{"start":{"line":228,"column":6},"end":{"line":228,"column":78}},"99":{"start":{"line":230,"column":4},"end":{"line":230,"column":18}},"100":{"start":{"line":237,"column":18},"end":{"line":237,"column":36}},"101":{"start":{"line":238,"column":2},"end":{"line":238,"column":43}},"102":{"start":{"line":241,"column":0},"end":{"line":244,"column":2}}},"fnMap":{"0":{"name":"hasStaticAssetExt","decl":{"start":{"line":21,"column":9},"end":{"line":21,"column":26}},"loc":{"start":{"line":21,"column":40},"end":{"line":23,"column":1}},"line":21},"1":{"name":"getSafeAbsolutePath","decl":{"start":{"line":25,"column":9},"end":{"line":25,"column":28}},"loc":{"start":{"line":25,"column":42},"end":{"line":44,"column":1}},"line":25},"2":{"name":"resolveHtmlPathForRequest","decl":{"start":{"line":46,"column":9},"end":{"line":46,"column":34}},"loc":{"start":{"line":46,"column":48},"end":{"line":67,"column":1}},"line":46},"3":{"name":"setCacheHeader","decl":{"start":{"line":69,"column":9},"end":{"line":69,"column":23}},"loc":{"start":{"line":69,"column":50},"end":{"line":90,"column":1}},"line":69},"4":{"name":"sendHtmlFile","decl":{"start":{"line":92,"column":9},"end":{"line":92,"column":21}},"loc":{"start":{"line":92,"column":58},"end":{"line":111,"column":1}},"line":92},"5":{"name":"(anonymous_5)","decl":{"start":{"line":102,"column":10},"end":{"line":102,"column":11}},"loc":{"start":{"line":102,"column":23},"end":{"line":107,"column":5}},"line":102},"6":{"name":"(anonymous_6)","decl":{"start":{"line":108,"column":11},"end":{"line":108,"column":12}},"loc":{"start":{"line":108,"column":22},"end":{"line":110,"column":5}},"line":108},"7":{"name":"createHotReloadManager","decl":{"start":{"line":113,"column":9},"end":{"line":113,"column":31}},"loc":{"start":{"line":113,"column":34},"end":{"line":180,"column":1}},"line":113},"8":{"name":"sseHandler","decl":{"start":{"line":117,"column":11},"end":{"line":117,"column":21}},"loc":{"start":{"line":117,"column":32},"end":{"line":126,"column":3}},"line":117},"9":{"name":"(anonymous_9)","decl":{"start":{"line":125,"column":20},"end":{"line":125,"column":21}},"loc":{"start":{"line":125,"column":26},"end":{"line":125,"column":45}},"line":125},"10":{"name":"broadcastReload","decl":{"start":{"line":128,"column":11},"end":{"line":128,"column":26}},"loc":{"start":{"line":128,"column":29},"end":{"line":132,"column":3}},"line":128},"11":{"name":"startWatch","decl":{"start":{"line":134,"column":11},"end":{"line":134,"column":21}},"loc":{"start":{"line":134,"column":24},"end":{"line":161,"column":3}},"line":134},"12":{"name":"(anonymous_12)","decl":{"start":{"line":146,"column":8},"end":{"line":146,"column":9}},"loc":{"start":{"line":146,"column":33},"end":{"line":153,"column":9}},"line":146},"13":{"name":"stopWatch","decl":{"start":{"line":163,"column":11},"end":{"line":163,"column":20}},"loc":{"start":{"line":163,"column":23},"end":{"line":172,"column":3}},"line":163},"14":{"name":"registerFrontend","decl":{"start":{"line":182,"column":9},"end":{"line":182,"column":25}},"loc":{"start":{"line":182,"column":49},"end":{"line":232,"column":1}},"line":182},"15":{"name":"(anonymous_15)","decl":{"start":{"line":193,"column":16},"end":{"line":193,"column":17}},"loc":{"start":{"line":193,"column":36},"end":{"line":215,"column":3}},"line":193},"16":{"name":"(anonymous_16)","decl":{"start":{"line":219,"column":18},"end":{"line":219,"column":19}},"loc":{"start":{"line":219,"column":37},"end":{"line":222,"column":7}},"line":219},"17":{"name":"(anonymous_17)","decl":{"start":{"line":226,"column":16},"end":{"line":226,"column":17}},"loc":{"start":{"line":226,"column":36},"end":{"line":231,"column":3}},"line":226},"18":{"name":"expressStaticWithCache","decl":{"start":{"line":234,"column":9},"end":{"line":234,"column":31}},"loc":{"start":{"line":234,"column":51},"end":{"line":239,"column":1}},"line":234}},"branchMap":{"0":{"loc":{"start":{"line":39,"column":2},"end":{"line":41,"column":3}},"type":"if","locations":[{"start":{"line":39,"column":2},"end":{"line":41,"column":3}},{"start":{},"end":{}}],"line":39},"1":{"loc":{"start":{"line":48,"column":2},"end":{"line":50,"column":3}},"type":"if","locations":[{"start":{"line":48,"column":2},"end":{"line":50,"column":3}},{"start":{},"end":{}}],"line":48},"2":{"loc":{"start":{"line":52,"column":2},"end":{"line":59,"column":3}},"type":"if","locations":[{"start":{"line":52,"column":2},"end":{"line":59,"column":3}},{"start":{},"end":{}}],"line":52},"3":{"loc":{"start":{"line":54,"column":4},"end":{"line":57,"column":5}},"type":"if","locations":[{"start":{"line":54,"column":4},"end":{"line":57,"column":5}},{"start":{},"end":{}}],"line":54},"4":{"loc":{"start":{"line":56,"column":13},"end":{"line":56,"column":56}},"type":"cond-expr","locations":[{"start":{"line":56,"column":40},"end":{"line":56,"column":49}},{"start":{"line":56,"column":52},"end":{"line":56,"column":56}}],"line":56},"5":{"loc":{"start":{"line":58,"column":11},"end":{"line":58,"column":63}},"type":"cond-expr","locations":[{"start":{"line":58,"column":44},"end":{"line":58,"column":56}},{"start":{"line":58,"column":59},"end":{"line":58,"column":63}}],"line":58},"6":{"loc":{"start":{"line":61,"column":2},"end":{"line":64,"column":3}},"type":"if","locations":[{"start":{"line":61,"column":2},"end":{"line":64,"column":3}},{"start":{},"end":{}}],"line":61},"7":{"loc":{"start":{"line":63,"column":11},"end":{"line":63,"column":52}},"type":"cond-expr","locations":[{"start":{"line":63,"column":37},"end":{"line":63,"column":45}},{"start":{"line":63,"column":48},"end":{"line":63,"column":52}}],"line":63},"8":{"loc":{"start":{"line":70,"column":2},"end":{"line":73,"column":3}},"type":"if","locations":[{"start":{"line":70,"column":2},"end":{"line":73,"column":3}},{"start":{},"end":{}}],"line":70},"9":{"loc":{"start":{"line":75,"column":2},"end":{"line":78,"column":3}},"type":"if","locations":[{"start":{"line":75,"column":2},"end":{"line":78,"column":3}},{"start":{},"end":{}}],"line":75},"10":{"loc":{"start":{"line":81,"column":2},"end":{"line":87,"column":3}},"type":"if","locations":[{"start":{"line":81,"column":2},"end":{"line":87,"column":3}},{"start":{},"end":{}}],"line":81},"11":{"loc":{"start":{"line":96,"column":2},"end":{"line":98,"column":3}},"type":"if","locations":[{"start":{"line":96,"column":2},"end":{"line":98,"column":3}},{"start":{},"end":{}}],"line":96},"12":{"loc":{"start":{"line":103,"column":23},"end":{"line":105,"column":42}},"type":"cond-expr","locations":[{"start":{"line":104,"column":10},"end":{"line":104,"column":67}},{"start":{"line":105,"column":10},"end":{"line":105,"column":42}}],"line":103},"13":{"loc":{"start":{"line":135,"column":4},"end":{"line":137,"column":5}},"type":"if","locations":[{"start":{"line":135,"column":4},"end":{"line":137,"column":5}},{"start":{},"end":{}}],"line":135},"14":{"loc":{"start":{"line":135,"column":8},"end":{"line":135,"column":40}},"type":"binary-expr","locations":[{"start":{"line":135,"column":8},"end":{"line":135,"column":21}},{"start":{"line":135,"column":25},"end":{"line":135,"column":40}}],"line":135},"15":{"loc":{"start":{"line":138,"column":4},"end":{"line":140,"column":5}},"type":"if","locations":[{"start":{"line":138,"column":4},"end":{"line":140,"column":5}},{"start":{},"end":{}}],"line":138},"16":{"loc":{"start":{"line":147,"column":10},"end":{"line":149,"column":11}},"type":"if","locations":[{"start":{"line":147,"column":10},"end":{"line":149,"column":11}},{"start":{},"end":{}}],"line":147},"17":{"loc":{"start":{"line":147,"column":14},"end":{"line":147,"column":60}},"type":"binary-expr","locations":[{"start":{"line":147,"column":14},"end":{"line":147,"column":23}},{"start":{"line":147,"column":27},"end":{"line":147,"column":60}}],"line":147},"18":{"loc":{"start":{"line":150,"column":10},"end":{"line":152,"column":11}},"type":"if","locations":[{"start":{"line":150,"column":10},"end":{"line":152,"column":11}},{"start":{},"end":{}}],"line":150},"19":{"loc":{"start":{"line":150,"column":14},"end":{"line":150,"column":62}},"type":"binary-expr","locations":[{"start":{"line":150,"column":14},"end":{"line":150,"column":36}},{"start":{"line":150,"column":40},"end":{"line":150,"column":62}}],"line":150},"20":{"loc":{"start":{"line":164,"column":4},"end":{"line":167,"column":5}},"type":"if","locations":[{"start":{"line":164,"column":4},"end":{"line":167,"column":5}},{"start":{},"end":{}}],"line":164},"21":{"loc":{"start":{"line":175,"column":13},"end":{"line":175,"column":45}},"type":"binary-expr","locations":[{"start":{"line":175,"column":13},"end":{"line":175,"column":27}},{"start":{"line":175,"column":31},"end":{"line":175,"column":45}}],"line":175},"22":{"loc":{"start":{"line":183,"column":2},"end":{"line":187,"column":3}},"type":"if","locations":[{"start":{"line":183,"column":2},"end":{"line":187,"column":3}},{"start":{},"end":{}}],"line":183},"23":{"loc":{"start":{"line":189,"column":2},"end":{"line":191,"column":3}},"type":"if","locations":[{"start":{"line":189,"column":2},"end":{"line":191,"column":3}},{"start":{},"end":{}}],"line":189},"24":{"loc":{"start":{"line":194,"column":4},"end":{"line":196,"column":5}},"type":"if","locations":[{"start":{"line":194,"column":4},"end":{"line":196,"column":5}},{"start":{},"end":{}}],"line":194},"25":{"loc":{"start":{"line":194,"column":8},"end":{"line":194,"column":76}},"type":"binary-expr","locations":[{"start":{"line":194,"column":8},"end":{"line":194,"column":45}},{"start":{"line":194,"column":49},"end":{"line":194,"column":76}}],"line":194},"26":{"loc":{"start":{"line":198,"column":4},"end":{"line":207,"column":5}},"type":"if","locations":[{"start":{"line":198,"column":4},"end":{"line":207,"column":5}},{"start":{},"end":{}}],"line":198},"27":{"loc":{"start":{"line":199,"column":6},"end":{"line":202,"column":25}},"type":"binary-expr","locations":[{"start":{"line":199,"column":6},"end":{"line":199,"column":22}},{"start":{"line":200,"column":6},"end":{"line":200,"column":34}},{"start":{"line":201,"column":6},"end":{"line":201,"column":29}},{"start":{"line":202,"column":6},"end":{"line":202,"column":25}}],"line":199},"28":{"loc":{"start":{"line":205,"column":26},"end":{"line":205,"column":82}},"type":"cond-expr","locations":[{"start":{"line":205,"column":44},"end":{"line":205,"column":77}},{"start":{"line":205,"column":80},"end":{"line":205,"column":82}}],"line":205},"29":{"loc":{"start":{"line":210,"column":4},"end":{"line":212,"column":5}},"type":"if","locations":[{"start":{"line":210,"column":4},"end":{"line":212,"column":5}},{"start":{},"end":{}}],"line":210},"30":{"loc":{"start":{"line":227,"column":4},"end":{"line":229,"column":5}},"type":"if","locations":[{"start":{"line":227,"column":4},"end":{"line":229,"column":5}},{"start":{},"end":{}}],"line":227},"31":{"loc":{"start":{"line":227,"column":8},"end":{"line":227,"column":91}},"type":"binary-expr","locations":[{"start":{"line":227,"column":8},"end":{"line":227,"column":36}},{"start":{"line":227,"column":40},"end":{"line":227,"column":68}},{"start":{"line":227,"column":72},"end":{"line":227,"column":91}}],"line":227}},"s":{"0":5,"1":5,"2":5,"3":5,"4":1,"5":2,"6":2,"7":2,"8":0,"9":2,"10":2,"11":2,"12":0,"13":2,"14":2,"15":2,"16":0,"17":2,"18":2,"19":2,"20":1,"21":1,"22":1,"23":0,"24":0,"25":0,"26":0,"27":2,"28":2,"29":2,"30":0,"31":0,"32":0,"33":0,"34":0,"35":0,"36":0,"37":0,"38":1,"39":1,"40":1,"41":0,"42":1,"43":1,"44":1,"45":0,"46":5,"47":5,"48":0,"49":0,"50":0,"51":0,"52":0,"53":0,"54":0,"55":0,"56":0,"57":0,"58":0,"59":0,"60":0,"61":0,"62":0,"63":0,"64":0,"65":0,"66":0,"67":0,"68":0,"69":0,"70":0,"71":0,"72":0,"73":0,"74":0,"75":0,"76":5,"77":2,"78":0,"79":0,"80":2,"81":2,"82":2,"83":2,"84":0,"85":2,"86":0,"87":0,"88":0,"89":2,"90":2,"91":1,"92":1,"93":2,"94":1,"95":1,"96":2,"97":0,"98":0,"99":0,"100":2,"101":2,"102":5},"f":{"0":1,"1":2,"2":2,"3":2,"4":1,"5":1,"6":0,"7":5,"8":0,"9":0,"10":0,"11":0,"12":0,"13":0,"14":2,"15":2,"16":1,"17":0,"18":2},"b":{"0":[0,2],"1":[0,2],"2":[2,0],"3":[1,1],"4":[1,0],"5":[0,1],"6":[0,0],"7":[0,0],"8":[2,0],"9":[0,0],"10":[0,0],"11":[0,1],"12":[1,0],"13":[0,0],"14":[0,0],"15":[0,0],"16":[0,0],"17":[0,0],"18":[0,0],"19":[0,0],"20":[0,0],"21":[5,5],"22":[0,2],"23":[2,0],"24":[0,2],"25":[2,2],"26":[0,2],"27":[2,1,0,0],"28":[0,0],"29":[1,1],"30":[0,0],"31":[0,0,0]},"_coverageSchema":"1a1c01bbd47fc00a2c39e90264f33305004495a9","hash":"4660d6895928ac5ef8a53118e4455dd4ac988959"}
,"D:\\_Projects\\Easyplay\\services\\auth-system\\src\\middleware\\accessLogger.js": {"path":"D:\\_Projects\\Easyplay\\services\\auth-system\\src\\middleware\\accessLogger.js","statementMap":{"0":{"start":{"line":2,"column":20},"end":{"line":2,"column":43}},"1":{"start":{"line":4,"column":2},"end":{"line":15,"column":5}},"2":{"start":{"line":5,"column":22},"end":{"line":5,"column":71}},"3":{"start":{"line":6,"column":20},"end":{"line":12,"column":15}},"4":{"start":{"line":14,"column":4},"end":{"line":14,"column":25}},"5":{"start":{"line":17,"column":2},"end":{"line":17,"column":9}},"6":{"start":{"line":20,"column":0},"end":{"line":22,"column":2}}},"fnMap":{"0":{"name":"accessLogger","decl":{"start":{"line":1,"column":9},"end":{"line":1,"column":21}},"loc":{"start":{"line":1,"column":38},"end":{"line":18,"column":1}},"line":1},"1":{"name":"(anonymous_1)","decl":{"start":{"line":4,"column":19},"end":{"line":4,"column":20}},"loc":{"start":{"line":4,"column":25},"end":{"line":15,"column":3}},"line":4}},"branchMap":{},"s":{"0":66,"1":66,"2":66,"3":66,"4":66,"5":66,"6":5},"f":{"0":66,"1":66},"b":{},"_coverageSchema":"1a1c01bbd47fc00a2c39e90264f33305004495a9","hash":"76717fc58f4d9b02d136c1dcbbd15ad96dd0e4e1"}
,"D:\\_Projects\\Easyplay\\services\\auth-system\\src\\middleware\\auth.js": {"path":"D:\\_Projects\\Easyplay\\services\\auth-system\\src\\middleware\\auth.js","statementMap":{"0":{"start":{"line":1,"column":21},"end":{"line":1,"column":41}},"1":{"start":{"line":2,"column":30},"end":{"line":2,"column":64}},"2":{"start":{"line":5,"column":21},"end":{"line":5,"column":46}},"3":{"start":{"line":6,"column":2},"end":{"line":8,"column":3}},"4":{"start":{"line":7,"column":4},"end":{"line":7,"column":46}},"5":{"start":{"line":9,"column":2},"end":{"line":11,"column":3}},"6":{"start":{"line":10,"column":4},"end":{"line":10,"column":29}},"7":{"start":{"line":12,"column":2},"end":{"line":12,"column":14}},"8":{"start":{"line":16,"column":2},"end":{"line":26,"column":3}},"9":{"start":{"line":17,"column":18},"end":{"line":17,"column":35}},"10":{"start":{"line":18,"column":4},"end":{"line":20,"column":5}},"11":{"start":{"line":19,"column":6},"end":{"line":19,"column":44}},"12":{"start":{"line":21,"column":20},"end":{"line":21,"column":44}},"13":{"start":{"line":22,"column":4},"end":{"line":22,"column":23}},"14":{"start":{"line":23,"column":4},"end":{"line":23,"column":11}},"15":{"start":{"line":25,"column":4},"end":{"line":25,"column":42}},"16":{"start":{"line":29,"column":0},"end":{"line":31,"column":2}}},"fnMap":{"0":{"name":"extractToken","decl":{"start":{"line":4,"column":9},"end":{"line":4,"column":21}},"loc":{"start":{"line":4,"column":27},"end":{"line":13,"column":1}},"line":4},"1":{"name":"requireAuth","decl":{"start":{"line":15,"column":9},"end":{"line":15,"column":20}},"loc":{"start":{"line":15,"column":37},"end":{"line":27,"column":1}},"line":15}},"branchMap":{"0":{"loc":{"start":{"line":6,"column":2},"end":{"line":8,"column":3}},"type":"if","locations":[{"start":{"line":6,"column":2},"end":{"line":8,"column":3}},{"start":{},"end":{}}],"line":6},"1":{"loc":{"start":{"line":6,"column":6},"end":{"line":6,"column":52}},"type":"binary-expr","locations":[{"start":{"line":6,"column":6},"end":{"line":6,"column":16}},{"start":{"line":6,"column":20},"end":{"line":6,"column":52}}],"line":6},"2":{"loc":{"start":{"line":9,"column":2},"end":{"line":11,"column":3}},"type":"if","locations":[{"start":{"line":9,"column":2},"end":{"line":11,"column":3}},{"start":{},"end":{}}],"line":9},"3":{"loc":{"start":{"line":9,"column":6},"end":{"line":9,"column":38}},"type":"binary-expr","locations":[{"start":{"line":9,"column":6},"end":{"line":9,"column":17}},{"start":{"line":9,"column":21},"end":{"line":9,"column":38}}],"line":9},"4":{"loc":{"start":{"line":18,"column":4},"end":{"line":20,"column":5}},"type":"if","locations":[{"start":{"line":18,"column":4},"end":{"line":20,"column":5}},{"start":{},"end":{}}],"line":18}},"s":{"0":5,"1":5,"2":37,"3":37,"4":37,"5":0,"6":0,"7":0,"8":37,"9":37,"10":37,"11":0,"12":37,"13":37,"14":37,"15":0,"16":5},"f":{"0":37,"1":37},"b":{"0":[37,0],"1":[37,37],"2":[0,0],"3":[0,0],"4":[0,37]},"_coverageSchema":"1a1c01bbd47fc00a2c39e90264f33305004495a9","hash":"2bdebcb1df38e5da9397985924d62cb1aa83e356"}
,"D:\\_Projects\\Easyplay\\services\\auth-system\\src\\middleware\\cors.js": {"path":"D:\\_Projects\\Easyplay\\services\\auth-system\\src\\middleware\\cors.js","statementMap":{"0":{"start":{"line":1,"column":70},"end":{"line":1,"column":90}},"1":{"start":{"line":4,"column":2},"end":{"line":6,"column":3}},"2":{"start":{"line":5,"column":4},"end":{"line":5,"column":16}},"3":{"start":{"line":7,"column":20},"end":{"line":9,"column":20}},"4":{"start":{"line":8,"column":19},"end":{"line":8,"column":30}},"5":{"start":{"line":10,"column":2},"end":{"line":10,"column":36}},"6":{"start":{"line":14,"column":24},"end":{"line":14,"column":42}},"7":{"start":{"line":16,"column":2},"end":{"line":25,"column":3}},"8":{"start":{"line":18,"column":6},"end":{"line":22,"column":23}},"9":{"start":{"line":23,"column":4},"end":{"line":23,"column":63}},"10":{"start":{"line":24,"column":4},"end":{"line":24,"column":36}},"11":{"start":{"line":27,"column":2},"end":{"line":27,"column":62}},"12":{"start":{"line":28,"column":2},"end":{"line":28,"column":62}},"13":{"start":{"line":30,"column":2},"end":{"line":32,"column":3}},"14":{"start":{"line":31,"column":4},"end":{"line":31,"column":62}},"15":{"start":{"line":34,"column":2},"end":{"line":36,"column":3}},"16":{"start":{"line":35,"column":4},"end":{"line":35,"column":33}},"17":{"start":{"line":38,"column":2},"end":{"line":38,"column":16}},"18":{"start":{"line":41,"column":0},"end":{"line":43,"column":2}}},"fnMap":{"0":{"name":"isOriginAllowed","decl":{"start":{"line":3,"column":9},"end":{"line":3,"column":24}},"loc":{"start":{"line":3,"column":33},"end":{"line":11,"column":1}},"line":3},"1":{"name":"(anonymous_1)","decl":{"start":{"line":8,"column":9},"end":{"line":8,"column":10}},"loc":{"start":{"line":8,"column":19},"end":{"line":8,"column":30}},"line":8},"2":{"name":"corsMiddleware","decl":{"start":{"line":13,"column":9},"end":{"line":13,"column":23}},"loc":{"start":{"line":13,"column":40},"end":{"line":39,"column":1}},"line":13}},"branchMap":{"0":{"loc":{"start":{"line":4,"column":2},"end":{"line":6,"column":3}},"type":"if","locations":[{"start":{"line":4,"column":2},"end":{"line":6,"column":3}},{"start":{},"end":{}}],"line":4},"1":{"loc":{"start":{"line":4,"column":6},"end":{"line":4,"column":36}},"type":"binary-expr","locations":[{"start":{"line":4,"column":6},"end":{"line":4,"column":13}},{"start":{"line":4,"column":17},"end":{"line":4,"column":36}}],"line":4},"2":{"loc":{"start":{"line":16,"column":2},"end":{"line":25,"column":3}},"type":"if","locations":[{"start":{"line":16,"column":2},"end":{"line":25,"column":3}},{"start":{},"end":{}}],"line":16},"3":{"loc":{"start":{"line":18,"column":6},"end":{"line":22,"column":23}},"type":"cond-expr","locations":[{"start":{"line":19,"column":10},"end":{"line":21,"column":15}},{"start":{"line":22,"column":10},"end":{"line":22,"column":23}}],"line":18},"4":{"loc":{"start":{"line":19,"column":10},"end":{"line":21,"column":15}},"type":"cond-expr","locations":[{"start":{"line":20,"column":12},"end":{"line":20,"column":25}},{"start":{"line":21,"column":12},"end":{"line":21,"column":15}}],"line":19},"5":{"loc":{"start":{"line":19,"column":10},"end":{"line":19,"column":43}},"type":"binary-expr","locations":[{"start":{"line":19,"column":10},"end":{"line":19,"column":26}},{"start":{"line":19,"column":30},"end":{"line":19,"column":43}}],"line":19},"6":{"loc":{"start":{"line":30,"column":2},"end":{"line":32,"column":3}},"type":"if","locations":[{"start":{"line":30,"column":2},"end":{"line":32,"column":3}},{"start":{},"end":{}}],"line":30},"7":{"loc":{"start":{"line":34,"column":2},"end":{"line":36,"column":3}},"type":"if","locations":[{"start":{"line":34,"column":2},"end":{"line":36,"column":3}},{"start":{},"end":{}}],"line":34}},"s":{"0":5,"1":66,"2":66,"3":0,"4":0,"5":0,"6":66,"7":66,"8":66,"9":66,"10":66,"11":66,"12":66,"13":66,"14":0,"15":66,"16":0,"17":66,"18":5},"f":{"0":66,"1":0,"2":66},"b":{"0":[66,0],"1":[66,0],"2":[66,0],"3":[66,0],"4":[0,66],"5":[66,0],"6":[0,66],"7":[0,66]},"_coverageSchema":"1a1c01bbd47fc00a2c39e90264f33305004495a9","hash":"370076e5537d52f5a866298aedfa99ec06e54005"}
,"D:\\_Projects\\Easyplay\\services\\auth-system\\src\\middleware\\errorHandler.js": {"path":"D:\\_Projects\\Easyplay\\services\\auth-system\\src\\middleware\\errorHandler.js","statementMap":{"0":{"start":{"line":2,"column":21},"end":{"line":2,"column":42}},"1":{"start":{"line":3,"column":18},"end":{"line":3,"column":42}},"2":{"start":{"line":5,"column":2},"end":{"line":8,"column":3}},"3":{"start":{"line":7,"column":4},"end":{"line":7,"column":23}},"4":{"start":{"line":10,"column":2},"end":{"line":12,"column":5}},"5":{"start":{"line":15,"column":0},"end":{"line":17,"column":2}}},"fnMap":{"0":{"name":"errorHandler","decl":{"start":{"line":1,"column":9},"end":{"line":1,"column":21}},"loc":{"start":{"line":1,"column":43},"end":{"line":13,"column":1}},"line":1}},"branchMap":{"0":{"loc":{"start":{"line":2,"column":21},"end":{"line":2,"column":42}},"type":"binary-expr","locations":[{"start":{"line":2,"column":21},"end":{"line":2,"column":35}},{"start":{"line":2,"column":39},"end":{"line":2,"column":42}}],"line":2},"1":{"loc":{"start":{"line":3,"column":18},"end":{"line":3,"column":42}},"type":"binary-expr","locations":[{"start":{"line":3,"column":18},"end":{"line":3,"column":29}},{"start":{"line":3,"column":33},"end":{"line":3,"column":42}}],"line":3},"2":{"loc":{"start":{"line":5,"column":2},"end":{"line":8,"column":3}},"type":"if","locations":[{"start":{"line":5,"column":2},"end":{"line":8,"column":3}},{"start":{},"end":{}}],"line":5}},"s":{"0":7,"1":7,"2":7,"3":0,"4":7,"5":5},"f":{"0":7},"b":{"0":[7,0],"1":[7,0],"2":[0,7]},"_coverageSchema":"1a1c01bbd47fc00a2c39e90264f33305004495a9","hash":"44d8fe814fc9c107ad9f818a58d5d130b62aaf43"}
,"D:\\_Projects\\Easyplay\\services\\auth-system\\src\\middleware\\rateLimit.js": {"path":"D:\\_Projects\\Easyplay\\services\\auth-system\\src\\middleware\\rateLimit.js","statementMap":{"0":{"start":{"line":3,"column":16},"end":{"line":3,"column":25}},"1":{"start":{"line":6,"column":13},"end":{"line":6,"column":60}},"2":{"start":{"line":7,"column":15},"end":{"line":7,"column":55}},"3":{"start":{"line":8,"column":2},"end":{"line":8,"column":25}},"4":{"start":{"line":12,"column":2},"end":{"line":30,"column":4}},"5":{"start":{"line":13,"column":16},"end":{"line":13,"column":26}},"6":{"start":{"line":14,"column":16},"end":{"line":14,"column":33}},"7":{"start":{"line":15,"column":19},"end":{"line":15,"column":76}},"8":{"start":{"line":16,"column":4},"end":{"line":19,"column":5}},"9":{"start":{"line":17,"column":6},"end":{"line":17,"column":23}},"10":{"start":{"line":18,"column":6},"end":{"line":18,"column":38}},"11":{"start":{"line":20,"column":4},"end":{"line":20,"column":22}},"12":{"start":{"line":21,"column":4},"end":{"line":21,"column":29}},"13":{"start":{"line":23,"column":4},"end":{"line":27,"column":5}},"14":{"start":{"line":24,"column":6},"end":{"line":24,"column":77}},"15":{"start":{"line":25,"column":6},"end":{"line":25,"column":54}},"16":{"start":{"line":26,"column":6},"end":{"line":26,"column":13}},"17":{"start":{"line":29,"column":4},"end":{"line":29,"column":11}},"18":{"start":{"line":33,"column":0},"end":{"line":35,"column":2}}},"fnMap":{"0":{"name":"getClientKey","decl":{"start":{"line":5,"column":9},"end":{"line":5,"column":21}},"loc":{"start":{"line":5,"column":27},"end":{"line":9,"column":1}},"line":5},"1":{"name":"createRateLimiter","decl":{"start":{"line":11,"column":9},"end":{"line":11,"column":26}},"loc":{"start":{"line":11,"column":54},"end":{"line":31,"column":1}},"line":11},"2":{"name":"rateLimiter","decl":{"start":{"line":12,"column":18},"end":{"line":12,"column":29}},"loc":{"start":{"line":12,"column":46},"end":{"line":30,"column":3}},"line":12}},"branchMap":{"0":{"loc":{"start":{"line":6,"column":13},"end":{"line":6,"column":60}},"type":"binary-expr","locations":[{"start":{"line":6,"column":13},"end":{"line":6,"column":19}},{"start":{"line":6,"column":23},"end":{"line":6,"column":47}},{"start":{"line":6,"column":51},"end":{"line":6,"column":60}}],"line":6},"1":{"loc":{"start":{"line":7,"column":15},"end":{"line":7,"column":55}},"type":"cond-expr","locations":[{"start":{"line":7,"column":26},"end":{"line":7,"column":45}},{"start":{"line":7,"column":48},"end":{"line":7,"column":55}}],"line":7},"2":{"loc":{"start":{"line":15,"column":19},"end":{"line":15,"column":76}},"type":"binary-expr","locations":[{"start":{"line":15,"column":19},"end":{"line":15,"column":35}},{"start":{"line":15,"column":39},"end":{"line":15,"column":76}}],"line":15},"3":{"loc":{"start":{"line":16,"column":4},"end":{"line":19,"column":5}},"type":"if","locations":[{"start":{"line":16,"column":4},"end":{"line":19,"column":5}},{"start":{},"end":{}}],"line":16},"4":{"loc":{"start":{"line":23,"column":4},"end":{"line":27,"column":5}},"type":"if","locations":[{"start":{"line":23,"column":4},"end":{"line":27,"column":5}},{"start":{},"end":{}}],"line":23}},"s":{"0":5,"1":63,"2":63,"3":63,"4":5,"5":63,"6":63,"7":63,"8":63,"9":0,"10":0,"11":63,"12":63,"13":63,"14":0,"15":0,"16":0,"17":63,"18":5},"f":{"0":63,"1":5,"2":63},"b":{"0":[63,0,0],"1":[0,63],"2":[63,4],"3":[0,63],"4":[0,63]},"_coverageSchema":"1a1c01bbd47fc00a2c39e90264f33305004495a9","hash":"bbe9d725877ebc5e7df683d72f55bdebe51770e7"}
,"D:\\_Projects\\Easyplay\\services\\auth-system\\src\\models\\gameModel.js": {"path":"D:\\_Projects\\Easyplay\\services\\auth-system\\src\\models\\gameModel.js","statementMap":{"0":{"start":{"line":3,"column":26},"end":{"line":3,"column":42}},"1":{"start":{"line":16,"column":19},"end":{"line":16,"column":84}},"2":{"start":{"line":17,"column":2},"end":{"line":35,"column":3}},"3":{"start":{"line":18,"column":4},"end":{"line":33,"column":6}},"4":{"start":{"line":34,"column":4},"end":{"line":34,"column":35}},"5":{"start":{"line":37,"column":2},"end":{"line":52,"column":4}},"6":{"start":{"line":53,"column":2},"end":{"line":53,"column":33}},"7":{"start":{"line":57,"column":14},"end":{"line":62,"column":3}},"8":{"start":{"line":63,"column":2},"end":{"line":65,"column":3}},"9":{"start":{"line":64,"column":4},"end":{"line":64,"column":16}},"10":{"start":{"line":66,"column":2},"end":{"line":69,"column":4}},"11":{"start":{"line":73,"column":15},"end":{"line":78,"column":3}},"12":{"start":{"line":79,"column":2},"end":{"line":82,"column":6}},"13":{"start":{"line":79,"column":28},"end":{"line":82,"column":3}},"14":{"start":{"line":96,"column":14},"end":{"line":96,"column":38}},"15":{"start":{"line":97,"column":2},"end":{"line":114,"column":4}},"16":{"start":{"line":118,"column":2},"end":{"line":125,"column":4}},"17":{"start":{"line":129,"column":14},"end":{"line":129,"column":38}},"18":{"start":{"line":130,"column":2},"end":{"line":134,"column":4}},"19":{"start":{"line":135,"column":2},"end":{"line":135,"column":30}},"20":{"start":{"line":139,"column":2},"end":{"line":144,"column":4}},"21":{"start":{"line":148,"column":14},"end":{"line":148,"column":38}},"22":{"start":{"line":149,"column":2},"end":{"line":160,"column":3}},"23":{"start":{"line":150,"column":4},"end":{"line":150,"column":40}},"24":{"start":{"line":151,"column":4},"end":{"line":151,"column":39}},"25":{"start":{"line":152,"column":4},"end":{"line":155,"column":6}},"26":{"start":{"line":156,"column":4},"end":{"line":159,"column":6}},"27":{"start":{"line":162,"column":2},"end":{"line":170,"column":3}},"28":{"start":{"line":163,"column":4},"end":{"line":169,"column":5}},"29":{"start":{"line":164,"column":6},"end":{"line":164,"column":36}},"30":{"start":{"line":165,"column":6},"end":{"line":168,"column":8}},"31":{"start":{"line":174,"column":14},"end":{"line":174,"column":38}},"32":{"start":{"line":175,"column":2},"end":{"line":180,"column":4}},"33":{"start":{"line":183,"column":0},"end":{"line":193,"column":2}}},"fnMap":{"0":{"name":"createOrUpdateRoom","decl":{"start":{"line":5,"column":15},"end":{"line":5,"column":33}},"loc":{"start":{"line":15,"column":3},"end":{"line":54,"column":1}},"line":15},"1":{"name":"getRoomByCode","decl":{"start":{"line":56,"column":15},"end":{"line":56,"column":28}},"loc":{"start":{"line":56,"column":39},"end":{"line":70,"column":1}},"line":56},"2":{"name":"listActiveRooms","decl":{"start":{"line":72,"column":15},"end":{"line":72,"column":30}},"loc":{"start":{"line":72,"column":33},"end":{"line":83,"column":1}},"line":72},"3":{"name":"(anonymous_3)","decl":{"start":{"line":79,"column":18},"end":{"line":79,"column":19}},"loc":{"start":{"line":79,"column":28},"end":{"line":82,"column":3}},"line":79},"4":{"name":"createGameRecord","decl":{"start":{"line":85,"column":15},"end":{"line":85,"column":31}},"loc":{"start":{"line":95,"column":3},"end":{"line":115,"column":1}},"line":95},"5":{"name":"getUserGameHistory","decl":{"start":{"line":117,"column":15},"end":{"line":117,"column":33}},"loc":{"start":{"line":117,"column":54},"end":{"line":126,"column":1}},"line":117},"6":{"name":"ensureUserStats","decl":{"start":{"line":128,"column":15},"end":{"line":128,"column":30}},"loc":{"start":{"line":128,"column":39},"end":{"line":136,"column":1}},"line":128},"7":{"name":"getUserStats","decl":{"start":{"line":138,"column":15},"end":{"line":138,"column":27}},"loc":{"start":{"line":138,"column":36},"end":{"line":145,"column":1}},"line":138},"8":{"name":"updateStatsForResult","decl":{"start":{"line":147,"column":15},"end":{"line":147,"column":35}},"loc":{"start":{"line":147,"column":85},"end":{"line":171,"column":1}},"line":147},"9":{"name":"updatePresence","decl":{"start":{"line":173,"column":15},"end":{"line":173,"column":29}},"loc":{"start":{"line":173,"column":59},"end":{"line":181,"column":1}},"line":173}},"branchMap":{"0":{"loc":{"start":{"line":14,"column":2},"end":{"line":14,"column":16}},"type":"default-arg","locations":[{"start":{"line":14,"column":12},"end":{"line":14,"column":16}}],"line":14},"1":{"loc":{"start":{"line":17,"column":2},"end":{"line":35,"column":3}},"type":"if","locations":[{"start":{"line":17,"column":2},"end":{"line":35,"column":3}},{"start":{},"end":{}}],"line":17},"2":{"loc":{"start":{"line":63,"column":2},"end":{"line":65,"column":3}},"type":"if","locations":[{"start":{"line":63,"column":2},"end":{"line":65,"column":3}},{"start":{},"end":{}}],"line":63},"3":{"loc":{"start":{"line":117,"column":42},"end":{"line":117,"column":52}},"type":"default-arg","locations":[{"start":{"line":117,"column":50},"end":{"line":117,"column":52}}],"line":117},"4":{"loc":{"start":{"line":147,"column":65},"end":{"line":147,"column":81}},"type":"default-arg","locations":[{"start":{"line":147,"column":79},"end":{"line":147,"column":81}}],"line":147},"5":{"loc":{"start":{"line":149,"column":2},"end":{"line":160,"column":3}},"type":"if","locations":[{"start":{"line":149,"column":2},"end":{"line":160,"column":3}},{"start":{},"end":{}}],"line":149},"6":{"loc":{"start":{"line":149,"column":6},"end":{"line":149,"column":33}},"type":"binary-expr","locations":[{"start":{"line":149,"column":6},"end":{"line":149,"column":18}},{"start":{"line":149,"column":22},"end":{"line":149,"column":33}}],"line":149},"7":{"loc":{"start":{"line":162,"column":2},"end":{"line":170,"column":3}},"type":"if","locations":[{"start":{"line":162,"column":2},"end":{"line":170,"column":3}},{"start":{},"end":{}}],"line":162},"8":{"loc":{"start":{"line":179,"column":13},"end":{"line":179,"column":27}},"type":"cond-expr","locations":[{"start":{"line":179,"column":22},"end":{"line":179,"column":23}},{"start":{"line":179,"column":26},"end":{"line":179,"column":27}}],"line":179}},"s":{"0":5,"1":34,"2":34,"3":2,"4":2,"5":32,"6":32,"7":66,"8":66,"9":32,"10":34,"11":0,"12":0,"13":0,"14":0,"15":0,"16":1,"17":35,"18":35,"19":35,"20":35,"21":0,"22":0,"23":0,"24":0,"25":0,"26":0,"27":0,"28":0,"29":0,"30":0,"31":0,"32":0,"33":5},"f":{"0":34,"1":66,"2":0,"3":0,"4":0,"5":1,"6":35,"7":35,"8":0,"9":0},"b":{"0":[0],"1":[2,32],"2":[32,34],"3":[0],"4":[0],"5":[0,0],"6":[0,0],"7":[0,0],"8":[0,0]},"_coverageSchema":"1a1c01bbd47fc00a2c39e90264f33305004495a9","hash":"ec1647ea615ac04289da60d3fd24db2b03f9c596"}
,"D:\\_Projects\\Easyplay\\services\\auth-system\\src\\models\\userModel.js": {"path":"D:\\_Projects\\Easyplay\\services\\auth-system\\src\\models\\userModel.js","statementMap":{"0":{"start":{"line":1,"column":21},"end":{"line":1,"column":37}},"1":{"start":{"line":4,"column":2},"end":{"line":7,"column":4}},"2":{"start":{"line":11,"column":2},"end":{"line":14,"column":4}},"3":{"start":{"line":18,"column":2},"end":{"line":18,"column":85}},"4":{"start":{"line":22,"column":17},"end":{"line":25,"column":3}},"5":{"start":{"line":26,"column":2},"end":{"line":31,"column":4}},"6":{"start":{"line":34,"column":0},"end":{"line":39,"column":2}}},"fnMap":{"0":{"name":"findByUsername","decl":{"start":{"line":3,"column":15},"end":{"line":3,"column":29}},"loc":{"start":{"line":3,"column":40},"end":{"line":8,"column":1}},"line":3},"1":{"name":"findByEmail","decl":{"start":{"line":10,"column":15},"end":{"line":10,"column":26}},"loc":{"start":{"line":10,"column":34},"end":{"line":15,"column":1}},"line":10},"2":{"name":"findById","decl":{"start":{"line":17,"column":15},"end":{"line":17,"column":23}},"loc":{"start":{"line":17,"column":28},"end":{"line":19,"column":1}},"line":17},"3":{"name":"createUser","decl":{"start":{"line":21,"column":15},"end":{"line":21,"column":25}},"loc":{"start":{"line":21,"column":72},"end":{"line":32,"column":1}},"line":21}},"branchMap":{},"s":{"0":5,"1":22,"2":13,"3":35,"4":12,"5":12,"6":5},"f":{"0":22,"1":13,"2":35,"3":12},"b":{},"_coverageSchema":"1a1c01bbd47fc00a2c39e90264f33305004495a9","hash":"8078f94fa8c0a0debfe301f185b710546a6539cb"}
,"D:\\_Projects\\Easyplay\\services\\auth-system\\src\\routes\\authRoutes.js": {"path":"D:\\_Projects\\Easyplay\\services\\auth-system\\src\\routes\\authRoutes.js","statementMap":{"0":{"start":{"line":1,"column":16},"end":{"line":1,"column":34}},"1":{"start":{"line":2,"column":17},"end":{"line":2,"column":45}},"2":{"start":{"line":3,"column":21},"end":{"line":3,"column":41}},"3":{"start":{"line":4,"column":35},"end":{"line":4,"column":66}},"4":{"start":{"line":10,"column":4},"end":{"line":10,"column":34}},"5":{"start":{"line":11,"column":24},"end":{"line":11,"column":53}},"6":{"start":{"line":16,"column":4},"end":{"line":16,"column":38}},"7":{"start":{"line":18,"column":15},"end":{"line":18,"column":31}},"8":{"start":{"line":20,"column":29},"end":{"line":34,"column":1}},"9":{"start":{"line":36,"column":32},"end":{"line":47,"column":1}},"10":{"start":{"line":49,"column":0},"end":{"line":85,"column":2}},"11":{"start":{"line":53,"column":21},"end":{"line":53,"column":45}},"12":{"start":{"line":54,"column":18},"end":{"line":54,"column":53}},"13":{"start":{"line":55,"column":21},"end":{"line":55,"column":38}},"14":{"start":{"line":57,"column":31},"end":{"line":57,"column":61}},"15":{"start":{"line":58,"column":4},"end":{"line":60,"column":5}},"16":{"start":{"line":59,"column":6},"end":{"line":59,"column":40}},"17":{"start":{"line":61,"column":28},"end":{"line":61,"column":52}},"18":{"start":{"line":62,"column":4},"end":{"line":64,"column":5}},"19":{"start":{"line":63,"column":6},"end":{"line":63,"column":39}},"20":{"start":{"line":66,"column":25},"end":{"line":66,"column":53}},"21":{"start":{"line":67,"column":22},"end":{"line":67,"column":46}},"22":{"start":{"line":68,"column":17},"end":{"line":73,"column":6}},"23":{"start":{"line":75,"column":4},"end":{"line":83,"column":7}},"24":{"start":{"line":87,"column":0},"end":{"line":122,"column":2}},"25":{"start":{"line":91,"column":21},"end":{"line":91,"column":45}},"26":{"start":{"line":92,"column":21},"end":{"line":92,"column":38}},"27":{"start":{"line":93,"column":17},"end":{"line":93,"column":47}},"28":{"start":{"line":95,"column":4},"end":{"line":97,"column":5}},"29":{"start":{"line":96,"column":6},"end":{"line":96,"column":42}},"30":{"start":{"line":99,"column":20},"end":{"line":99,"column":71}},"31":{"start":{"line":100,"column":4},"end":{"line":102,"column":5}},"32":{"start":{"line":101,"column":6},"end":{"line":101,"column":42}},"33":{"start":{"line":104,"column":18},"end":{"line":104,"column":39}},"34":{"start":{"line":105,"column":4},"end":{"line":109,"column":7}},"35":{"start":{"line":111,"column":4},"end":{"line":120,"column":7}},"36":{"start":{"line":124,"column":0},"end":{"line":134,"column":2}},"37":{"start":{"line":128,"column":17},"end":{"line":128,"column":45}},"38":{"start":{"line":129,"column":4},"end":{"line":131,"column":5}},"39":{"start":{"line":130,"column":6},"end":{"line":130,"column":39}},"40":{"start":{"line":132,"column":4},"end":{"line":132,"column":35}},"41":{"start":{"line":136,"column":0},"end":{"line":136,"column":24}}},"fnMap":{"0":{"name":"(anonymous_0)","decl":{"start":{"line":52,"column":15},"end":{"line":52,"column":16}},"loc":{"start":{"line":52,"column":35},"end":{"line":84,"column":3}},"line":52},"1":{"name":"(anonymous_1)","decl":{"start":{"line":90,"column":15},"end":{"line":90,"column":16}},"loc":{"start":{"line":90,"column":35},"end":{"line":121,"column":3}},"line":90},"2":{"name":"(anonymous_2)","decl":{"start":{"line":127,"column":15},"end":{"line":127,"column":16}},"loc":{"start":{"line":127,"column":35},"end":{"line":133,"column":3}},"line":127}},"branchMap":{"0":{"loc":{"start":{"line":58,"column":4},"end":{"line":60,"column":5}},"type":"if","locations":[{"start":{"line":58,"column":4},"end":{"line":60,"column":5}},{"start":{},"end":{}}],"line":58},"1":{"loc":{"start":{"line":62,"column":4},"end":{"line":64,"column":5}},"type":"if","locations":[{"start":{"line":62,"column":4},"end":{"line":64,"column":5}},{"start":{},"end":{}}],"line":62},"2":{"loc":{"start":{"line":95,"column":4},"end":{"line":97,"column":5}},"type":"if","locations":[{"start":{"line":95,"column":4},"end":{"line":97,"column":5}},{"start":{},"end":{}}],"line":95},"3":{"loc":{"start":{"line":100,"column":4},"end":{"line":102,"column":5}},"type":"if","locations":[{"start":{"line":100,"column":4},"end":{"line":102,"column":5}},{"start":{},"end":{}}],"line":100},"4":{"loc":{"start":{"line":129,"column":4},"end":{"line":131,"column":5}},"type":"if","locations":[{"start":{"line":129,"column":4},"end":{"line":131,"column":5}},{"start":{},"end":{}}],"line":129}},"s":{"0":5,"1":5,"2":5,"3":5,"4":5,"5":5,"6":5,"7":5,"8":5,"9":5,"10":5,"11":14,"12":14,"13":14,"14":14,"15":14,"16":1,"17":13,"18":13,"19":1,"20":12,"21":12,"22":12,"23":12,"24":5,"25":8,"26":8,"27":8,"28":8,"29":0,"30":8,"31":8,"32":1,"33":7,"34":7,"35":7,"36":5,"37":1,"38":1,"39":0,"40":1,"41":5},"f":{"0":14,"1":8,"2":1},"b":{"0":[1,13],"1":[1,12],"2":[0,8],"3":[1,7],"4":[0,1]},"_coverageSchema":"1a1c01bbd47fc00a2c39e90264f33305004495a9","hash":"3bcc399505f509408de8138a1dd67520a1330127"}
,"D:\\_Projects\\Easyplay\\services\\auth-system\\src\\routes\\gameRoutes.js": {"path":"D:\\_Projects\\Easyplay\\services\\auth-system\\src\\routes\\gameRoutes.js","statementMap":{"0":{"start":{"line":3,"column":16},"end":{"line":3,"column":34}},"1":{"start":{"line":4,"column":24},"end":{"line":4,"column":52}},"2":{"start":{"line":5,"column":21},"end":{"line":5,"column":41}},"3":{"start":{"line":6,"column":24},"end":{"line":6,"column":53}},"4":{"start":{"line":7,"column":21},"end":{"line":7,"column":51}},"5":{"start":{"line":8,"column":35},"end":{"line":8,"column":66}},"6":{"start":{"line":17,"column":4},"end":{"line":17,"column":38}},"7":{"start":{"line":19,"column":15},"end":{"line":19,"column":31}},"8":{"start":{"line":22,"column":15},"end":{"line":22,"column":43}},"9":{"start":{"line":23,"column":2},"end":{"line":25,"column":3}},"10":{"start":{"line":24,"column":4},"end":{"line":24,"column":37}},"11":{"start":{"line":26,"column":2},"end":{"line":26,"column":14}},"12":{"start":{"line":29,"column":0},"end":{"line":49,"column":2}},"13":{"start":{"line":39,"column":17},"end":{"line":39,"column":43}},"14":{"start":{"line":40,"column":17},"end":{"line":43,"column":6}},"15":{"start":{"line":44,"column":4},"end":{"line":47,"column":7}},"16":{"start":{"line":51,"column":0},"end":{"line":75,"column":2}},"17":{"start":{"line":63,"column":17},"end":{"line":63,"column":43}},"18":{"start":{"line":64,"column":21},"end":{"line":64,"column":58}},"19":{"start":{"line":65,"column":4},"end":{"line":65,"column":32}},"20":{"start":{"line":66,"column":17},"end":{"line":69,"column":6}},"21":{"start":{"line":70,"column":4},"end":{"line":73,"column":7}},"22":{"start":{"line":77,"column":0},"end":{"line":92,"column":2}},"23":{"start":{"line":87,"column":21},"end":{"line":87,"column":58}},"24":{"start":{"line":88,"column":4},"end":{"line":88,"column":32}},"25":{"start":{"line":89,"column":17},"end":{"line":89,"column":48}},"26":{"start":{"line":90,"column":4},"end":{"line":90,"column":35}},"27":{"start":{"line":94,"column":0},"end":{"line":101,"column":2}},"28":{"start":{"line":98,"column":20},"end":{"line":98,"column":54}},"29":{"start":{"line":99,"column":4},"end":{"line":99,"column":34}},"30":{"start":{"line":103,"column":0},"end":{"line":103,"column":24}}},"fnMap":{"0":{"name":"loadCurrentUser","decl":{"start":{"line":21,"column":15},"end":{"line":21,"column":30}},"loc":{"start":{"line":21,"column":36},"end":{"line":27,"column":1}},"line":21},"1":{"name":"(anonymous_1)","decl":{"start":{"line":38,"column":15},"end":{"line":38,"column":16}},"loc":{"start":{"line":38,"column":35},"end":{"line":48,"column":3}},"line":38},"2":{"name":"(anonymous_2)","decl":{"start":{"line":62,"column":15},"end":{"line":62,"column":16}},"loc":{"start":{"line":62,"column":35},"end":{"line":74,"column":3}},"line":62},"3":{"name":"(anonymous_3)","decl":{"start":{"line":86,"column":15},"end":{"line":86,"column":16}},"loc":{"start":{"line":86,"column":35},"end":{"line":91,"column":3}},"line":86},"4":{"name":"(anonymous_4)","decl":{"start":{"line":97,"column":15},"end":{"line":97,"column":16}},"loc":{"start":{"line":97,"column":35},"end":{"line":100,"column":3}},"line":97}},"branchMap":{"0":{"loc":{"start":{"line":23,"column":2},"end":{"line":25,"column":3}},"type":"if","locations":[{"start":{"line":23,"column":2},"end":{"line":25,"column":3}},{"start":{},"end":{}}],"line":23}},"s":{"0":5,"1":5,"2":5,"3":5,"4":5,"5":5,"6":5,"7":5,"8":34,"9":34,"10":0,"11":34,"12":5,"13":32,"14":32,"15":32,"16":5,"17":2,"18":2,"19":2,"20":2,"21":2,"22":5,"23":1,"24":1,"25":1,"26":1,"27":5,"28":1,"29":1,"30":5},"f":{"0":34,"1":32,"2":2,"3":1,"4":1},"b":{"0":[0,34]},"_coverageSchema":"1a1c01bbd47fc00a2c39e90264f33305004495a9","hash":"fd9b9393e642d3092118bac31db10be72b68155d"}
,"D:\\_Projects\\Easyplay\\services\\auth-system\\src\\routes\\_shared\\routeUtils.js": {"path":"D:\\_Projects\\Easyplay\\services\\auth-system\\src\\routes\\_shared\\routeUtils.js","statementMap":{"0":{"start":{"line":3,"column":29},"end":{"line":3,"column":57}},"1":{"start":{"line":4,"column":21},"end":{"line":4,"column":44}},"2":{"start":{"line":7,"column":2},"end":{"line":7,"column":77}},"3":{"start":{"line":7,"column":29},"end":{"line":7,"column":76}},"4":{"start":{"line":11,"column":2},"end":{"line":20,"column":4}},"5":{"start":{"line":14,"column":21},"end":{"line":14,"column":42}},"6":{"start":{"line":15,"column":6},"end":{"line":17,"column":7}},"7":{"start":{"line":16,"column":8},"end":{"line":16,"column":62}},"8":{"start":{"line":18,"column":6},"end":{"line":18,"column":20}},"9":{"start":{"line":23,"column":0},"end":{"line":26,"column":2}}},"fnMap":{"0":{"name":"asyncHandler","decl":{"start":{"line":6,"column":9},"end":{"line":6,"column":21}},"loc":{"start":{"line":6,"column":26},"end":{"line":8,"column":1}},"line":6},"1":{"name":"(anonymous_1)","decl":{"start":{"line":7,"column":9},"end":{"line":7,"column":10}},"loc":{"start":{"line":7,"column":29},"end":{"line":7,"column":76}},"line":7},"2":{"name":"validate","decl":{"start":{"line":10,"column":9},"end":{"line":10,"column":17}},"loc":{"start":{"line":10,"column":25},"end":{"line":21,"column":1}},"line":10},"3":{"name":"(anonymous_3)","decl":{"start":{"line":13,"column":4},"end":{"line":13,"column":5}},"loc":{"start":{"line":13,"column":24},"end":{"line":19,"column":5}},"line":13}},"branchMap":{"0":{"loc":{"start":{"line":15,"column":6},"end":{"line":17,"column":7}},"type":"if","locations":[{"start":{"line":15,"column":6},"end":{"line":17,"column":7}},{"start":{},"end":{}}],"line":15}},"s":{"0":5,"1":5,"2":35,"3":59,"4":25,"5":61,"6":61,"7":4,"8":57,"9":5},"f":{"0":35,"1":59,"2":25,"3":61},"b":{"0":[4,57]},"_coverageSchema":"1a1c01bbd47fc00a2c39e90264f33305004495a9","hash":"e928c6b6725b0ab71f7b6e36d3f49cc1eb3afc88"}
,"D:\\_Projects\\Easyplay\\services\\auth-system\\src\\services\\authService.js": {"path":"D:\\_Projects\\Easyplay\\services\\auth-system\\src\\services\\authService.js","statementMap":{"0":{"start":{"line":1,"column":15},"end":{"line":1,"column":34}},"1":{"start":{"line":2,"column":12},"end":{"line":2,"column":35}},"2":{"start":{"line":3,"column":54},"end":{"line":3,"column":74}},"3":{"start":{"line":6,"column":2},"end":{"line":6,"column":51}},"4":{"start":{"line":10,"column":2},"end":{"line":10,"column":53}},"5":{"start":{"line":14,"column":2},"end":{"line":21,"column":4}},"6":{"start":{"line":25,"column":2},"end":{"line":25,"column":39}},"7":{"start":{"line":28,"column":0},"end":{"line":33,"column":2}}},"fnMap":{"0":{"name":"hashPassword","decl":{"start":{"line":5,"column":9},"end":{"line":5,"column":21}},"loc":{"start":{"line":5,"column":37},"end":{"line":7,"column":1}},"line":5},"1":{"name":"comparePassword","decl":{"start":{"line":9,"column":9},"end":{"line":9,"column":24}},"loc":{"start":{"line":9,"column":54},"end":{"line":11,"column":1}},"line":9},"2":{"name":"signAccessToken","decl":{"start":{"line":13,"column":9},"end":{"line":13,"column":24}},"loc":{"start":{"line":13,"column":31},"end":{"line":22,"column":1}},"line":13},"3":{"name":"verifyAccessToken","decl":{"start":{"line":24,"column":9},"end":{"line":24,"column":26}},"loc":{"start":{"line":24,"column":34},"end":{"line":26,"column":1}},"line":24}},"branchMap":{},"s":{"0":6,"1":6,"2":6,"3":13,"4":9,"5":8,"6":38,"7":6},"f":{"0":13,"1":9,"2":8,"3":38},"b":{},"_coverageSchema":"1a1c01bbd47fc00a2c39e90264f33305004495a9","hash":"a89c30f63706182c9ec520370922c0eaa1ef8f47"}
,"D:\\_Projects\\Easyplay\\services\\auth-system\\src\\services\\chessEngine.js": {"path":"D:\\_Projects\\Easyplay\\services\\auth-system\\src\\services\\chessEngine.js","statementMap":{"0":{"start":{"line":3,"column":20},"end":{"line":3,"column":21}},"1":{"start":{"line":4,"column":21},"end":{"line":4,"column":23}},"2":{"start":{"line":5,"column":14},"end":{"line":8,"column":1}},"3":{"start":{"line":9,"column":20},"end":{"line":12,"column":1}},"4":{"start":{"line":15,"column":2},"end":{"line":19,"column":4}},"5":{"start":{"line":23,"column":16},"end":{"line":25,"column":3}},"6":{"start":{"line":24,"column":4},"end":{"line":24,"column":51}},"7":{"start":{"line":24,"column":46},"end":{"line":24,"column":50}},"8":{"start":{"line":27,"column":16},"end":{"line":29,"column":3}},"9":{"start":{"line":28,"column":4},"end":{"line":28,"column":49}},"10":{"start":{"line":32,"column":2},"end":{"line":32,"column":38}},"11":{"start":{"line":33,"column":2},"end":{"line":33,"column":39}},"12":{"start":{"line":34,"column":2},"end":{"line":34,"column":42}},"13":{"start":{"line":35,"column":2},"end":{"line":35,"column":41}},"14":{"start":{"line":36,"column":2},"end":{"line":36,"column":41}},"15":{"start":{"line":37,"column":2},"end":{"line":37,"column":41}},"16":{"start":{"line":38,"column":2},"end":{"line":38,"column":42}},"17":{"start":{"line":39,"column":2},"end":{"line":39,"column":39}},"18":{"start":{"line":40,"column":2},"end":{"line":40,"column":38}},"19":{"start":{"line":41,"column":2},"end":{"line":41,"column":40}},"20":{"start":{"line":42,"column":2},"end":{"line":42,"column":40}},"21":{"start":{"line":43,"column":2},"end":{"line":43,"column":38}},"22":{"start":{"line":44,"column":2},"end":{"line":44,"column":38}},"23":{"start":{"line":45,"column":2},"end":{"line":45,"column":38}},"24":{"start":{"line":46,"column":2},"end":{"line":46,"column":38}},"25":{"start":{"line":47,"column":2},"end":{"line":47,"column":38}},"26":{"start":{"line":50,"column":2},"end":{"line":50,"column":36}},"27":{"start":{"line":51,"column":2},"end":{"line":51,"column":37}},"28":{"start":{"line":52,"column":2},"end":{"line":52,"column":40}},"29":{"start":{"line":53,"column":2},"end":{"line":53,"column":39}},"30":{"start":{"line":54,"column":2},"end":{"line":54,"column":39}},"31":{"start":{"line":55,"column":2},"end":{"line":55,"column":39}},"32":{"start":{"line":56,"column":2},"end":{"line":56,"column":40}},"33":{"start":{"line":57,"column":2},"end":{"line":57,"column":37}},"34":{"start":{"line":58,"column":2},"end":{"line":58,"column":36}},"35":{"start":{"line":59,"column":2},"end":{"line":59,"column":38}},"36":{"start":{"line":60,"column":2},"end":{"line":60,"column":38}},"37":{"start":{"line":61,"column":2},"end":{"line":61,"column":36}},"38":{"start":{"line":62,"column":2},"end":{"line":62,"column":36}},"39":{"start":{"line":63,"column":2},"end":{"line":63,"column":36}},"40":{"start":{"line":64,"column":2},"end":{"line":64,"column":36}},"41":{"start":{"line":65,"column":2},"end":{"line":65,"column":36}},"42":{"start":{"line":67,"column":2},"end":{"line":67,"column":15}},"43":{"start":{"line":71,"column":14},"end":{"line":71,"column":38}},"44":{"start":{"line":72,"column":25},"end":{"line":72,"column":30}},"45":{"start":{"line":73,"column":2},"end":{"line":85,"column":4}},"46":{"start":{"line":89,"column":2},"end":{"line":89,"column":76}},"47":{"start":{"line":89,"column":28},"end":{"line":89,"column":74}},"48":{"start":{"line":89,"column":47},"end":{"line":89,"column":72}},"49":{"start":{"line":93,"column":2},"end":{"line":98,"column":4}},"50":{"start":{"line":96,"column":42},"end":{"line":96,"column":53}},"51":{"start":{"line":102,"column":2},"end":{"line":102,"column":65}},"52":{"start":{"line":106,"column":2},"end":{"line":108,"column":3}},"53":{"start":{"line":107,"column":4},"end":{"line":107,"column":17}},"54":{"start":{"line":109,"column":2},"end":{"line":111,"column":3}},"55":{"start":{"line":110,"column":4},"end":{"line":110,"column":28}},"56":{"start":{"line":112,"column":2},"end":{"line":112,"column":26}},"57":{"start":{"line":116,"column":2},"end":{"line":116,"column":46}},"58":{"start":{"line":120,"column":2},"end":{"line":127,"column":3}},"59":{"start":{"line":120,"column":15},"end":{"line":120,"column":16}},"60":{"start":{"line":121,"column":4},"end":{"line":126,"column":5}},"61":{"start":{"line":121,"column":17},"end":{"line":121,"column":18}},"62":{"start":{"line":122,"column":20},"end":{"line":122,"column":31}},"63":{"start":{"line":123,"column":6},"end":{"line":125,"column":7}},"64":{"start":{"line":124,"column":8},"end":{"line":124,"column":24}},"65":{"start":{"line":128,"column":2},"end":{"line":128,"column":14}},"66":{"start":{"line":132,"column":2},"end":{"line":132,"column":46}},"67":{"start":{"line":136,"column":2},"end":{"line":138,"column":3}},"68":{"start":{"line":137,"column":4},"end":{"line":137,"column":11}},"69":{"start":{"line":139,"column":17},"end":{"line":139,"column":32}},"70":{"start":{"line":140,"column":2},"end":{"line":142,"column":3}},"71":{"start":{"line":141,"column":4},"end":{"line":141,"column":43}},"72":{"start":{"line":146,"column":15},"end":{"line":146,"column":39}},"73":{"start":{"line":147,"column":15},"end":{"line":147,"column":39}},"74":{"start":{"line":148,"column":14},"end":{"line":148,"column":15}},"75":{"start":{"line":149,"column":2},"end":{"line":153,"column":3}},"76":{"start":{"line":149,"column":15},"end":{"line":149,"column":19}},"77":{"start":{"line":150,"column":4},"end":{"line":152,"column":5}},"78":{"start":{"line":151,"column":6},"end":{"line":151,"column":17}},"79":{"start":{"line":154,"column":2},"end":{"line":154,"column":15}},"80":{"start":{"line":158,"column":14},"end":{"line":158,"column":43}},"81":{"start":{"line":159,"column":16},"end":{"line":159,"column":47}},"82":{"start":{"line":160,"column":2},"end":{"line":162,"column":3}},"83":{"start":{"line":161,"column":4},"end":{"line":161,"column":17}},"84":{"start":{"line":163,"column":2},"end":{"line":163,"column":64}},"85":{"start":{"line":167,"column":16},"end":{"line":167,"column":27}},"86":{"start":{"line":168,"column":2},"end":{"line":170,"column":3}},"87":{"start":{"line":169,"column":4},"end":{"line":169,"column":14}},"88":{"start":{"line":171,"column":25},"end":{"line":171,"column":30}},"89":{"start":{"line":172,"column":16},"end":{"line":172,"column":18}},"90":{"start":{"line":174,"column":2},"end":{"line":189,"column":3}},"91":{"start":{"line":175,"column":19},"end":{"line":180,"column":5}},"92":{"start":{"line":181,"column":4},"end":{"line":187,"column":5}},"93":{"start":{"line":182,"column":17},"end":{"line":182,"column":23}},"94":{"start":{"line":183,"column":17},"end":{"line":183,"column":23}},"95":{"start":{"line":184,"column":6},"end":{"line":186,"column":7}},"96":{"start":{"line":185,"column":8},"end":{"line":185,"column":55}},"97":{"start":{"line":188,"column":4},"end":{"line":188,"column":17}},"98":{"start":{"line":191,"column":2},"end":{"line":206,"column":3}},"99":{"start":{"line":192,"column":19},"end":{"line":197,"column":5}},"100":{"start":{"line":198,"column":4},"end":{"line":204,"column":5}},"101":{"start":{"line":199,"column":17},"end":{"line":199,"column":23}},"102":{"start":{"line":200,"column":17},"end":{"line":200,"column":23}},"103":{"start":{"line":201,"column":6},"end":{"line":203,"column":7}},"104":{"start":{"line":202,"column":8},"end":{"line":202,"column":55}},"105":{"start":{"line":205,"column":4},"end":{"line":205,"column":17}},"106":{"start":{"line":208,"column":2},"end":{"line":232,"column":3}},"107":{"start":{"line":209,"column":19},"end":{"line":214,"column":5}},"108":{"start":{"line":215,"column":4},"end":{"line":230,"column":5}},"109":{"start":{"line":216,"column":17},"end":{"line":216,"column":23}},"110":{"start":{"line":217,"column":17},"end":{"line":217,"column":23}},"111":{"start":{"line":218,"column":19},"end":{"line":218,"column":29}},"112":{"start":{"line":219,"column":19},"end":{"line":219,"column":29}},"113":{"start":{"line":220,"column":6},"end":{"line":222,"column":7}},"114":{"start":{"line":221,"column":8},"end":{"line":221,"column":17}},"115":{"start":{"line":223,"column":6},"end":{"line":225,"column":7}},"116":{"start":{"line":224,"column":8},"end":{"line":224,"column":17}},"117":{"start":{"line":226,"column":6},"end":{"line":228,"column":7}},"118":{"start":{"line":227,"column":8},"end":{"line":227,"column":17}},"119":{"start":{"line":229,"column":6},"end":{"line":229,"column":53}},"120":{"start":{"lin
[...]
rt":{"line":83,"column":4},"end":{"line":83,"column":43}},"43":{"start":{"line":84,"column":4},"end":{"line":84,"column":11}},"44":{"start":{"line":86,"column":2},"end":{"line":86,"column":51}},"45":{"start":{"line":90,"column":15},"end":{"line":90,"column":41}},"46":{"start":{"line":91,"column":18},"end":{"line":91,"column":56}},"47":{"start":{"line":92,"column":2},"end":{"line":92,"column":18}},"48":{"start":{"line":93,"column":2},"end":{"line":93,"column":37}},"49":{"start":{"line":94,"column":2},"end":{"line":94,"column":21}},"50":{"start":{"line":98,"column":15},"end":{"line":98,"column":26}},"51":{"start":{"line":99,"column":2},"end":{"line":101,"column":3}},"52":{"start":{"line":100,"column":4},"end":{"line":100,"column":11}},"53":{"start":{"line":102,"column":18},"end":{"line":102,"column":43}},"54":{"start":{"line":103,"column":2},"end":{"line":105,"column":3}},"55":{"start":{"line":104,"column":4},"end":{"line":104,"column":11}},"56":{"start":{"line":106,"column":2},"end":{"line":106,"column":21}},"57":{"start":{"line":107,"column":2},"end":{"line":109,"column":3}},"58":{"start":{"line":108,"column":4},"end":{"line":108,"column":33}},"59":{"start":{"line":113,"column":2},"end":{"line":113,"column":30}},"60":{"start":{"line":114,"column":15},"end":{"line":114,"column":46}},"61":{"start":{"line":115,"column":2},"end":{"line":118,"column":5}},"62":{"start":{"line":122,"column":2},"end":{"line":150,"column":11}},"63":{"start":{"line":123,"column":16},"end":{"line":123,"column":26}},"64":{"start":{"line":124,"column":18},"end":{"line":124,"column":32}},"65":{"start":{"line":125,"column":4},"end":{"line":149,"column":5}},"66":{"start":{"line":126,"column":6},"end":{"line":128,"column":7}},"67":{"start":{"line":127,"column":8},"end":{"line":127,"column":17}},"68":{"start":{"line":129,"column":23},"end":{"line":129,"column":68}},"69":{"start":{"line":130,"column":6},"end":{"line":132,"column":7}},"70":{"start":{"line":131,"column":8},"end":{"line":131,"column":17}},"71":{"start":{"line":133,"column":24},"end":{"line":133,"column":43}},"72":{"start":{"line":134,"column":25},"end":{"line":134,"column":74}},"73":{"start":{"line":135,"column":6},"end":{"line":139,"column":9}},"74":{"start":{"line":140,"column":23},"end":{"line":140,"column":59}},"75":{"start":{"line":141,"column":6},"end":{"line":148,"column":9}},"76":{"start":{"line":154,"column":14},"end":{"line":158,"column":4}},"77":{"start":{"line":159,"column":16},"end":{"line":159,"column":38}},"78":{"start":{"line":161,"column":2},"end":{"line":276,"column":5}},"79":{"start":{"line":162,"column":4},"end":{"line":275,"column":5}},"80":{"start":{"line":163,"column":20},"end":{"line":163,"column":44}},"81":{"start":{"line":164,"column":22},"end":{"line":164,"column":46}},"82":{"start":{"line":165,"column":19},"end":{"line":165,"column":46}},"83":{"start":{"line":166,"column":6},"end":{"line":169,"column":7}},"84":{"start":{"line":167,"column":8},"end":{"line":167,"column":39}},"85":{"start":{"line":168,"column":8},"end":{"line":168,"column":15}},"86":{"start":{"line":170,"column":6},"end":{"line":170,"column":21}},"87":{"start":{"line":171,"column":6},"end":{"line":171,"column":46}},"88":{"start":{"line":172,"column":6},"end":{"line":172,"column":93}},"89":{"start":{"line":174,"column":6},"end":{"line":256,"column":9}},"90":{"start":{"line":175,"column":8},"end":{"line":255,"column":9}},"91":{"start":{"line":176,"column":23},"end":{"line":176,"column":54}},"92":{"start":{"line":177,"column":10},"end":{"line":179,"column":11}},"93":{"start":{"line":178,"column":12},"end":{"line":178,"column":19}},"94":{"start":{"line":180,"column":10},"end":{"line":183,"column":11}},"95":{"start":{"line":181,"column":12},"end":{"line":181,"column":82}},"96":{"start":{"line":182,"column":12},"end":{"line":182,"column":19}},"97":{"start":{"line":185,"column":10},"end":{"line":196,"column":11}},"98":{"start":{"line":186,"column":29},"end":{"line":186,"column":84}},"99":{"start":{"line":187,"column":12},"end":{"line":187,"column":56}},"100":{"start":{"line":188,"column":12},"end":{"line":188,"column":47}},"101":{"start":{"line":189,"column":12},"end":{"line":189,"column":51}},"102":{"start":{"line":190,"column":12},"end":{"line":190,"column":41}},"103":{"start":{"line":191,"column":12},"end":{"line":194,"column":15}},"104":{"start":{"line":195,"column":12},"end":{"line":195,"column":19}},"105":{"start":{"line":198,"column":10},"end":{"line":203,"column":11}},"106":{"start":{"line":199,"column":29},"end":{"line":199,"column":84}},"107":{"start":{"line":200,"column":12},"end":{"line":200,"column":47}},"108":{"start":{"line":201,"column":12},"end":{"line":201,"column":41}},"109":{"start":{"line":202,"column":12},"end":{"line":202,"column":19}},"110":{"start":{"line":205,"column":10},"end":{"line":234,"column":11}},"111":{"start":{"line":206,"column":29},"end":{"line":206,"column":84}},"112":{"start":{"line":207,"column":25},"end":{"line":207,"column":58}},"113":{"start":{"line":208,"column":30},"end":{"line":208,"column":68}},"114":{"start":{"line":209,"column":27},"end":{"line":214,"column":14}},"115":{"start":{"line":215,"column":12},"end":{"line":222,"column":15}},"116":{"start":{"line":223,"column":12},"end":{"line":232,"column":13}},"117":{"start":{"line":224,"column":14},"end":{"line":231,"column":17}},"118":{"start":{"line":233,"column":12},"end":{"line":233,"column":19}},"119":{"start":{"line":236,"column":10},"end":{"line":249,"column":11}},"120":{"start":{"line":237,"column":29},"end":{"line":237,"column":84}},"121":{"start":{"line":238,"column":28},"end":{"line":238,"column":64}},"122":{"start":{"line":239,"column":25},"end":{"line":243,"column":14}},"123":{"start":{"line":244,"column":12},"end":{"line":247,"column":15}},"124":{"start":{"line":248,"column":12},"end":{"line":248,"column":19}},"125":{"start":{"line":251,"column":10},"end":{"line":254,"column":13}},"126":{"start":{"line":258,"column":6},"end":{"line":272,"column":9}},"127":{"start":{"line":259,"column":8},"end":{"line":259,"column":33}},"128":{"start":{"line":260,"column":8},"end":{"line":260,"column":51}},"129":{"start":{"line":261,"column":8},"end":{"line":271,"column":9}},"130":{"start":{"line":262,"column":10},"end":{"line":262,"column":53}},"131":{"start":{"line":263,"column":10},"end":{"line":270,"column":13}},"132":{"start":{"line":274,"column":6},"end":{"line":274,"column":37}},"133":{"start":{"line":278,"column":2},"end":{"line":283,"column":4}},"134":{"start":{"line":280,"column":6},"end":{"line":280,"column":27}},"135":{"start":{"line":281,"column":6},"end":{"line":281,"column":18}},"136":{"start":{"line":286,"column":0},"end":{"line":288,"column":2}}},"fnMap":{"0":{"name":"parseCookies","decl":{"start":{"line":23,"column":9},"end":{"line":23,"column":21}},"loc":{"start":{"line":23,"column":33},"end":{"line":37,"column":1}},"line":23},"1":{"name":"(anonymous_1)","decl":{"start":{"line":29,"column":16},"end":{"line":29,"column":17}},"loc":{"start":{"line":29,"column":26},"end":{"line":35,"column":3}},"line":29},"2":{"name":"getTokenFromRequest","decl":{"start":{"line":39,"column":9},"end":{"line":39,"column":28}},"loc":{"start":{"line":39,"column":34},"end":{"line":50,"column":1}},"line":39},"3":{"name":"send","decl":{"start":{"line":52,"column":9},"end":{"line":52,"column":13}},"loc":{"start":{"line":52,"column":27},"end":{"line":56,"column":1}},"line":52},"4":{"name":"broadcastToRoom","decl":{"start":{"line":58,"column":9},"end":{"line":58,"column":24}},"loc":{"start":{"line":58,"column":44},"end":{"line":66,"column":1}},"line":58},"5":{"name":"(anonymous_5)","decl":{"start":{"line":63,"column":18},"end":{"line":63,"column":19}},"loc":{"start":{"line":63,"column":26},"end":{"line":65,"column":3}},"line":63},"6":{"name":"attachUserConnection","decl":{"start":{"line":68,"column":15},"end":{"line":68,"column":35}},"loc":{"start":{"line":68,"column":48},"end":{"line":73,"column":1}},"line":68},"7":{"name":"detachUserConnection","decl":{"start":{"line":75,"column":15},"end":{"line":75,"column":35}},"loc":{"start":{"line":75,"column":48},"end":{"line":87,"column":1}},"line":75},"8":{"name":"attachRoomConnection","decl":{"start":{"line":89,"column":9},"end":{"line":89,"column":29}},"loc":{"start":{"line":89,"column":44},"end":{"line":95,"column":1}},"line":89},"9":{"name":"detachRoomConnection","decl":{"start":{"line":97,"column":9},"end":{"line":97,"column":29}},"loc":{"start":{"line":97,"column":34},"end":{"line":110,"column":1}},"line":97},"10":{"name":"syncRoom","decl":{"start":{"line":112,"column":15},"end":{"line":112,"column":23}},"loc":{"start":{"line":112,"column":38},"end":{"line":119,"column":1}},"line":112},"11":{"name":"startTurnTimeoutLoop","decl":{"start":{"line":121,"column":9},"end":{"line":121,"column":29}},"loc":{"start":{"line":121,"column":32},"end":{"line":151,"column":1}},"line":121},"12":{"name":"(anonymous_12)","decl":{"start":{"line":122,"column":21},"end":{"line":122,"column":22}},"loc":{"start":{"line":122,"column":33},"end":{"line":150,"column":3}},"line":122},"13":{"name":"initGameSocket","decl":{"start":{"line":153,"column":9},"end":{"line":153,"column":23}},"loc":{"start":{"line":153,"column":32},"end":{"line":284,"column":1}},"line":153},"14":{"name":"(anonymous_14)","decl":{"start":{"line":161,"column":23},"end":{"line":161,"column":24}},"loc":{"start":{"line":161,"column":42},"end":{"line":276,"column":3}},"line":161},"15":{"name":"(anonymous_15)","decl":{"start":{"line":174,"column":23},"end":{"line":174,"column":24}},"loc":{"start":{"line":174,"column":38},"end":{"line":256,"column":7}},"line":174},"16":{"name":"(anonymous_16)","decl":{"start":{"line":258,"column":21},"end":{"line":258,"column":22}},"loc":{"start":{"line":258,"column":33},"end":{"line":272,"column":7}},"line":258},"17":{"name":"(anonymous_17)","decl":{"start":{"line":279,"column":11},"end":{"line":279,"column":12}},"loc":{"start":{"line":279,"column":17},"end":{"line":282,"column":5}},"line":279}},"branchMap":{"0":{"loc":{"start":{"line":25,"column":2},"end":{"line":27,"column":3}},"type":"if","locations":[{"start":{"line":25,"column":2},"end":{"line":27,"column":3}},{"start":{},"end":{}}],"line":25},"1":{"loc":{"start":{"line":31,"column":4},"end":{"line":33,"column":5}},"type":"if","locations":[{"start":{"line":31,"column":4},"end":{"line":33,"column":5}},{"start":{},"end":{}}],"line":31},"2":{"loc":{"start":{"line":40,"column":21},"end":{"line":40,"column":52}},"type":"binary-expr","locations":[{"start":{"line":40,"column":21},"end":{"line":40,"column":46}},{"start":{"line":40,"column":50},"end":{"line":40,"column":52}}],"line":40},"3":{"loc":{"start":{"line":41,"column":2},"end":{"line":43,"column":3}},"type":"if","locations":[{"start":{"line":41,"column":2},"end":{"line":43,"column":3}},{"start":{},"end":{}}],"line":41},"4":{"loc":{"start":{"line":45,"column":2},"end":{"line":47,"column":3}},"type":"if","locations":[{"start":{"line":45,"column":2},"end":{"line":47,"column":3}},{"start":{},"end":{}}],"line":45},"5":{"loc":{"start":{"line":49,"column":9},"end":{"line":49,"column":30}},"type":"binary-expr","locations":[{"start":{"line":49,"column":9},"end":{"line":49,"column":22}},{"start":{"line":49,"column":26},"end":{"line":49,"column":30}}],"line":49},"6":{"loc":{"start":{"line":53,"column":2},"end":{"line":55,"column":3}},"type":"if","locations":[{"start":{"line":53,"column":2},"end":{"line":55,"column":3}},{"start":{},"end":{}}],"line":53},"7":{"loc":{"start":{"line":60,"column":2},"end":{"line":62,"column":3}},"type":"if","locations":[{"start":{"line":60,"column":2},"end":{"line":62,"column":3}},{"start":{},"end":{}}],"line":60},"8":{"loc":{"start":{"line":69,"column":18},"end":{"line":69,"column":58}},"type":"binary-expr","locations":[{"start":{"line":69,"column":18},"end":{"line":69,"column":45}},{"start":{"line":69,"column":49},"end":{"line":69,"column":58}}],"line":69},"9":{"loc":{"start":{"line":77,"column":2},"end":{"line":79,"column":3}},"type":"if","locations":[{"start":{"line":77,"column":2},"end":{"line":79,"column":3}},{"start":{},"end":{}}],"line":77},"10":{"loc":{"start":{"line":81,"column":2},"end":{"line":85,"column":3}},"type":"if","locations":[{"start":{"line":81,"column":2},"end":{"line":85,"column":3}},{"start":{},"end":{}}],"line":81},"11":{"loc":{"start":{"line":91,"column":18},"end":{"line":91,"column":56}},"type":"binary-expr","locations":[{"start":{"line":91,"column":18},"end":{"line":91,"column":43}},{"start":{"line":91,"column":47},"end":{"line":91,"column":56}}],"line":91},"12":{"loc":{"start":{"line":99,"column":2},"end":{"line":101,"column":3}},"type":"if","locations":[{"start":{"line":99,"column":2},"end":{"line":101,"column":3}},{"start":{},"end":{}}],"line":99},"13":{"loc":{"start":{"line":103,"column":2},"end":{"line":105,"column":3}},"type":"if","locations":[{"start":{"line":103,"column":2},"end":{"line":105,"column":3}},{"start":{},"end":{}}],"line":103},"14":{"loc":{"start":{"line":107,"column":2},"end":{"line":109,"column":3}},"type":"if","locations":[{"start":{"line":107,"column":2},"end":{"line":109,"column":3}},{"start":{},"end":{}}],"line":107},"15":{"loc":{"start":{"line":126,"column":6},"end":{"line":128,"column":7}},"type":"if","locations":[{"start":{"line":126,"column":6},"end":{"line":128,"column":7}},{"start":{},"end":{}}],"line":126},"16":{"loc":{"start":{"line":130,"column":6},"end":{"line":132,"column":7}},"type":"if","locations":[{"start":{"line":130,"column":6},"end":{"line":132,"column":7}},{"start":{},"end":{}}],"line":130},"17":{"loc":{"start":{"line":130,"column":10},"end":{"line":130,"column":51}},"type":"binary-expr","locations":[{"start":{"line":130,"column":10},"end":{"line":130,"column":32}},{"start":{"line":130,"column":36},"end":{"line":130,"column":51}}],"line":130},"18":{"loc":{"start":{"line":134,"column":25},"end":{"line":134,"column":74}},"type":"cond-expr","locations":[{"start":{"line":134,"column":51},"end":{"line":134,"column":62}},{"start":{"line":134,"column":65},"end":{"line":134,"column":74}}],"line":134},"19":{"loc":{"start":{"line":166,"column":6},"end":{"line":169,"column":7}},"type":"if","locations":[{"start":{"line":166,"column":6},"end":{"line":169,"column":7}},{"start":{},"end":{}}],"line":166},"20":{"loc":{"start":{"line":176,"column":41},"end":{"line":176,"column":52}},"type":"binary-expr","locations":[{"start":{"line":176,"column":41},"end":{"line":176,"column":44}},{"start":{"line":176,"column":48},"end":{"line":176,"column":52}}],"line":176},"21":{"loc":{"start":{"line":177,"column":10},"end":{"line":179,"column":11}},"type":"if","locations":[{"start":{"line":177,"column":10},"end":{"line":179,"column":11}},{"start":{},"end":{}}],"line":177},"22":{"loc":{"start":{"line":177,"column":14},"end":{"line":177,"column":47}},"type":"binary-expr","locations":[{"start":{"line":177,"column":14},"end":{"line":177,"column":19}},{"start":{"line":177,"column":23},"end":{"line":177,"column":47}}],"line":177},"23":{"loc":{"start":{"line":180,"column":10},"end":{"line":183,"column":11}},"type":"if","locations":[{"start":{"line":180,"column":10},"end":{"line":183,"column":11}},{"start":{},"end":{}}],"line":180},"24":{"loc":{"start":{"line":185,"column":10},"end":{"line":196,"column":11}},"type":"if","locations":[{"start":{"line":185,"column":10},"end":{"line":196,"column":11}},{"start":{},"end":{}}],"line":185},"25":{"loc":{"start":{"line":186,"column":46},"end":{"line":186,"column":83}},"type":"binary-expr","locations":[{"start":{"line":186,"column":46},"end":{"line":186,"column":58}},{"start":{"line":186,"column":62},"end":{"line":186,"column":83}}],"line":186},"26":{"loc":{"start":{"line":198,"column":10},"end":{"line":203,"column":11}},"type":"if","locations":[{"start":{"line":198,"column":10},"end":{"line":203,"column":11}},{"start":{},"end":{}}],"line":198},"27":{"loc":{"start":{"line":199,"column":46},"end":{"line":199,"column":83}},"type":"binary-expr","locations":[{"start":{"line":199,"column":46},"end":{"line":199,"column":58}},{"start":{"line":199,"column":62},"end":{"line":199,"column":83}}],"line":199},"28":{"loc":{"start":{"line":205,"column":10},"end":{"line":234,"column":11}},"type":"if","locations":[{"start":{"line":205,"column":10},"end":{"line":234,"column":11}},{"start":{},"end":{}}],"line":205},"29":{"loc":{"start":{"line":206,"column":46},"end":{"line":206,"column":83}},"type":"binary-expr","locations":[{"start":{"line":206,"column":46},"end":{"line":206,"column":58}},{"start":{"line":206,"column":62},"end":{"line":206,"column":83}}],"line":206},"30":{"loc":{"start":{"line":207,"column":25},"end":{"line":207,"column":58}},"type":"binary-expr","locations":[{"start":{"line":207,"column":25},"end":{"line":207,"column":37}},{"start":{"line":207,"column":41},"end":{"line":207,"column":58}}],"line":207},"31":{"loc":{"start":{"line":208,"column":30},"end":{"line":208,"column":68}},"type":"binary-expr","locations":[{"start":{"line":208,"column":30},"end":{"line":208,"column":42}},{"start":{"line":208,"column":46},"end":{"line":208,"column":68}}],"line":208},"32":{"loc":{"start":{"line":223,"column":12},"end":{"line":232,"column":13}},"type":"if","locations":[{"start":{"line":223,"column":12},"end":{"line":232,"column":13}},{"start":{},"end":{}}],"line":223},"33":{"loc":{"start":{"line":236,"column":10},"end":{"line":249,"column":11}},"type":"if","locations":[{"start":{"line":236,"column":10},"end":{"line":249,"column":11}},{"start":{},"end":{}}],"line":236},"34":{"loc":{"start":{"line":237,"column":46},"end":{"line":237,"column":83}},"type":"binary-expr","locations":[{"start":{"line":237,"column":46},"end":{"line":237,"column":58}},{"start":{"line":237,"column":62},"end":{"line":237,"column":83}}],"line":237},"35":{"loc":{"start":{"line":238,"column":28},"end":{"line":238,"column":64}},"type":"binary-expr","locations":[{"start":{"line":238,"column":28},"end":{"line":238,"column":40}},{"start":{"line":238,"column":44},"end":{"line":238,"column":64}}],"line":238},"36":{"loc":{"start":{"line":253,"column":32},"end":{"line":253,"column":57}},"type":"binary-expr","locations":[{"start":{"line":253,"column":32},"end":{"line":253,"column":45}},{"start":{"line":253,"column":49},"end":{"line":253,"column":57}}],"line":253},"37":{"loc":{"start":{"line":261,"column":8},"end":{"line":271,"column":9}},"type":"if","locations":[{"start":{"line":261,"column":8},"end":{"line":271,"column":9}},{"start":{},"end":{}}],"line":261}},"s":{"0":0,"1":0,"2":0,"3":0,"4":0,"5":0,"6":0,"7":0,"8":0,"9":0,"10":0,"11":0,"12":0,"13":0,"14":0,"15":0,"16":0,"17":0,"18":0,"19":0,"20":0,"21":0,"22":0,"23":0,"24":0,"25":0,"26":0,"27":0,"28":0,"29":0,"30":0,"31":0,"32":0,"33":0,"34":0,"35":0,"36":0,"37":0,"38":0,"39":0,"40":0,"41":0,"42":0,"43":0,"44":0,"45":0,"46":0,"47":0,"48":0,"49":0,"50":0,"51":0,"52":0,"53":0,"54":0,"55":0,"56":0,"57":0,"58":0,"59":0,"60":0,"61":0,"62":0,"63":0,"64":0,"65":0,"66":0,"67":0,"68":0,"69":0,"70":0,"71":0,"72":0,"73":0,"74":0,"75":0,"76":0,"77":0,"78":0,"79":0,"80":0,"81":0,"82":0,"83":0,"84":0,"85":0,"86":0,"87":0,"88":0,"89":0,"90":0,"91":0,"92":0,"93":0,"94":0,"95":0,"96":0,"97":0,"98":0,"99":0,"100":0,"101":0,"102":0,"103":0,"104":0,"105":0,"106":0,"107":0,"108":0,"109":0,"110":0,"111":0,"112":0,"113":0,"114":0,"115":0,"116":0,"117":0,"118":0,"119":0,"120":0,"121":0,"122":0,"123":0,"124":0,"125":0,"126":0,"127":0,"128":0,"129":0,"130":0,"131":0,"132":0,"133":0,"134":0,"135":0,"136":0},"f":{"0":0,"1":0,"2":0,"3":0,"4":0,"5":0,"6":0,"7":0,"8":0,"9":0,"10":0,"11":0,"12":0,"13":0,"14":0,"15":0,"16":0,"17":0},"b":{"0":[0,0],"1":[0,0],"2":[0,0],"3":[0,0],"4":[0,0],"5":[0,0],"6":[0,0],"7":[0,0],"8":[0,0],"9":[0,0],"10":[0,0],"11":[0,0],"12":[0,0],"13":[0,0],"14":[0,0],"15":[0,0],"16":[0,0],"17":[0,0],"18":[0,0],"19":[0,0],"20":[0,0],"21":[0,0],"22":[0,0],"23":[0,0],"24":[0,0],"25":[0,0],"26":[0,0],"27":[0,0],"28":[0,0],"29":[0,0],"30":[0,0],"31":[0,0],"32":[0,0],"33":[0,0],"34":[0,0],"35":[0,0],"36":[0,0],"37":[0,0]}}
}
