TN:
SF:services\auth-system\src\app.js
FN:28,(anonymous_0)
FNF:1
FNH:1
FNDA:1,(anonymous_0)
DA:1,5
DA:2,5
DA:3,5
DA:4,5
DA:5,5
DA:6,5
DA:7,5
DA:8,5
DA:9,5
DA:10,5
DA:11,5
DA:13,5
DA:14,5
DA:16,5
DA:17,0
DA:20,5
DA:21,5
DA:22,5
DA:23,5
DA:24,5
DA:25,5
DA:28,5
DA:29,1
DA:36,5
DA:43,5
DA:44,5
DA:46,5
DA:47,2
DA:50,5
DA:52,5
DA:54,5
LF:31
LH:30
BRDA:16,0,0,0
BRDA:16,0,1,5
BRDA:24,1,0,5
BRDA:24,1,1,0
BRDA:46,2,0,2
BRDA:46,2,1,3
BRF:6
BRH:4
end_of_record
TN:
SF:services\auth-system\src\config.js
FN:9,toBoolean
FN:17,toNumber
FN:22,toPath
FNF:3
FNH:3
FNDA:36,toBoolean
FNDA:36,toNumber
FNDA:18,toPath
DA:1,6
DA:2,6
DA:3,6
DA:5,6
DA:10,36
DA:11,32
DA:13,4
DA:14,4
DA:18,36
DA:19,36
DA:23,18
DA:24,18
DA:26,0
DA:31,6
DA:32,6
DA:33,6
DA:35,6
DA:77,6
DA:78,6
DA:79,6
DA:81,6
LF:21
LH:20
BRDA:9,0,0,0
BRDA:10,1,0,32
BRDA:10,1,1,4
BRDA:19,2,0,4
BRDA:19,2,1,32
BRDA:23,3,0,18
BRDA:23,3,1,0
BRDA:26,4,0,0
BRDA:26,4,1,0
BRDA:31,5,0,6
BRDA:31,5,1,0
BRDA:38,6,0,6
BRDA:38,6,1,6
BRDA:40,7,0,6
BRDA:40,7,1,2
BRDA:41,8,0,6
BRDA:41,8,1,6
BRDA:43,9,0,6
BRDA:43,9,1,2
BRDA:49,10,0,6
BRDA:49,10,1,6
BRDA:54,11,0,6
BRDA:54,11,1,6
BRDA:56,12,0,6
BRDA:56,12,1,6
BRDA:59,13,0,6
BRDA:59,13,1,6
BRF:27
BRH:22
end_of_record
TN:
SF:services\auth-system\src\db.js
FN:6,ensureDbDirectory
FN:17,run
FN:18,(anonymous_2)
FN:19,onRun
FN:29,get
FN:30,(anonymous_5)
FN:31,(anonymous_6)
FN:41,all
FN:42,(anonymous_8)
FN:43,(anonymous_9)
FN:53,initializeDatabase
FN:65,(anonymous_11)
FNF:12
FNH:12
FNDA:5,ensureDbDirectory
FNDA:117,run
FNDA:117,(anonymous_2)
FNDA:117,onRun
FNDA:205,get
FNDA:205,(anonymous_5)
FNDA:205,(anonymous_6)
FNDA:5,all
FNDA:5,(anonymous_8)
FNDA:5,(anonymous_9)
FNDA:4,initializeDatabase
FNDA:12,(anonymous_11)
DA:1,5
DA:2,5
DA:3,5
DA:4,5
DA:7,5
DA:8,5
DA:9,0
DA:13,5
DA:15,5
DA:18,117
DA:19,117
DA:20,117
DA:21,0
DA:22,0
DA:24,117
DA:30,205
DA:31,205
DA:32,205
DA:33,0
DA:34,0
DA:36,205
DA:42,5
DA:43,5
DA:44,5
DA:45,0
DA:46,0
DA:48,5
DA:54,4
DA:64,4
DA:65,12
DA:66,4
DA:67,0
DA:70,4
DA:74,4
DA:86,4
DA:104,4
DA:123,4
DA:133,4
DA:136,4
DA:139,4
DA:144,5
LF:41
LH:33
BRDA:8,0,0,0
BRDA:8,0,1,5
BRDA:17,1,0,36
BRDA:20,2,0,0
BRDA:20,2,1,117
BRDA:29,3,0,0
BRDA:32,4,0,0
BRDA:32,4,1,205
BRDA:36,5,0,205
BRDA:36,5,1,89
BRDA:41,6,0,4
BRDA:44,7,0,0
BRDA:44,7,1,5
BRDA:48,8,0,5
BRDA:48,8,1,0
BRDA:66,9,0,0
BRDA:66,9,1,4
BRF:17
BRH:10
end_of_record
TN:
SF:services\auth-system\src\errors.js
FN:2,(anonymous_0)
FNF:1
FNH:1
FNDA:7,(anonymous_0)
DA:3,7
DA:4,7
DA:8,5
LF:3
LH:3
BRF:0
BRH:0
end_of_record
TN:
SF:services\auth-system\src\frontendServer.js
FN:21,hasStaticAssetExt
FN:25,getSafeAbsolutePath
FN:46,resolveHtmlPathForRequest
FN:69,setCacheHeader
FN:92,sendHtmlFile
FN:102,(anonymous_5)
FN:108,(anonymous_6)
FN:113,createHotReloadManager
FN:117,sseHandler
FN:125,(anonymous_9)
FN:128,broadcastReload
FN:134,startWatch
FN:146,(anonymous_12)
FN:163,stopWatch
FN:182,registerFrontend
FN:193,(anonymous_15)
FN:219,(anonymous_16)
FN:226,(anonymous_17)
FN:234,expressStaticWithCache
FNF:19
FNH:11
FNDA:1,hasStaticAssetExt
FNDA:2,getSafeAbsolutePath
FNDA:2,resolveHtmlPathForRequest
FNDA:2,setCacheHeader
FNDA:1,sendHtmlFile
FNDA:1,(anonymous_5)
FNDA:0,(anonymous_6)
FNDA:5,createHotReloadManager
FNDA:0,sseHandler
FNDA:0,(anonymous_9)
FNDA:0,broadcastReload
FNDA:0,startWatch
FNDA:0,(anonymous_12)
FNDA:0,stopWatch
FNDA:2,registerFrontend
FNDA:2,(anonymous_15)
FNDA:1,(anonymous_16)
FNDA:0,(anonymous_17)
FNDA:2,expressStaticWithCache
DA:1,5
DA:2,5
DA:10,5
DA:12,5
DA:22,1
DA:26,2
DA:27,2
DA:28,2
DA:30,0
DA:33,2
DA:37,2
DA:39,2
DA:40,0
DA:43,2
DA:47,2
DA:48,2
DA:49,0
DA:52,2
DA:53,2
DA:54,2
DA:55,1
DA:56,1
DA:58,1
DA:61,0
DA:62,0
DA:63,0
DA:66,0
DA:70,2
DA:71,2
DA:72,2
DA:75,0
DA:76,0
DA:77,0
DA:80,0
DA:81,0
DA:82,0
DA:86,0
DA:89,0
DA:93,1
DA:94,1
DA:96,1
DA:97,0
DA:100,1
DA:103,1
DA:106,1
DA:109,0
DA:114,5
DA:115,5
DA:118,0
DA:119,0
DA:120,0
DA:121,0
DA:122,0
DA:124,0
DA:125,0
DA:129,0
DA:130,0
DA:135,0
DA:136,0
DA:138,0
DA:139,0
DA:142,0
DA:143,0
DA:147,0
DA:148,0
DA:150,0
DA:151,0
DA:156,0
DA:159,0
DA:164,0
DA:165,0
DA:166,0
DA:168,0
DA:169,0
DA:171,0
DA:174,5
DA:183,2
DA:185,0
DA:186,0
DA:189,2
DA:190,2
DA:193,2
DA:194,2
DA:195,0
DA:198,2
DA:204,0
DA:205,0
DA:206,0
DA:209,2
DA:210,2
DA:211,1
DA:214,1
DA:217,2
DA:220,1
DA:221,1
DA:226,2
DA:227,0
DA:228,0
DA:230,0
DA:237,2
DA:238,2
DA:241,5
LF:102
LH:49
BRDA:39,0,0,0
BRDA:39,0,1,2
BRDA:48,1,0,0
BRDA:48,1,1,2
BRDA:52,2,0,2
BRDA:52,2,1,0
BRDA:54,3,0,1
BRDA:54,3,1,1
BRDA:56,4,0,1
BRDA:56,4,1,0
BRDA:58,5,0,0
BRDA:58,5,1,1
BRDA:61,6,0,0
BRDA:61,6,1,0
BRDA:63,7,0,0
BRDA:63,7,1,0
BRDA:70,8,0,2
BRDA:70,8,1,0
BRDA:75,9,0,0
BRDA:75,9,1,0
BRDA:81,10,0,0
BRDA:81,10,1,0
BRDA:96,11,0,0
BRDA:96,11,1,1
BRDA:103,12,0,1
BRDA:103,12,1,0
BRDA:135,13,0,0
BRDA:135,13,1,0
BRDA:135,14,0,0
BRDA:135,14,1,0
BRDA:138,15,0,0
BRDA:138,15,1,0
BRDA:147,16,0,0
BRDA:147,16,1,0
BRDA:147,17,0,0
BRDA:147,17,1,0
BRDA:150,18,0,0
BRDA:150,18,1,0
BRDA:150,19,0,0
BRDA:150,19,1,0
BRDA:164,20,0,0
BRDA:164,20,1,0
BRDA:175,21,0,5
BRDA:175,21,1,5
BRDA:183,22,0,0
BRDA:183,22,1,2
BRDA:189,23,0,2
BRDA:189,23,1,0
BRDA:194,24,0,0
BRDA:194,24,1,2
BRDA:194,25,0,2
BRDA:194,25,1,2
BRDA:198,26,0,0
BRDA:198,26,1,2
BRDA:199,27,0,2
BRDA:199,27,1,1
BRDA:199,27,2,0
BRDA:199,27,3,0
BRDA:205,28,0,0
BRDA:205,28,1,0
BRDA:210,29,0,1
BRDA:210,29,1,1
BRDA:227,30,0,0
BRDA:227,30,1,0
BRDA:227,31,0,0
BRDA:227,31,1,0
BRDA:227,31,2,0
BRF:67
BRH:22
end_of_record
TN:
SF:services\auth-system\src\middleware\accessLogger.js
FN:1,accessLogger
FN:4,(anonymous_1)
FNF:2
FNH:2
FNDA:66,accessLogger
FNDA:66,(anonymous_1)
DA:2,66
DA:4,66
DA:5,66
DA:6,66
DA:14,66
DA:17,66
DA:20,5
LF:7
LH:7
BRF:0
BRH:0
end_of_record
TN:
SF:services\auth-system\src\middleware\auth.js
FN:4,extractToken
FN:15,requireAuth
FNF:2
FNH:2
FNDA:37,extractToken
FNDA:37,requireAuth
DA:1,5
DA:2,5
DA:5,37
DA:6,37
DA:7,37
DA:9,0
DA:10,0
DA:12,0
DA:16,37
DA:17,37
DA:18,37
DA:19,0
DA:21,37
DA:22,37
DA:23,37
DA:25,0
DA:29,5
LF:17
LH:12
BRDA:6,0,0,37
BRDA:6,0,1,0
BRDA:6,1,0,37
BRDA:6,1,1,37
BRDA:9,2,0,0
BRDA:9,2,1,0
BRDA:9,3,0,0
BRDA:9,3,1,0
BRDA:18,4,0,0
BRDA:18,4,1,37
BRF:10
BRH:4
end_of_record
TN:
SF:services\auth-system\src\middleware\cors.js
FN:3,isOriginAllowed
FN:8,(anonymous_1)
FN:13,corsMiddleware
FNF:3
FNH:2
FNDA:66,isOriginAllowed
FNDA:0,(anonymous_1)
FNDA:66,corsMiddleware
DA:1,5
DA:4,66
DA:5,66
DA:7,0
DA:8,0
DA:10,0
DA:14,66
DA:16,66
DA:18,66
DA:23,66
DA:24,66
DA:27,66
DA:28,66
DA:30,66
DA:31,0
DA:34,66
DA:35,0
DA:38,66
DA:41,5
LF:19
LH:14
BRDA:4,0,0,66
BRDA:4,0,1,0
BRDA:4,1,0,66
BRDA:4,1,1,0
BRDA:16,2,0,66
BRDA:16,2,1,0
BRDA:18,3,0,66
BRDA:18,3,1,0
BRDA:19,4,0,0
BRDA:19,4,1,66
BRDA:19,5,0,66
BRDA:19,5,1,0
BRDA:30,6,0,0
BRDA:30,6,1,66
BRDA:34,7,0,0
BRDA:34,7,1,66
BRF:16
BRH:8
end_of_record
TN:
SF:services\auth-system\src\middleware\errorHandler.js
FN:1,errorHandler
FNF:1
FNH:1
FNDA:7,errorHandler
DA:2,7
DA:3,7
DA:5,7
DA:7,0
DA:10,7
DA:15,5
LF:6
LH:5
BRDA:2,0,0,7
BRDA:2,0,1,0
BRDA:3,1,0,7
BRDA:3,1,1,0
BRDA:5,2,0,0
BRDA:5,2,1,7
BRF:6
BRH:3
end_of_record
TN:
SF:services\auth-system\src\middleware\rateLimit.js
FN:5,getClientKey
FN:11,createRateLimiter
FN:12,rateLimiter
FNF:3
FNH:3
FNDA:63,getClientKey
FNDA:5,createRateLimiter
FNDA:63,rateLimiter
DA:3,5
DA:6,63
DA:7,63
DA:8,63
DA:12,5
DA:13,63
DA:14,63
DA:15,63
DA:16,63
DA:17,0
DA:18,0
DA:20,63
DA:21,63
DA:23,63
DA:24,0
DA:25,0
DA:26,0
DA:29,63
DA:33,5
LF:19
LH:14
BRDA:6,0,0,63
BRDA:6,0,1,0
BRDA:6,0,2,0
BRDA:7,1,0,0
BRDA:7,1,1,63
BRDA:15,2,0,63
BRDA:15,2,1,4
BRDA:16,3,0,0
BRDA:16,3,1,63
BRDA:23,4,0,0
BRDA:23,4,1,63
BRF:11
BRH:6
end_of_record
TN:
SF:services\auth-system\src\models\gameModel.js
FN:5,createOrUpdateRoom
FN:56,getRoomByCode
FN:72,listActiveRooms
FN:79,(anonymous_3)
FN:85,createGameRecord
FN:117,getUserGameHistory
FN:128,ensureUserStats
FN:138,getUserStats
FN:147,updateStatsForResult
FN:173,updatePresence
FNF:10
FNH:5
FNDA:34,createOrUpdateRoom
FNDA:66,getRoomByCode
FNDA:0,listActiveRooms
FNDA:0,(anonymous_3)
FNDA:0,createGameRecord
FNDA:1,getUserGameHistory
FNDA:35,ensureUserStats
FNDA:35,getUserStats
FNDA:0,updateStatsForResult
FNDA:0,updatePresence
DA:3,5
DA:16,34
DA:17,34
DA:18,2
DA:34,2
DA:37,32
DA:53,32
DA:57,66
DA:63,66
DA:64,32
DA:66,34
DA:73,0
DA:79,0
DA:96,0
DA:97,0
DA:118,1
DA:129,35
DA:130,35
DA:135,35
DA:139,35
DA:148,0
DA:149,0
DA:150,0
DA:151,0
DA:152,0
DA:156,0
DA:162,0
DA:163,0
DA:164,0
DA:165,0
DA:174,0
DA:175,0
DA:183,5
LF:33
LH:17
BRDA:14,0,0,0
BRDA:17,1,0,2
BRDA:17,1,1,32
BRDA:63,2,0,32
BRDA:63,2,1,34
BRDA:117,3,0,0
BRDA:147,4,0,0
BRDA:149,5,0,0
BRDA:149,5,1,0
BRDA:149,6,0,0
BRDA:149,6,1,0
BRDA:162,7,0,0
BRDA:162,7,1,0
BRDA:179,8,0,0
BRDA:179,8,1,0
BRF:15
BRH:4
end_of_record
TN:
SF:services\auth-system\src\models\userModel.js
FN:3,findByUsername
FN:10,findByEmail
FN:17,findById
FN:21,createUser
FNF:4
FNH:4
FNDA:22,findByUsername
FNDA:13,findByEmail
FNDA:35,findById
FNDA:12,createUser
DA:1,5
DA:4,22
DA:11,13
DA:18,35
DA:22,12
DA:26,12
DA:34,5
LF:7
LH:7
BRF:0
BRH:0
end_of_record
TN:
SF:services\auth-system\src\routes\authRoutes.js
FN:52,(anonymous_0)
FN:90,(anonymous_1)
FN:127,(anonymous_2)
FNF:3
FNH:3
FNDA:14,(anonymous_0)
FNDA:8,(anonymous_1)
FNDA:1,(anonymous_2)
DA:1,5
DA:2,5
DA:3,5
DA:4,5
DA:10,5
DA:11,5
DA:16,5
DA:18,5
DA:20,5
DA:36,5
DA:49,5
DA:53,14
DA:54,14
DA:55,14
DA:57,14
DA:58,14
DA:59,1
DA:61,13
DA:62,13
DA:63,1
DA:66,12
DA:67,12
DA:68,12
DA:75,12
DA:87,5
DA:91,8
DA:92,8
DA:93,8
DA:95,8
DA:96,0
DA:99,8
DA:100,8
DA:101,1
DA:104,7
DA:105,7
DA:111,7
DA:124,5
DA:128,1
DA:129,1
DA:130,0
DA:132,1
DA:136,5
LF:42
LH:40
BRDA:58,0,0,1
BRDA:58,0,1,13
BRDA:62,1,0,1
BRDA:62,1,1,12
BRDA:95,2,0,0
BRDA:95,2,1,8
BRDA:100,3,0,1
BRDA:100,3,1,7
BRDA:129,4,0,0
BRDA:129,4,1,1
BRF:10
BRH:8
end_of_record
TN:
SF:services\auth-system\src\routes\gameRoutes.js
FN:21,loadCurrentUser
FN:38,(anonymous_1)
FN:62,(anonymous_2)
FN:86,(anonymous_3)
FN:97,(anonymous_4)
FNF:5
FNH:5
FNDA:34,loadCurrentUser
FNDA:32,(anonymous_1)
FNDA:2,(anonymous_2)
FNDA:1,(anonymous_3)
FNDA:1,(anonymous_4)
DA:3,5
DA:4,5
DA:5,5
DA:6,5
DA:7,5
DA:8,5
DA:17,5
DA:19,5
DA:22,34
DA:23,34
DA:24,0
DA:26,34
DA:29,5
DA:39,32
DA:40,32
DA:44,32
DA:51,5
DA:63,2
DA:64,2
DA:65,2
DA:66,2
DA:70,2
DA:77,5
DA:87,1
DA:88,1
DA:89,1
DA:90,1
DA:94,5
DA:98,1
DA:99,1
DA:103,5
LF:31
LH:30
BRDA:23,0,0,0
BRDA:23,0,1,34
BRF:2
BRH:1
end_of_record
TN:
SF:services\auth-system\src\routes\_shared\routeUtils.js
FN:6,asyncHandler
FN:7,(anonymous_1)
FN:10,validate
FN:13,(anonymous_3)
FNF:4
FNH:4
FNDA:35,asyncHandler
FNDA:59,(anonymous_1)
FNDA:25,validate
FNDA:61,(anonymous_3)
DA:3,5
DA:4,5
DA:7,59
DA:11,25
DA:14,61
DA:15,61
DA:16,4
DA:18,57
DA:23,5
LF:9
LH:9
BRDA:15,0,0,4
BRDA:15,0,1,57
BRF:2
BRH:2
end_of_record
TN:
SF:services\auth-system\src\services\authService.js
FN:5,hashPassword
FN:9,comparePassword
FN:13,signAccessToken
FN:24,verifyAccessToken
FNF:4
FNH:4
FNDA:13,hashPassword
FNDA:9,comparePassword
FNDA:8,signAccessToken
FNDA:38,verifyAccessToken
DA:1,6
DA:2,6
DA:3,6
DA:6,13
DA:10,9
DA:14,8
DA:25,38
DA:28,6
LF:8
LH:8
BRF:0
BRH:0
end_of_record
TN:
SF:services\auth-system\src\services\chessEngine.js
FN:14,createPiece
FN:22,createInitialBoard
FN:23,(anonymous_2)
FN:24,(anonymous_3)
FN:27,(anonymous_4)
FN:70,createInitialGameState
FN:88,cloneBoard
FN:89,(anonymous_7)
FN:89,(anonymous_8)
FN:92,cloneState
FN:96,(anonymous_10)
FN:101,inBoard
FN:105,insidePalace
FN:115,crossesRiver
FN:119,findGeneral
FN:131,sameSide
FN:135,addStepMove
FN:145,countPiecesBetween
FN:157,generalsFacing
FN:166,getPseudoMoves
FN:315,applyBoardMove
FN:324,getAttackMoves
FN:359,isInCheck
FN:366,(anonymous_23)
FN:369,isLegalMove
FN:385,(anonymous_25)
FN:402,getAllLegalMoves
FN:422,inferWinner
FN:439,applyMove
FNF:29
FNH:28
FNDA:1152,createPiece
FNDA:36,createInitialBoard
FNDA:360,(anonymous_2)
FNDA:3240,(anonymous_3)
FNDA:1152,(anonymous_4)
FNDA:36,createInitialGameState
FNDA:48,cloneBoard
FNDA:480,(anonymous_7)
FNDA:4320,(anonymous_8)
FNDA:1,cloneState
FNDA:0,(anonymous_10)
FNDA:5233,inBoard
FNDA:588,insidePalace
FNDA:249,crossesRiver
FNDA:187,findGeneral
FNDA:1192,sameSide
FNDA:890,addStepMove
FNDA:93,countPiecesBetween
FNDA:46,generalsFacing
FNDA:814,getPseudoMoves
FNDA:47,applyBoardMove
FNDA:47,getAttackMoves
FNDA:47,isInCheck
FNDA:2103,(anonymous_23)
FNDA:48,isLegalMove
FNDA:186,(anonymous_25)
FNDA:1,getAllLegalMoves
FNDA:1,inferWinner
FNDA:2,applyMove
DA:3,6
DA:4,6
DA:5,6
DA:9,6
DA:15,1152
DA:23,36
DA:24,3240
DA:27,36
DA:28,1152
DA:32,36
DA:33,36
DA:34,36
DA:35,36
DA:36,36
DA:37,36
DA:38,36
DA:39,36
DA:40,36
DA:41,36
DA:42,36
DA:43,36
DA:44,36
DA:45,36
DA:46,36
DA:47,36
DA:50,36
DA:51,36
DA:52,36
DA:53,36
DA:54,36
DA:55,36
DA:56,36
DA:57,36
DA:58,36
DA:59,36
DA:60,36
DA:61,36
DA:62,36
DA:63,36
DA:64,36
DA:65,36
DA:67,36
DA:71,36
DA:72,36
DA:73,36
DA:89,4320
DA:93,1
DA:96,0
DA:102,5233
DA:106,588
DA:107,196
DA:109,392
DA:110,360
DA:112,32
DA:116,249
DA:120,187
DA:121,640
DA:122,5012
DA:123,5012
DA:124,187
DA:128,0
DA:132,1192
DA:136,890
DA:137,0
DA:139,890
DA:140,890
DA:141,792
DA:146,93
DA:147,93
DA:148,93
DA:149,93
DA:150,742
DA:151,198
DA:154,93
DA:158,46
DA:159,46
DA:160,46
DA:161,0
DA:163,46
DA:167,814
DA:168,814
DA:169,0
DA:171,814
DA:172,814
DA:174,814
DA:175,49
DA:181,49
DA:182,196
DA:183,196
DA:184,196
DA:185,147
DA:188,49
DA:191,765
DA:192,98
DA:198,98
DA:199,392
DA:200,392
DA:201,392
DA:202,98
DA:205,98
DA:208,667
DA:209,100
DA:215,100
DA:216,400
DA:217,400
DA:218,400
DA:219,400
DA:220,400
DA:221,200
DA:223,200
DA:224,0
DA:226,200
DA:227,0
DA:229,200
DA:231,100
DA:234,567
DA:235,98
DA:245,98
DA:246,784
DA:247,784
DA:248,784
DA:249,588
DA:251,196
DA:252,196
DA:253,196
DA:255,98
DA:258,469
DA:259,220
DA:265,220
DA:266,880
DA:267,880
DA:268,880
DA:269,880
DA:270,2485
DA:271,2485
DA:272,445
DA:273,245
DA:275,200
DA:276,2
DA:278,200
DA:282,2040
DA:283,1690
DA:284,1330
DA:286,360
DA:288,350
DA:289,102
DA:290,102
DA:292,102
DA:295,2183
DA:296,2183
DA:299,220
DA:302,249
DA:303,249
DA:304,249
DA:305,249
DA:306,0
DA:307,0
DA:309,249
DA:312,0
DA:316,47
DA:317,47
DA:318,47
DA:319,47
DA:320,47
DA:321,47
DA:325,47
DA:326,47
DA:327,470
DA:328,4230
DA:329,4230
DA:330,3480
DA:332,750
DA:333,750
DA:334,2103
DA:336,750
DA:337,47
DA:341,47
DA:346,0
DA:356,47
DA:360,47
DA:361,47
DA:362,0
DA:364,47
DA:365,47
DA:366,2103
DA:370,48
DA:371,48
DA:376,0
DA:378,48
DA:379,48
DA:380,0
DA:383,48
DA:384,48
DA:386,186
DA:391,48
DA:392,2
DA:395,46
DA:396,46
DA:397,0
DA:399,46
DA:403,1
DA:404,1
DA:405,1
DA:406,10
DA:407,90
DA:408,90
DA:409,74
DA:411,16
DA:412,16
DA:413,44
DA:414,44
DA:419,1
DA:423,1
DA:424,1
DA:425,1
DA:426,0
DA:428,1
DA:432,1
DA:433,1
DA:434,0
DA:436,1
DA:440,2
DA:441,0
DA:443,2
DA:444,1
DA:447,1
DA:448,1
DA:449,1
DA:450,1
DA:451,1
DA:452,1
DA:454,1
DA:468,1
DA:469,1
DA:470,1
DA:471,1
DA:472,1
DA:473,1
DA:474,1
DA:475,1
DA:476,1
DA:477,1
DA:479,1
DA:480,1
DA:481,0
DA:483,1
DA:484,1
DA:485,0
DA:490,1
DA:491,0
DA:497,1
DA:505,6
LF:252
LH:231
BRDA:89,0,0,1536
BRDA:89,0,1,2784
BRDA:97,1,0,0
BRDA:97,1,1,1
BRDA:102,2,0,5233
BRDA:102,2,1,5063
BRDA:102,2,2,4893
BRDA:102,2,3,4795
BRDA:106,3,0,196
BRDA:106,3,1,392
BRDA:106,4,0,588
BRDA:106,4,1,490
BRDA:109,5,0,360
BRDA:109,5,1,32
BRDA:110,6,0,360
BRDA:110,6,1,360
BRDA:112,7,0,32
BRDA:112,7,1,20
BRDA:116,8,0,229
BRDA:116,8,1,20
BRDA:123,9,0,187
BRDA:123,9,1,4825
BRDA:123,10,0,5012
BRDA:123,10,1,2074
BRDA:123,10,2,1275
BRDA:132,11,0,1192
BRDA:132,11,1,1192
BRDA:132,11,2,401
BRDA:136,12,0,0
BRDA:136,12,1,890
BRDA:140,13,0,792
BRDA:140,13,1,98
BRDA:150,14,0,198
BRDA:150,14,1,544
BRDA:160,15,0,0
BRDA:160,15,1,46
BRDA:160,16,0,46
BRDA:160,16,1,46
BRDA:160,16,2,46
BRDA:168,17,0,0
BRDA:168,17,1,814
BRDA:174,18,0,49
BRDA:174,18,1,765
BRDA:184,19,0,147
BRDA:184,19,1,49
BRDA:191,20,0,98
BRDA:191,20,1,667
BRDA:201,21,0,98
BRDA:201,21,1,294
BRDA:208,22,0,100
BRDA:208,22,1,567
BRDA:220,23,0,200
BRDA:220,23,1,200
BRDA:220,24,0,400
BRDA:220,24,1,200
BRDA:223,25,0,0
BRDA:223,25,1,200
BRDA:223,26,0,200
BRDA:223,26,1,180
BRDA:226,27,0,0
BRDA:226,27,1,200
BRDA:226,28,0,200
BRDA:226,28,1,20
BRDA:234,29,0,98
BRDA:234,29,1,469
BRDA:248,30,0,588
BRDA:248,30,1,196
BRDA:248,31,0,784
BRDA:248,31,1,588
BRDA:258,32,0,220
BRDA:258,32,1,249
BRDA:258,33,0,469
BRDA:258,33,1,369
BRDA:271,34,0,445
BRDA:271,34,1,2040
BRDA:272,35,0,245
BRDA:272,35,1,200
BRDA:275,36,0,2
BRDA:275,36,1,198
BRDA:282,37,0,1690
BRDA:282,37,1,350
BRDA:283,38,0,1330
BRDA:283,38,1,360
BRDA:288,39,0,102
BRDA:288,39,1,248
BRDA:289,40,0,102
BRDA:289,40,1,0
BRDA:302,41,0,249
BRDA:302,41,1,0
BRDA:303,42,0,229
BRDA:303,42,1,20
BRDA:305,43,0,0
BRDA:305,43,1,249
BRDA:329,44,0,3480
BRDA:329,44,1,750
BRDA:329,45,0,4230
BRDA:329,45,1,1502
BRDA:336,46,0,47
BRDA:336,46,1,703
BRDA:339,47,0,45
BRDA:339,47,1,2
BRDA:341,48,0,0
BRDA:341,48,1,47
BRDA:342,49,0,47
BRDA:342,49,1,47
BRDA:342,49,2,47
BRDA:361,50,0,0
BRDA:361,50,1,47
BRDA:364,51,0,2
BRDA:364,51,1,45
BRDA:366,52,0,2103
BRDA:366,52,1,376
BRDA:371,53,0,0
BRDA:371,53,1,48
BRDA:372,54,0,48
BRDA:372,54,1,48
BRDA:372,54,2,48
BRDA:372,54,3,24
BRDA:379,55,0,0
BRDA:379,55,1,48
BRDA:379,56,0,48
BRDA:379,56,1,48
BRDA:386,57,0,186
BRDA:386,57,1,78
BRDA:386,57,2,46
BRDA:386,57,3,46
BRDA:391,58,0,2
BRDA:391,58,1,46
BRDA:396,59,0,0
BRDA:396,59,1,46
BRDA:403,60,0,1
BRDA:403,60,1,0
BRDA:408,61,0,74
BRDA:408,61,1,16
BRDA:408,62,0,90
BRDA:408,62,1,32
BRDA:413,63,0,44
BRDA:413,63,1,0
BRDA:423,64,0,1
BRDA:423,64,1,0
BRDA:425,65,0,0
BRDA:425,65,1,1
BRDA:433,66,0,0
BRDA:433,66,1,1
BRDA:440,67,0,0
BRDA:440,67,1,2
BRDA:443,68,0,1
BRDA:443,68,1,1
BRDA:450,69,0,1
BRDA:450,69,1,0
BRDA:451,70,0,0
BRDA:451,70,1,1
BRDA:462,71,0,0
BRDA:462,71,1,1
BRDA:463,72,0,1
BRDA:463,72,1,0
BRDA:464,73,0,1
BRDA:464,73,1,0
BRDA:480,74,0,0
BRDA:480,74,1,1
BRDA:483,75,0,1
BRDA:483,75,1,0
BRDA:484,76,0,0
BRDA:484,76,1,1
BRDA:490,77,0,0
BRDA:490,77,1,1
BRF:166
BRH:137
end_of_record
TN:
SF:services\auth-system\src\services\roomService.js
FN:33,generateRoomCode
FN:43,generateUniqueRoomCode
FN:57,persistRoom
FN:71,createRoom
FN:104,getRoomOrThrow
FN:113,joinRoom
FN:138,makeMove
FN:176,finalizeRoomGame
FN:203,forceFinishRoom
FN:234,appendChat
FN:256,getRoomSnapshot
FN:261,markOnline
FN:274,hydrateRoomsFromDatabase
FN:277,(anonymous_13)
FN:282,getUserProfile
FN:293,upsertRoomFromDbRow
FN:301,recoverRoom
FN:314,getRoomStore
FNF:18
FNH:9
FNDA:32,generateRoomCode
FNDA:32,generateUniqueRoomCode
FNDA:34,persistRoom
FNDA:32,createRoom
FNDA:3,getRoomOrThrow
FNDA:2,joinRoom
FNDA:0,makeMove
FNDA:0,finalizeRoomGame
FNDA:0,forceFinishRoom
FNDA:0,appendChat
FNDA:1,getRoomSnapshot
FNDA:0,markOnline
FNDA:0,hydrateRoomsFromDatabase
FNDA:0,(anonymous_13)
FNDA:1,getUserProfile
FNDA:0,upsertRoomFromDbRow
FNDA:3,recoverRoom
FNDA:0,getRoomStore
DA:3,5
DA:4,5
DA:5,5
DA:13,5
DA:19,5
DA:29,5
DA:31,5
DA:34,32
DA:35,32
DA:36,32
DA:37,32
DA:38,224
DA:40,32
DA:44,32
DA:45,32
DA:46,32
DA:47,0
DA:49,32
DA:50,32
DA:51,32
DA:54,0
DA:58,34
DA:72,32
DA:73,32
DA:74,32
DA:75,32
DA:76,32
DA:98,32
DA:99,32
DA:100,32
DA:101,32
DA:105,3
DA:106,3
DA:107,3
DA:108,0
DA:110,3
DA:114,2
DA:115,2
DA:116,2
DA:117,0
DA:118,0
DA:119,0
DA:120,0
DA:122,2
DA:123,0
DA:125,2
DA:126,0
DA:128,2
DA:129,2
DA:130,2
DA:131,2
DA:132,2
DA:133,2
DA:134,2
DA:135,2
DA:139,0
DA:140,0
DA:141,0
DA:143,0
DA:144,0
DA:145,0
DA:147,0
DA:148,0
DA:151,0
DA:156,0
DA:157,0
DA:160,0
DA:161,0
DA:162,0
DA:163,0
DA:164,0
DA:165,0
DA:167,0
DA:169,0
DA:177,0
DA:178,0
DA:179,0
DA:180,0
DA:181,0
DA:183,0
DA:195,0
DA:196,0
DA:198,0
DA:199,0
DA:204,0
DA:205,0
DA:206,0
DA:208,0
DA:209,0
DA:210,0
DA:211,0
DA:225,0
DA:226,0
DA:227,0
DA:228,0
DA:229,0
DA:230,0
DA:231,0
DA:235,0
DA:236,0
DA:237,0
DA:238,0
DA:240,0
DA:247,0
DA:248,0
DA:249,0
DA:251,0
DA:252,0
DA:253,0
DA:257,1
DA:258,1
DA:262,0
DA:263,0
DA:264,0
DA:266,0
DA:267,0
DA:268,0
DA:270,0
DA:271,0
DA:276,0
DA:277,0
DA:278,0
DA:283,1
DA:287,1
DA:294,0
DA:295,0
DA:297,0
DA:298,0
DA:302,3
DA:303,3
DA:304,3
DA:306,0
DA:307,0
DA:308,0
DA:310,0
DA:311,0
DA:315,0
DA:318,5
LF:138
LH:54
BRDA:33,0,0,0
BRDA:46,1,0,0
BRDA:46,1,1,32
BRDA:50,2,0,32
BRDA:50,2,1,0
BRDA:67,3,0,34
BRDA:67,3,1,34
BRDA:72,4,0,0
BRDA:72,4,1,32
BRDA:79,5,0,32
BRDA:79,5,1,0
BRDA:80,6,0,0
BRDA:80,6,1,32
BRDA:83,7,0,32
BRDA:83,7,1,0
BRDA:87,8,0,0
BRDA:87,8,1,32
BRDA:107,9,0,0
BRDA:107,9,1,3
BRDA:116,10,0,0
BRDA:116,10,1,2
BRDA:122,11,0,0
BRDA:122,11,1,2
BRDA:125,12,0,0
BRDA:125,12,1,2
BRDA:125,13,0,2
BRDA:125,13,1,2
BRDA:128,14,0,2
BRDA:128,14,1,0
BRDA:140,15,0,0
BRDA:140,15,1,0
BRDA:144,16,0,0
BRDA:144,16,1,0
BRDA:147,17,0,0
BRDA:147,17,1,0
BRDA:156,18,0,0
BRDA:156,18,1,0
BRDA:162,19,0,0
BRDA:162,19,1,0
BRDA:178,20,0,0
BRDA:178,20,1,0
BRDA:179,21,0,0
BRDA:179,21,1,0
BRDA:180,22,0,0
BRDA:180,22,1,0
BRDA:181,23,0,0
BRDA:181,23,1,0
BRDA:192,24,0,0
BRDA:192,24,1,0
BRDA:195,25,0,0
BRDA:195,25,1,0
BRDA:195,26,0,0
BRDA:195,26,1,0
BRDA:205,27,0,0
BRDA:205,27,1,0
BRDA:223,28,0,0
BRDA:223,28,1,0
BRDA:237,29,0,0
BRDA:237,29,1,0
BRDA:248,30,0,0
BRDA:248,30,1,0
BRDA:263,31,0,0
BRDA:263,31,1,0
BRDA:267,32,0,0
BRDA:267,32,1,0
BRDA:267,33,0,0
BRDA:267,33,1,0
BRDA:294,34,0,0
BRDA:294,34,1,0
BRDA:303,35,0,3
BRDA:303,35,1,0
BRDA:307,36,0,0
BRDA:307,36,1,0
BRF:73
BRH:17
end_of_record
TN:
SF:services\auth-system\src\services\room\constants.js
FNF:0
FNH:0
DA:3,5
DA:9,5
DA:10,5
DA:12,5
LF:4
LH:4
BRF:0
BRH:0
end_of_record
TN:
SF:services\auth-system\src\services\room\helpers.js
FN:3,now
FN:7,safeText
FN:14,sanitizeRoomCode
FN:20,buildPublicRoom
FN:38,getUserSide
FN:48,buildRoomFromDbRow
FNF:6
FNH:4
FNDA:34,now
FNDA:0,safeText
FNDA:9,sanitizeRoomCode
FNDA:38,buildPublicRoom
FNDA:2,getUserSide
FNDA:0,buildRoomFromDbRow
DA:4,34
DA:8,0
DA:9,0
DA:11,0
DA:15,9
DA:21,38
DA:39,2
DA:40,0
DA:42,2
DA:43,0
DA:45,2
DA:49,0
DA:69,5
LF:13
LH:7
BRDA:7,0,0,0
BRDA:8,1,0,0
BRDA:8,1,1,0
BRDA:15,2,0,9
BRDA:15,2,1,0
BRDA:20,3,0,0
BRDA:39,4,0,0
BRDA:39,4,1,2
BRDA:42,5,0,0
BRDA:42,5,1,2
BRDA:55,6,0,0
BRDA:55,6,1,0
BRDA:56,7,0,0
BRDA:56,7,1,0
BRDA:65,8,0,0
BRDA:65,8,1,0
BRF:16
BRH:3
end_of_record
TN:
SF:services\auth-system\src\websocket\gameSocket.js
FN:23,parseCookies
FN:29,(anonymous_1)
FN:39,getTokenFromRequest
FN:52,send
FN:58,broadcastToRoom
FN:63,(anonymous_5)
FN:68,attachUserConnection
FN:75,detachUserConnection
FN:89,attachRoomConnection
FN:97,detachRoomConnection
FN:112,syncRoom
FN:121,startTurnTimeoutLoop
FN:122,(anonymous_12)
FN:153,initGameSocket
FN:161,(anonymous_14)
FN:174,(anonymous_15)
FN:258,(anonymous_16)
FN:279,(anonymous_17)
FNF:18
FNH:0
FNDA:0,parseCookies
FNDA:0,(anonymous_1)
FNDA:0,getTokenFromRequest
FNDA:0,send
FNDA:0,broadcastToRoom
FNDA:0,(anonymous_5)
FNDA:0,attachUserConnection
FNDA:0,detachUserConnection
FNDA:0,attachRoomConnection
FNDA:0,detachRoomConnection
FNDA:0,syncRoom
FNDA:0,startTurnTimeoutLoop
FNDA:0,(anonymous_12)
FNDA:0,initGameSocket
FNDA:0,(anonymous_14)
FNDA:0,(anonymous_15)
FNDA:0,(anonymous_16)
FNDA:0,(anonymous_17)
DA:3,0
DA:4,0
DA:5,0
DA:6,0
DA:18,0
DA:20,0
DA:21,0
DA:24,0
DA:25,0
DA:26,0
DA:28,0
DA:29,0
DA:30,0
DA:31,0
DA:32,0
DA:34,0
DA:36,0
DA:40,0
DA:41,0
DA:42,0
DA:44,0
DA:45,0
DA:46,0
DA:48,0
DA:49,0
DA:53,0
DA:54,0
DA:59,0
DA:60,0
DA:61,0
DA:63,0
DA:64,0
DA:69,0
DA:70,0
DA:71,0
DA:72,0
DA:76,0
DA:77,0
DA:78,0
DA:80,0
DA:81,0
DA:82,0
DA:83,0
DA:84,0
DA:86,0
DA:90,0
DA:91,0
DA:92,0
DA:93,0
DA:94,0
DA:98,0
DA:99,0
DA:100,0
DA:102,0
DA:103,0
DA:104,0
DA:106,0
DA:107,0
DA:108,0
DA:113,0
DA:114,0
DA:115,0
DA:122,0
DA:123,0
DA:124,0
DA:125,0
DA:126,0
DA:127,0
DA:129,0
DA:130,0
DA:131,0
DA:133,0
DA:134,0
DA:135,0
DA:140,0
DA:141,0
DA:154,0
DA:159,0
DA:161,0
DA:162,0
DA:163,0
DA:164,0
DA:165,0
DA:166,0
DA:167,0
DA:168,0
DA:170,0
DA:171,0
DA:172,0
DA:174,0
DA:175,0
DA:176,0
DA:177,0
DA:178,0
DA:180,0
DA:181,0
DA:182,0
DA:185,0
DA:186,0
DA:187,0
DA:188,0
DA:189,0
DA:190,0
DA:191,0
DA:195,0
DA:198,0
DA:199,0
DA:200,0
DA:201,0
DA:202,0
DA:205,0
DA:206,0
DA:207,0
DA:208,0
DA:209,0
DA:215,0
DA:223,0
DA:224,0
DA:233,0
DA:236,0
DA:237,0
DA:238,0
DA:239,0
DA:244,0
DA:248,0
DA:251,0
DA:258,0
DA:259,0
DA:260,0
DA:261,0
DA:262,0
DA:263,0
DA:274,0
DA:278,0
DA:280,0
DA:281,0
DA:286,0
LF:137
LH:0
BRDA:25,0,0,0
BRDA:25,0,1,0
BRDA:31,1,0,0
BRDA:31,1,1,0
BRDA:40,2,0,0
BRDA:40,2,1,0
BRDA:41,3,0,0
BRDA:41,3,1,0
BRDA:45,4,0,0
BRDA:45,4,1,0
BRDA:49,5,0,0
BRDA:49,5,1,0
BRDA:53,6,0,0
BRDA:53,6,1,0
BRDA:60,7,0,0
BRDA:60,7,1,0
BRDA:69,8,0,0
BRDA:69,8,1,0
BRDA:77,9,0,0
BRDA:77,9,1,0
BRDA:81,10,0,0
BRDA:81,10,1,0
BRDA:91,11,0,0
BRDA:91,11,1,0
BRDA:99,12,0,0
BRDA:99,12,1,0
BRDA:103,13,0,0
BRDA:103,13,1,0
BRDA:107,14,0,0
BRDA:107,14,1,0
BRDA:126,15,0,0
BRDA:126,15,1,0
BRDA:130,16,0,0
BRDA:130,16,1,0
BRDA:130,17,0,0
BRDA:130,17,1,0
BRDA:134,18,0,0
BRDA:134,18,1,0
BRDA:166,19,0,0
BRDA:166,19,1,0
BRDA:176,20,0,0
BRDA:176,20,1,0
BRDA:177,21,0,0
BRDA:177,21,1,0
BRDA:177,22,0,0
BRDA:177,22,1,0
BRDA:180,23,0,0
BRDA:180,23,1,0
BRDA:185,24,0,0
BRDA:185,24,1,0
BRDA:186,25,0,0
BRDA:186,25,1,0
BRDA:198,26,0,0
BRDA:198,26,1,0
BRDA:199,27,0,0
BRDA:199,27,1,0
BRDA:205,28,0,0
BRDA:205,28,1,0
BRDA:206,29,0,0
BRDA:206,29,1,0
BRDA:207,30,0,0
BRDA:207,30,1,0
BRDA:208,31,0,0
BRDA:208,31,1,0
BRDA:223,32,0,0
BRDA:223,32,1,0
BRDA:236,33,0,0
BRDA:236,33,1,0
BRDA:237,34,0,0
BRDA:237,34,1,0
BRDA:238,35,0,0
BRDA:238,35,1,0
BRDA:253,36,0,0
BRDA:253,36,1,0
BRDA:261,37,0,0
BRDA:261,37,1,0
BRF:76
BRH:0
end_of_record
