TN:
SF:services\auth-system\src\app.js
FN:35,(anonymous_0)
FNF:1
FNH:1
FNDA:1,(anonymous_0)
DA:1,1
DA:2,1
DA:3,1
DA:4,1
DA:11,1
DA:12,1
DA:13,1
DA:14,1
DA:15,1
DA:16,1
DA:17,1
DA:18,1
DA:20,1
DA:21,1
DA:23,1
DA:24,0
DA:27,1
DA:28,1
DA:29,1
DA:30,1
DA:31,1
DA:32,1
DA:35,1
DA:36,1
DA:43,1
DA:44,1
DA:52,1
DA:53,1
DA:55,1
DA:57,1
DA:58,1
DA:59,1
DA:62,1
DA:64,1
DA:66,1
DA:67,1
DA:69,1
LF:37
LH:36
BRDA:23,0,0,0
BRDA:23,0,1,1
BRDA:31,1,0,1
BRDA:31,1,1,0
BRDA:58,2,0,1
BRDA:58,2,1,0
BRF:6
BRH:3
end_of_record
TN:
SF:services\auth-system\src\config.js
FN:9,toBoolean
FN:17,toNumber
FN:22,toPath
FNF:3
FNH:3
FNDA:6,toBoolean
FNDA:8,toNumber
FNDA:3,toPath
DA:1,1
DA:2,1
DA:3,1
DA:5,1
DA:10,6
DA:11,5
DA:13,1
DA:14,1
DA:18,8
DA:19,8
DA:23,3
DA:24,3
DA:26,0
DA:31,1
DA:32,1
DA:33,1
DA:35,1
DA:82,1
DA:83,1
DA:84,1
DA:86,1
LF:21
LH:20
BRDA:9,0,0,0
BRDA:10,1,0,5
BRDA:10,1,1,1
BRDA:19,2,0,0
BRDA:19,2,1,8
BRDA:23,3,0,3
BRDA:23,3,1,0
BRDA:26,4,0,0
BRDA:26,4,1,0
BRDA:31,5,0,1
BRDA:31,5,1,0
BRDA:38,6,0,1
BRDA:38,6,1,1
BRDA:40,7,0,1
BRDA:40,7,1,1
BRDA:41,8,0,1
BRDA:41,8,1,1
BRDA:43,9,0,1
BRDA:43,9,1,1
BRDA:49,10,0,1
BRDA:49,10,1,1
BRDA:54,11,0,1
BRDA:54,11,1,1
BRDA:56,12,0,1
BRDA:56,12,1,1
BRDA:59,13,0,1
BRDA:59,13,1,1
BRF:27
BRH:21
end_of_record
TN:
SF:services\auth-system\src\db.js
FN:6,ensureDbDirectory
FN:17,run
FN:18,(anonymous_2)
FN:19,onRun
FN:29,get
FN:30,(anonymous_5)
FN:31,(anonymous_6)
FN:41,all
FN:42,(anonymous_8)
FN:43,(anonymous_9)
FN:53,initializeDatabase
FN:65,(anonymous_11)
FNF:12
FNH:1
FNDA:1,ensureDbDirectory
FNDA:0,run
FNDA:0,(anonymous_2)
FNDA:0,onRun
FNDA:0,get
FNDA:0,(anonymous_5)
FNDA:0,(anonymous_6)
FNDA:0,all
FNDA:0,(anonymous_8)
FNDA:0,(anonymous_9)
FNDA:0,initializeDatabase
FNDA:0,(anonymous_11)
DA:1,1
DA:2,1
DA:3,1
DA:4,1
DA:7,1
DA:8,1
DA:9,0
DA:13,1
DA:15,1
DA:18,0
DA:19,0
DA:20,0
DA:21,0
DA:22,0
DA:24,0
DA:30,0
DA:31,0
DA:32,0
DA:33,0
DA:34,0
DA:36,0
DA:42,0
DA:43,0
DA:44,0
DA:45,0
DA:46,0
DA:48,0
DA:54,0
DA:64,0
DA:65,0
DA:66,0
DA:67,0
DA:70,0
DA:74,0
DA:86,0
DA:104,0
DA:123,0
DA:133,0
DA:136,0
DA:139,0
DA:144,1
LF:41
LH:9
BRDA:8,0,0,0
BRDA:8,0,1,1
BRDA:17,1,0,0
BRDA:20,2,0,0
BRDA:20,2,1,0
BRDA:29,3,0,0
BRDA:32,4,0,0
BRDA:32,4,1,0
BRDA:36,5,0,0
BRDA:36,5,1,0
BRDA:41,6,0,0
BRDA:44,7,0,0
BRDA:44,7,1,0
BRDA:48,8,0,0
BRDA:48,8,1,0
BRDA:66,9,0,0
BRDA:66,9,1,0
BRF:17
BRH:1
end_of_record
TN:
SF:services\auth-system\src\errors.js
FN:2,(anonymous_0)
FNF:1
FNH:1
FNDA:1,(anonymous_0)
DA:3,1
DA:4,1
DA:8,1
LF:3
LH:3
BRF:0
BRH:0
end_of_record
TN:
SF:services\auth-system\src\frontendServer.js
FN:45,shouldTriggerHotReload
FN:53,(anonymous_1)
FN:59,hasStaticAssetExt
FN:63,getSafeAbsolutePath
FN:84,getPrefixedFallbackPath
FN:98,getRequestBasePrefix
FN:109,getHotReloadClientPath
FN:113,createHotReloadScriptTag
FN:117,createHotReloadClientScript
FN:122,hasFrontendTarget
FN:139,getCachedHtmlPath
FN:151,setCachedHtmlPath
FN:165,resolveHtmlPathForRequest
FN:199,setCacheHeader
FN:222,sendHtmlFile
FN:232,(anonymous_15)
FN:239,(anonymous_16)
FN:244,createHotReloadManager
FN:249,sseHandler
FN:257,(anonymous_19)
FN:260,broadcastReload
FN:267,scheduleReload
FN:271,(anonymous_22)
FN:277,startWatch
FN:289,(anonymous_24)
FN:306,stopWatch
FN:329,registerFrontend
FN:338,(anonymous_27)
FN:345,(anonymous_28)
FN:349,(anonymous_29)
FN:365,(anonymous_30)
FN:392,(anonymous_31)
FN:399,(anonymous_32)
FN:408,expressStaticWithCache
FNF:34
FNH:21
FNDA:0,shouldTriggerHotReload
FNDA:0,(anonymous_1)
FNDA:2,hasStaticAssetExt
FNDA:3,getSafeAbsolutePath
FNDA:3,getPrefixedFallbackPath
FNDA:3,getRequestBasePrefix
FNDA:1,getHotReloadClientPath
FNDA:1,createHotReloadScriptTag
FNDA:2,createHotReloadClientScript
FNDA:1,hasFrontendTarget
FNDA:3,getCachedHtmlPath
FNDA:2,setCachedHtmlPath
FNDA:3,resolveHtmlPathForRequest
FNDA:3,setCacheHeader
FNDA:1,sendHtmlFile
FNDA:1,(anonymous_15)
FNDA:0,(anonymous_16)
FNDA:1,createHotReloadManager
FNDA:0,sseHandler
FNDA:0,(anonymous_19)
FNDA:0,broadcastReload
FNDA:0,scheduleReload
FNDA:0,(anonymous_22)
FNDA:0,startWatch
FNDA:0,(anonymous_24)
FNDA:0,stopWatch
FNDA:1,registerFrontend
FNDA:2,(anonymous_27)
FNDA:0,(anonymous_28)
FNDA:3,(anonymous_29)
FNDA:3,(anonymous_30)
FNDA:2,(anonymous_31)
FNDA:0,(anonymous_32)
FNDA:1,expressStaticWithCache
DA:1,1
DA:2,1
DA:10,1
DA:12,1
DA:16,1
DA:17,1
DA:18,1
DA:19,1
DA:20,1
DA:21,1
DA:37,1
DA:46,0
DA:47,0
DA:49,0
DA:50,0
DA:51,0
DA:53,0
DA:54,0
DA:56,0
DA:60,2
DA:64,3
DA:65,3
DA:66,3
DA:68,0
DA:71,3
DA:75,3
DA:77,3
DA:78,0
DA:81,3
DA:85,3
DA:86,1
DA:89,2
DA:90,2
DA:91,1
DA:94,1
DA:95,1
DA:99,3
DA:100,0
DA:102,3
DA:103,3
DA:104,1
DA:106,2
DA:110,1
DA:114,1
DA:118,2
DA:119,2
DA:123,1
DA:124,1
DA:125,0
DA:128,1
DA:129,1
DA:132,0
DA:133,0
DA:136,0
DA:140,3
DA:141,3
DA:142,2
DA:144,1
DA:145,0
DA:146,0
DA:148,1
DA:152,2
DA:153,0
DA:154,0
DA:155,0
DA:158,2
DA:162,2
DA:166,3
DA:167,3
DA:168,1
DA:171,2
DA:172,2
DA:173,0
DA:176,2
DA:177,2
DA:178,2
DA:179,1
DA:180,1
DA:185,1
DA:191,0
DA:192,0
DA:193,0
DA:196,0
DA:200,3
DA:201,3
DA:202,3
DA:205,0
DA:206,0
DA:207,0
DA:210,0
DA:211,0
DA:212,0
DA:216,0
DA:219,0
DA:223,1
DA:224,1
DA:226,1
DA:227,0
DA:230,1
DA:233,1
DA:234,1
DA:237,1
DA:240,0
DA:245,1
DA:246,1
DA:247,1
DA:250,0
DA:251,0
DA:252,0
DA:253,0
DA:254,0
DA:256,0
DA:257,0
DA:261,0
DA:262,0
DA:263,0
DA:268,0
DA:269,0
DA:271,0
DA:272,0
DA:273,0
DA:278,0
DA:279,0
DA:281,0
DA:282,0
DA:285,0
DA:286,0
DA:290,0
DA:291,0
DA:293,0
DA:294,0
DA:299,0
DA:302,0
DA:307,0
DA:308,0
DA:309,0
DA:311,0
DA:312,0
DA:313,0
DA:315,0
DA:316,0
DA:318,0
DA:321,1
DA:330,1
DA:332,0
DA:333,0
DA:336,1
DA:337,1
DA:338,1
DA:339,2
DA:340,2
DA:341,2
DA:345,1
DA:346,0
DA:349,1
DA:350,3
DA:351,0
DA:354,3
DA:355,3
DA:356,2
DA:359,1
DA:360,1
DA:361,1
DA:362,1
DA:365,1
DA:366,3
DA:367,0
DA:370,3
DA:376,0
DA:377,0
DA:378,0
DA:381,3
DA:382,3
DA:383,2
DA:386,1
DA:387,1
DA:390,1
DA:393,2
DA:394,2
DA:399,1
DA:400,0
DA:401,0
DA:402,0
DA:404,0
DA:411,1
DA:412,1
DA:415,1
LF:187
LH:104
BRDA:16,0,0,0
BRDA:16,0,1,1
BRDA:46,1,0,0
BRDA:46,1,1,0
BRDA:50,2,0,0
BRDA:50,2,1,0
BRDA:53,3,0,0
BRDA:53,3,1,0
BRDA:77,4,0,0
BRDA:77,4,1,3
BRDA:85,5,0,1
BRDA:85,5,1,2
BRDA:85,6,0,3
BRDA:85,6,1,3
BRDA:90,7,0,1
BRDA:90,7,1,1
BRDA:90,8,0,2
BRDA:90,8,1,2
BRDA:95,9,0,0
BRDA:95,9,1,1
BRDA:95,10,0,1
BRDA:95,10,1,1
BRDA:99,11,0,0
BRDA:99,11,1,3
BRDA:103,12,0,1
BRDA:103,12,1,2
BRDA:103,13,0,3
BRDA:103,13,1,2
BRDA:118,14,0,2
BRDA:118,14,1,0
BRDA:124,15,0,0
BRDA:124,15,1,1
BRDA:128,16,0,1
BRDA:128,16,1,0
BRDA:132,17,0,0
BRDA:132,17,1,0
BRDA:141,18,0,2
BRDA:141,18,1,1
BRDA:144,19,0,0
BRDA:144,19,1,1
BRDA:152,20,0,0
BRDA:152,20,1,2
BRDA:152,21,0,2
BRDA:152,21,1,2
BRDA:154,22,0,0
BRDA:154,22,1,0
BRDA:167,23,0,1
BRDA:167,23,1,2
BRDA:172,24,0,0
BRDA:172,24,1,2
BRDA:176,25,0,2
BRDA:176,25,1,0
BRDA:178,26,0,1
BRDA:178,26,1,1
BRDA:182,27,0,1
BRDA:182,27,1,0
BRDA:187,28,0,0
BRDA:187,28,1,1
BRDA:191,29,0,0
BRDA:191,29,1,0
BRDA:193,30,0,0
BRDA:193,30,1,0
BRDA:200,31,0,3
BRDA:200,31,1,0
BRDA:205,32,0,0
BRDA:205,32,1,0
BRDA:211,33,0,0
BRDA:211,33,1,0
BRDA:226,34,0,0
BRDA:226,34,1,1
BRDA:234,35,0,1
BRDA:234,35,1,0
BRDA:268,36,0,0
BRDA:268,36,1,0
BRDA:278,37,0,0
BRDA:278,37,1,0
BRDA:278,38,0,0
BRDA:278,38,1,0
BRDA:281,39,0,0
BRDA:281,39,1,0
BRDA:290,40,0,0
BRDA:290,40,1,0
BRDA:290,41,0,0
BRDA:290,41,1,0
BRDA:293,42,0,0
BRDA:293,42,1,0
BRDA:293,43,0,0
BRDA:293,43,1,0
BRDA:307,44,0,0
BRDA:307,44,1,0
BRDA:311,45,0,0
BRDA:311,45,1,0
BRDA:322,46,0,1
BRDA:322,46,1,1
BRDA:330,47,0,0
BRDA:330,47,1,1
BRDA:336,48,0,1
BRDA:336,48,1,0
BRDA:350,49,0,0
BRDA:350,49,1,3
BRDA:350,50,0,3
BRDA:350,50,1,3
BRDA:355,51,0,2
BRDA:355,51,1,1
BRDA:355,52,0,3
BRDA:355,52,1,1
BRDA:355,52,2,1
BRDA:360,53,0,0
BRDA:360,53,1,1
BRDA:366,54,0,0
BRDA:366,54,1,3
BRDA:366,55,0,3
BRDA:366,55,1,3
BRDA:370,56,0,0
BRDA:370,56,1,3
BRDA:371,57,0,3
BRDA:371,57,1,2
BRDA:371,57,2,0
BRDA:371,57,3,0
BRDA:377,58,0,0
BRDA:377,58,1,0
BRDA:382,59,0,2
BRDA:382,59,1,1
BRDA:386,60,0,1
BRDA:386,60,1,0
BRDA:400,61,0,0
BRDA:400,61,1,0
BRDA:400,62,0,0
BRDA:400,62,1,0
BRDA:400,62,2,0
BRDA:401,63,0,0
BRDA:401,63,1,0
BRF:132
BRH:60
end_of_record
TN:
SF:services\auth-system\src\middleware\accessLogger.js
FN:1,accessLogger
FN:4,(anonymous_1)
FNF:2
FNH:2
FNDA:7,accessLogger
FNDA:7,(anonymous_1)
DA:2,7
DA:4,7
DA:5,7
DA:6,7
DA:14,7
DA:17,7
DA:20,1
LF:7
LH:7
BRF:0
BRH:0
end_of_record
TN:
SF:services\auth-system\src\middleware\auth.js
FN:4,extractToken
FN:15,requireAuth
FNF:2
FNH:0
FNDA:0,extractToken
FNDA:0,requireAuth
DA:1,1
DA:2,1
DA:5,0
DA:6,0
DA:7,0
DA:9,0
DA:10,0
DA:12,0
DA:16,0
DA:17,0
DA:18,0
DA:19,0
DA:21,0
DA:22,0
DA:23,0
DA:25,0
DA:29,1
LF:17
LH:3
BRDA:6,0,0,0
BRDA:6,0,1,0
BRDA:6,1,0,0
BRDA:6,1,1,0
BRDA:9,2,0,0
BRDA:9,2,1,0
BRDA:9,3,0,0
BRDA:9,3,1,0
BRDA:18,4,0,0
BRDA:18,4,1,0
BRF:10
BRH:0
end_of_record
TN:
SF:services\auth-system\src\middleware\cors.js
FN:3,isOriginAllowed
FN:8,(anonymous_1)
FN:13,corsMiddleware
FNF:3
FNH:2
FNDA:7,isOriginAllowed
FNDA:0,(anonymous_1)
FNDA:7,corsMiddleware
DA:1,1
DA:4,7
DA:5,7
DA:7,0
DA:8,0
DA:10,0
DA:14,7
DA:16,7
DA:18,7
DA:23,7
DA:24,7
DA:27,7
DA:28,7
DA:30,7
DA:31,0
DA:34,7
DA:35,0
DA:38,7
DA:41,1
LF:19
LH:14
BRDA:4,0,0,7
BRDA:4,0,1,0
BRDA:4,1,0,7
BRDA:4,1,1,0
BRDA:16,2,0,7
BRDA:16,2,1,0
BRDA:18,3,0,7
BRDA:18,3,1,0
BRDA:19,4,0,0
BRDA:19,4,1,7
BRDA:19,5,0,7
BRDA:19,5,1,0
BRDA:30,6,0,0
BRDA:30,6,1,7
BRDA:34,7,0,0
BRDA:34,7,1,7
BRF:16
BRH:8
end_of_record
TN:
SF:services\auth-system\src\middleware\errorHandler.js
FN:1,errorHandler
FNF:1
FNH:1
FNDA:1,errorHandler
DA:2,1
DA:3,1
DA:5,1
DA:7,0
DA:10,1
DA:15,1
LF:6
LH:5
BRDA:2,0,0,1
BRDA:2,0,1,0
BRDA:3,1,0,1
BRDA:3,1,1,0
BRDA:5,2,0,0
BRDA:5,2,1,1
BRF:6
BRH:3
end_of_record
TN:
SF:services\auth-system\src\middleware\rateLimit.js
FN:5,getClientKey
FN:11,createRateLimiter
FN:21,cleanup
FN:41,rateLimiter
FNF:4
FNH:3
FNDA:1,getClientKey
FNDA:1,createRateLimiter
FNDA:0,cleanup
FNDA:1,rateLimiter
DA:3,1
DA:6,1
DA:7,1
DA:8,1
DA:17,1
DA:18,1
DA:19,1
DA:22,0
DA:23,0
DA:24,0
DA:27,0
DA:28,0
DA:30,0
DA:31,0
DA:32,0
DA:33,0
DA:34,0
DA:35,0
DA:36,0
DA:41,1
DA:42,1
DA:43,1
DA:44,0
DA:45,0
DA:47,1
DA:48,1
DA:49,1
DA:50,0
DA:51,0
DA:53,1
DA:54,1
DA:56,1
DA:57,0
DA:58,0
DA:59,0
DA:62,1
DA:66,1
LF:37
LH:18
BRDA:6,0,0,1
BRDA:6,0,1,0
BRDA:6,0,2,0
BRDA:7,1,0,0
BRDA:7,1,1,1
BRDA:14,2,0,0
BRDA:15,3,0,0
BRDA:23,4,0,0
BRDA:23,4,1,0
BRDA:27,5,0,0
BRDA:27,5,1,0
BRDA:35,6,0,0
BRDA:35,6,1,0
BRDA:43,7,0,0
BRDA:43,7,1,1
BRDA:48,8,0,1
BRDA:48,8,1,1
BRDA:49,9,0,0
BRDA:49,9,1,1
BRDA:56,10,0,0
BRDA:56,10,1,1
BRF:21
BRH:7
end_of_record
TN:
SF:services\auth-system\src\models\gameModel.js
FN:5,createOrUpdateRoom
FN:56,getRoomByCode
FN:72,listActiveRooms
FN:79,(anonymous_3)
FN:85,createGameRecord
FN:117,getUserGameHistory
FN:128,ensureUserStats
FN:138,getUserStats
FN:147,updateStatsForResult
FN:173,updatePresence
FNF:10
FNH:0
FNDA:0,createOrUpdateRoom
FNDA:0,getRoomByCode
FNDA:0,listActiveRooms
FNDA:0,(anonymous_3)
FNDA:0,createGameRecord
FNDA:0,getUserGameHistory
FNDA:0,ensureUserStats
FNDA:0,getUserStats
FNDA:0,updateStatsForResult
FNDA:0,updatePresence
DA:3,1
DA:16,0
DA:17,0
DA:18,0
DA:34,0
DA:37,0
DA:53,0
DA:57,0
DA:63,0
DA:64,0
DA:66,0
DA:73,0
DA:79,0
DA:96,0
DA:97,0
DA:118,0
DA:129,0
DA:130,0
DA:135,0
DA:139,0
DA:148,0
DA:149,0
DA:150,0
DA:151,0
DA:152,0
DA:156,0
DA:162,0
DA:163,0
DA:164,0
DA:165,0
DA:174,0
DA:175,0
DA:183,1
LF:33
LH:2
BRDA:14,0,0,0
BRDA:17,1,0,0
BRDA:17,1,1,0
BRDA:63,2,0,0
BRDA:63,2,1,0
BRDA:117,3,0,0
BRDA:147,4,0,0
BRDA:149,5,0,0
BRDA:149,5,1,0
BRDA:149,6,0,0
BRDA:149,6,1,0
BRDA:162,7,0,0
BRDA:162,7,1,0
BRDA:179,8,0,0
BRDA:179,8,1,0
BRF:15
BRH:0
end_of_record
TN:
SF:services\auth-system\src\models\userModel.js
FN:3,findByUsername
FN:10,findByEmail
FN:17,findById
FN:21,createUser
FNF:4
FNH:0
FNDA:0,findByUsername
FNDA:0,findByEmail
FNDA:0,findById
FNDA:0,createUser
DA:1,1
DA:4,0
DA:11,0
DA:18,0
DA:22,0
DA:26,0
DA:34,1
LF:7
LH:2
BRF:0
BRH:0
end_of_record
TN:
SF:services\auth-system\src\modules\auth\index.js
FN:3,registerAuthApi
FNF:1
FNH:1
FNDA:1,registerAuthApi
DA:1,1
DA:4,1
DA:7,1
LF:3
LH:3
BRF:0
BRH:0
end_of_record
TN:
SF:services\auth-system\src\modules\game\index.js
FN:7,registerGameApi
FN:11,bootstrapGameDomain
FN:15,attachGameRealtime
FN:18,(anonymous_3)
FNF:4
FNH:1
FNDA:1,registerGameApi
FNDA:0,bootstrapGameDomain
FNDA:0,attachGameRealtime
FNDA:0,(anonymous_3)
DA:3,1
DA:4,1
DA:5,1
DA:8,1
DA:12,0
DA:16,0
DA:17,0
DA:18,0
DA:22,1
LF:9
LH:5
BRF:0
BRH:0
end_of_record
TN:
SF:services\auth-system\src\modules\static-hosting\index.js
FN:7,createStaticHostingModule
FN:11,(anonymous_1)
FN:16,(anonymous_2)
FN:19,(anonymous_3)
FNF:4
FNH:2
FNDA:1,createStaticHostingModule
FNDA:1,(anonymous_1)
FNDA:0,(anonymous_2)
FNDA:0,(anonymous_3)
DA:1,1
DA:5,1
DA:8,1
DA:10,1
DA:12,1
DA:13,1
DA:17,0
DA:20,0
DA:26,1
LF:9
LH:7
BRDA:12,0,0,1
BRDA:12,0,1,0
BRF:2
BRH:1
end_of_record
TN:
SF:services\auth-system\src\routes\authRoutes.js
FN:52,(anonymous_0)
FN:90,(anonymous_1)
FN:127,(anonymous_2)
FNF:3
FNH:0
FNDA:0,(anonymous_0)
FNDA:0,(anonymous_1)
FNDA:0,(anonymous_2)
DA:1,1
DA:2,1
DA:3,1
DA:4,1
DA:10,1
DA:11,1
DA:16,1
DA:18,1
DA:20,1
DA:36,1
DA:49,1
DA:53,0
DA:54,0
DA:55,0
DA:57,0
DA:58,0
DA:59,0
DA:61,0
DA:62,0
DA:63,0
DA:66,0
DA:67,0
DA:68,0
DA:75,0
DA:87,1
DA:91,0
DA:92,0
DA:93,0
DA:95,0
DA:96,0
DA:99,0
DA:100,0
DA:101,0
DA:104,0
DA:105,0
DA:111,0
DA:124,1
DA:128,0
DA:129,0
DA:130,0
DA:132,0
DA:136,1
LF:42
LH:14
BRDA:58,0,0,0
BRDA:58,0,1,0
BRDA:62,1,0,0
BRDA:62,1,1,0
BRDA:95,2,0,0
BRDA:95,2,1,0
BRDA:100,3,0,0
BRDA:100,3,1,0
BRDA:129,4,0,0
BRDA:129,4,1,0
BRF:10
BRH:0
end_of_record
TN:
SF:services\auth-system\src\routes\gameRoutes.js
FN:21,loadCurrentUser
FN:38,(anonymous_1)
FN:62,(anonymous_2)
FN:86,(anonymous_3)
FN:97,(anonymous_4)
FNF:5
FNH:0
FNDA:0,loadCurrentUser
FNDA:0,(anonymous_1)
FNDA:0,(anonymous_2)
FNDA:0,(anonymous_3)
FNDA:0,(anonymous_4)
DA:3,1
DA:4,1
DA:5,1
DA:6,1
DA:7,1
DA:8,1
DA:17,1
DA:19,1
DA:22,0
DA:23,0
DA:24,0
DA:26,0
DA:29,1
DA:39,0
DA:40,0
DA:44,0
DA:51,1
DA:63,0
DA:64,0
DA:65,0
DA:66,0
DA:70,0
DA:77,1
DA:87,0
DA:88,0
DA:89,0
DA:90,0
DA:94,1
DA:98,0
DA:99,0
DA:103,1
LF:31
LH:13
BRDA:23,0,0,0
BRDA:23,0,1,0
BRF:2
BRH:0
end_of_record
TN:
SF:services\auth-system\src\routes\_shared\routeUtils.js
FN:6,asyncHandler
FN:7,(anonymous_1)
FN:10,validate
FN:13,(anonymous_3)
FNF:4
FNH:3
FNDA:7,asyncHandler
FNDA:0,(anonymous_1)
FNDA:5,validate
FNDA:1,(anonymous_3)
DA:3,1
DA:4,1
DA:7,7
DA:11,5
DA:14,1
DA:15,1
DA:16,1
DA:18,0
DA:23,1
LF:9
LH:8
BRDA:15,0,0,1
BRDA:15,0,1,0
BRF:2
BRH:1
end_of_record
TN:
SF:services\auth-system\src\services\authService.js
FN:5,hashPassword
FN:9,comparePassword
FN:13,signAccessToken
FN:24,verifyAccessToken
FNF:4
FNH:0
FNDA:0,hashPassword
FNDA:0,comparePassword
FNDA:0,signAccessToken
FNDA:0,verifyAccessToken
DA:1,1
DA:2,1
DA:3,1
DA:6,0
DA:10,0
DA:14,0
DA:25,0
DA:28,1
LF:8
LH:4
BRF:0
BRH:0
end_of_record
TN:
SF:services\auth-system\src\services\chessEngine.js
FN:14,createPiece
FN:22,createInitialBoard
FN:23,(anonymous_2)
FN:24,(anonymous_3)
FN:27,(anonymous_4)
FN:70,createInitialGameState
FN:88,cloneBoard
FN:89,(anonymous_7)
FN:89,(anonymous_8)
FN:92,cloneState
FN:96,(anonymous_10)
FN:101,inBoard
FN:105,insidePalace
FN:115,crossesRiver
FN:119,findGeneral
FN:131,sameSide
FN:135,addStepMove
FN:145,countPiecesBetween
FN:157,generalsFacing
FN:166,getPseudoMoves
FN:315,applyBoardMove
FN:324,getAttackMoves
FN:359,isInCheck
FN:366,(anonymous_23)
FN:369,isLegalMove
FN:385,(anonymous_25)
FN:402,getAllLegalMoves
FN:422,inferWinner
FN:439,applyMove
FNF:29
FNH:0
FNDA:0,createPiece
FNDA:0,createInitialBoard
FNDA:0,(anonymous_2)
FNDA:0,(anonymous_3)
FNDA:0,(anonymous_4)
FNDA:0,createInitialGameState
FNDA:0,cloneBoard
FNDA:0,(anonymous_7)
FNDA:0,(anonymous_8)
FNDA:0,cloneState
FNDA:0,(anonymous_10)
FNDA:0,inBoard
FNDA:0,insidePalace
FNDA:0,crossesRiver
FNDA:0,findGeneral
FNDA:0,sameSide
FNDA:0,addStepMove
FNDA:0,countPiecesBetween
FNDA:0,generalsFacing
FNDA:0,getPseudoMoves
FNDA:0,applyBoardMove
FNDA:0,getAttackMoves
FNDA:0,isInCheck
FNDA:0,(anonymous_23)
FNDA:0,isLegalMove
FNDA:0,(anonymous_25)
FNDA:0,getAllLegalMoves
FNDA:0,inferWinner
FNDA:0,applyMove
DA:3,1
DA:4,1
DA:5,1
DA:9,1
DA:15,0
DA:23,0
DA:24,0
DA:27,0
DA:28,0
DA:32,0
DA:33,0
DA:34,0
DA:35,0
DA:36,0
DA:37,0
DA:38,0
DA:39,0
DA:40,0
DA:41,0
DA:42,0
DA:43,0
DA:44,0
DA:45,0
DA:46,0
DA:47,0
DA:50,0
DA:51,0
DA:52,0
DA:53,0
DA:54,0
DA:55,0
DA:56,0
DA:57,0
DA:58,0
DA:59,0
DA:60,0
DA:61,0
DA:62,0
DA:63,0
DA:64,0
DA:65,0
DA:67,0
DA:71,0
DA:72,0
DA:73,0
DA:89,0
DA:93,0
DA:96,0
DA:102,0
DA:106,0
DA:107,0
DA:109,0
DA:110,0
DA:112,0
DA:116,0
DA:120,0
DA:121,0
DA:122,0
DA:123,0
DA:124,0
DA:128,0
DA:132,0
DA:136,0
DA:137,0
DA:139,0
DA:140,0
DA:141,0
DA:146,0
DA:147,0
DA:148,0
DA:149,0
DA:150,0
DA:151,0
DA:154,0
DA:158,0
DA:159,0
DA:160,0
DA:161,0
DA:163,0
DA:167,0
DA:168,0
DA:169,0
DA:171,0
DA:172,0
DA:174,0
DA:175,0
DA:181,0
DA:182,0
DA:183,0
DA:184,0
DA:185,0
DA:188,0
DA:191,0
DA:192,0
DA:198,0
DA:199,0
DA:200,0
DA:201,0
DA:202,0
DA:205,0
DA:208,0
DA:209,0
DA:215,0
DA:216,0
DA:217,0
DA:218,0
DA:219,0
DA:220,0
DA:221,0
DA:223,0
DA:224,0
DA:226,0
DA:227,0
DA:229,0
DA:231,0
DA:234,0
DA:235,0
DA:245,0
DA:246,0
DA:247,0
DA:248,0
DA:249,0
DA:251,0
DA:252,0
DA:253,0
DA:255,0
DA:258,0
DA:259,0
DA:265,0
DA:266,0
DA:267,0
DA:268,0
DA:269,0
DA:270,0
DA:271,0
DA:272,0
DA:273,0
DA:275,0
DA:276,0
DA:278,0
DA:282,0
DA:283,0
DA:284,0
DA:286,0
DA:288,0
DA:289,0
DA:290,0
DA:292,0
DA:295,0
DA:296,0
DA:299,0
DA:302,0
DA:303,0
DA:304,0
DA:305,0
DA:306,0
DA:307,0
DA:309,0
DA:312,0
DA:316,0
DA:317,0
DA:318,0
DA:319,0
DA:320,0
DA:321,0
DA:325,0
DA:326,0
DA:327,0
DA:328,0
DA:329,0
DA:330,0
DA:332,0
DA:333,0
DA:334,0
DA:336,0
DA:337,0
DA:341,0
DA:346,0
DA:356,0
DA:360,0
DA:361,0
DA:362,0
DA:364,0
DA:365,0
DA:366,0
DA:370,0
DA:371,0
DA:376,0
DA:378,0
DA:379,0
DA:380,0
DA:383,0
DA:384,0
DA:386,0
DA:391,0
DA:392,0
DA:395,0
DA:396,0
DA:397,0
DA:399,0
DA:403,0
DA:404,0
DA:405,0
DA:406,0
DA:407,0
DA:408,0
DA:409,0
DA:411,0
DA:412,0
DA:413,0
DA:414,0
DA:419,0
DA:423,0
DA:424,0
DA:425,0
DA:426,0
DA:428,0
DA:432,0
DA:433,0
DA:434,0
DA:436,0
DA:440,0
DA:441,0
DA:443,0
DA:444,0
DA:447,0
DA:448,0
DA:449,0
DA:450,0
DA:451,0
DA:452,0
DA:454,0
DA:468,0
DA:469,0
DA:470,0
DA:471,0
DA:472,0
DA:473,0
DA:474,0
DA:475,0
DA:476,0
DA:477,0
DA:479,0
DA:480,0
DA:481,0
DA:483,0
DA:484,0
DA:485,0
DA:490,0
DA:491,0
DA:497,0
DA:505,1
LF:252
LH:5
BRDA:89,0,0,0
BRDA:89,0,1,0
BRDA:97,1,0,0
BRDA:97,1,1,0
BRDA:102,2,0,0
BRDA:102,2,1,0
BRDA:102,2,2,0
BRDA:102,2,3,0
BRDA:106,3,0,0
BRDA:106,3,1,0
BRDA:106,4,0,0
BRDA:106,4,1,0
BRDA:109,5,0,0
BRDA:109,5,1,0
BRDA:110,6,0,0
BRDA:110,6,1,0
BRDA:112,7,0,0
BRDA:112,7,1,0
BRDA:116,8,0,0
BRDA:116,8,1,0
BRDA:123,9,0,0
BRDA:123,9,1,0
BRDA:123,10,0,0
BRDA:123,10,1,0
BRDA:123,10,2,0
BRDA:132,11,0,0
BRDA:132,11,1,0
BRDA:132,11,2,0
BRDA:136,12,0,0
BRDA:136,12,1,0
BRDA:140,13,0,0
BRDA:140,13,1,0
BRDA:150,14,0,0
BRDA:150,14,1,0
BRDA:160,15,0,0
BRDA:160,15,1,0
BRDA:160,16,0,0
BRDA:160,16,1,0
BRDA:160,16,2,0
BRDA:168,17,0,0
BRDA:168,17,1,0
BRDA:174,18,0,0
BRDA:174,18,1,0
BRDA:184,19,0,0
BRDA:184,19,1,0
BRDA:191,20,0,0
BRDA:191,20,1,0
BRDA:201,21,0,0
BRDA:201,21,1,0
BRDA:208,22,0,0
BRDA:208,22,1,0
BRDA:220,23,0,0
BRDA:220,23,1,0
BRDA:220,24,0,0
BRDA:220,24,1,0
BRDA:223,25,0,0
BRDA:223,25,1,0
BRDA:223,26,0,0
BRDA:223,26,1,0
BRDA:226,27,0,0
BRDA:226,27,1,0
BRDA:226,28,0,0
BRDA:226,28,1,0
BRDA:234,29,0,0
BRDA:234,29,1,0
BRDA:248,30,0,0
BRDA:248,30,1,0
BRDA:248,31,0,0
BRDA:248,31,1,0
BRDA:258,32,0,0
BRDA:258,32,1,0
BRDA:258,33,0,0
BRDA:258,33,1,0
BRDA:271,34,0,0
BRDA:271,34,1,0
BRDA:272,35,0,0
BRDA:272,35,1,0
BRDA:275,36,0,0
BRDA:275,36,1,0
BRDA:282,37,0,0
BRDA:282,37,1,0
BRDA:283,38,0,0
BRDA:283,38,1,0
BRDA:288,39,0,0
BRDA:288,39,1,0
BRDA:289,40,0,0
BRDA:289,40,1,0
BRDA:302,41,0,0
BRDA:302,41,1,0
BRDA:303,42,0,0
BRDA:303,42,1,0
BRDA:305,43,0,0
BRDA:305,43,1,0
BRDA:329,44,0,0
BRDA:329,44,1,0
BRDA:329,45,0,0
BRDA:329,45,1,0
BRDA:336,46,0,0
BRDA:336,46,1,0
BRDA:339,47,0,0
BRDA:339,47,1,0
BRDA:341,48,0,0
BRDA:341,48,1,0
BRDA:342,49,0,0
BRDA:342,49,1,0
BRDA:342,49,2,0
BRDA:361,50,0,0
BRDA:361,50,1,0
BRDA:364,51,0,0
BRDA:364,51,1,0
BRDA:366,52,0,0
BRDA:366,52,1,0
BRDA:371,53,0,0
BRDA:371,53,1,0
BRDA:372,54,0,0
BRDA:372,54,1,0
BRDA:372,54,2,0
BRDA:372,54,3,0
BRDA:379,55,0,0
BRDA:379,55,1,0
BRDA:379,56,0,0
BRDA:379,56,1,0
BRDA:386,57,0,0
BRDA:386,57,1,0
BRDA:386,57,2,0
BRDA:386,57,3,0
BRDA:391,58,0,0
BRDA:391,58,1,0
BRDA:396,59,0,0
BRDA:396,59,1,0
BRDA:403,60,0,0
BRDA:403,60,1,0
BRDA:408,61,0,0
BRDA:408,61,1,0
BRDA:408,62,0,0
BRDA:408,62,1,0
BRDA:413,63,0,0
BRDA:413,63,1,0
BRDA:423,64,0,0
BRDA:423,64,1,0
BRDA:425,65,0,0
BRDA:425,65,1,0
BRDA:433,66,0,0
BRDA:433,66,1,0
BRDA:440,67,0,0
BRDA:440,67,1,0
BRDA:443,68,0,0
BRDA:443,68,1,0
BRDA:450,69,0,0
BRDA:450,69,1,0
BRDA:451,70,0,0
BRDA:451,70,1,0
BRDA:462,71,0,0
BRDA:462,71,1,0
BRDA:463,72,0,0
BRDA:463,72,1,0
BRDA:464,73,0,0
BRDA:464,73,1,0
BRDA:480,74,0,0
BRDA:480,74,1,0
BRDA:483,75,0,0
BRDA:483,75,1,0
BRDA:484,76,0,0
BRDA:484,76,1,0
BRDA:490,77,0,0
BRDA:490,77,1,0
BRF:166
BRH:0
end_of_record
TN:
SF:services\auth-system\src\services\roomService.js
FN:33,generateRoomCode
FN:43,generateUniqueRoomCode
FN:57,persistRoom
FN:71,createRoom
FN:104,getRoomOrThrow
FN:113,joinRoom
FN:138,makeMove
FN:176,finalizeRoomGame
FN:203,forceFinishRoom
FN:234,appendChat
FN:256,getRoomSnapshot
FN:261,markOnline
FN:274,hydrateRoomsFromDatabase
FN:277,(anonymous_13)
FN:282,getUserProfile
FN:293,upsertRoomFromDbRow
FN:301,recoverRoom
FN:314,getRoomStore
FNF:18
FNH:0
FNDA:0,generateRoomCode
FNDA:0,generateUniqueRoomCode
FNDA:0,persistRoom
FNDA:0,createRoom
FNDA:0,getRoomOrThrow
FNDA:0,joinRoom
FNDA:0,makeMove
FNDA:0,finalizeRoomGame
FNDA:0,forceFinishRoom
FNDA:0,appendChat
FNDA:0,getRoomSnapshot
FNDA:0,markOnline
FNDA:0,hydrateRoomsFromDatabase
FNDA:0,(anonymous_13)
FNDA:0,getUserProfile
FNDA:0,upsertRoomFromDbRow
FNDA:0,recoverRoom
FNDA:0,getRoomStore
DA:3,1
DA:4,1
DA:5,1
DA:13,1
DA:19,1
DA:29,1
DA:31,1
DA:34,0
DA:35,0
DA:36,0
DA:37,0
DA:38,0
DA:40,0
DA:44,0
DA:45,0
DA:46,0
DA:47,0
DA:49,0
DA:50,0
DA:51,0
DA:54,0
DA:58,0
DA:72,0
DA:73,0
DA:74,0
DA:75,0
DA:76,0
DA:98,0
DA:99,0
DA:100,0
DA:101,0
DA:105,0
DA:106,0
DA:107,0
DA:108,0
DA:110,0
DA:114,0
DA:115,0
DA:116,0
DA:117,0
DA:118,0
DA:119,0
DA:120,0
DA:122,0
DA:123,0
DA:125,0
DA:126,0
DA:128,0
DA:129,0
DA:130,0
DA:131,0
DA:132,0
DA:133,0
DA:134,0
DA:135,0
DA:139,0
DA:140,0
DA:141,0
DA:143,0
DA:144,0
DA:145,0
DA:147,0
DA:148,0
DA:151,0
DA:156,0
DA:157,0
DA:160,0
DA:161,0
DA:162,0
DA:163,0
DA:164,0
DA:165,0
DA:167,0
DA:169,0
DA:177,0
DA:178,0
DA:179,0
DA:180,0
DA:181,0
DA:183,0
DA:195,0
DA:196,0
DA:198,0
DA:199,0
DA:204,0
DA:205,0
DA:206,0
DA:208,0
DA:209,0
DA:210,0
DA:211,0
DA:225,0
DA:226,0
DA:227,0
DA:228,0
DA:229,0
DA:230,0
DA:231,0
DA:235,0
DA:236,0
DA:237,0
DA:238,0
DA:240,0
DA:247,0
DA:248,0
DA:249,0
DA:251,0
DA:252,0
DA:253,0
DA:257,0
DA:258,0
DA:262,0
DA:263,0
DA:264,0
DA:266,0
DA:267,0
DA:268,0
DA:270,0
DA:271,0
DA:276,0
DA:277,0
DA:278,0
DA:283,0
DA:287,0
DA:294,0
DA:295,0
DA:297,0
DA:298,0
DA:302,0
DA:303,0
DA:304,0
DA:306,0
DA:307,0
DA:308,0
DA:310,0
DA:311,0
DA:315,0
DA:318,1
LF:138
LH:8
BRDA:33,0,0,0
BRDA:46,1,0,0
BRDA:46,1,1,0
BRDA:50,2,0,0
BRDA:50,2,1,0
BRDA:67,3,0,0
BRDA:67,3,1,0
BRDA:72,4,0,0
BRDA:72,4,1,0
BRDA:79,5,0,0
BRDA:79,5,1,0
BRDA:80,6,0,0
BRDA:80,6,1,0
BRDA:83,7,0,0
BRDA:83,7,1,0
BRDA:87,8,0,0
BRDA:87,8,1,0
BRDA:107,9,0,0
BRDA:107,9,1,0
BRDA:116,10,0,0
BRDA:116,10,1,0
BRDA:122,11,0,0
BRDA:122,11,1,0
BRDA:125,12,0,0
BRDA:125,12,1,0
BRDA:125,13,0,0
BRDA:125,13,1,0
BRDA:128,14,0,0
BRDA:128,14,1,0
BRDA:140,15,0,0
BRDA:140,15,1,0
BRDA:144,16,0,0
BRDA:144,16,1,0
BRDA:147,17,0,0
BRDA:147,17,1,0
BRDA:156,18,0,0
BRDA:156,18,1,0
BRDA:162,19,0,0
BRDA:162,19,1,0
BRDA:178,20,0,0
BRDA:178,20,1,0
BRDA:179,21,0,0
BRDA:179,21,1,0
BRDA:180,22,0,0
BRDA:180,22,1,0
BRDA:181,23,0,0
BRDA:181,23,1,0
BRDA:192,24,0,0
BRDA:192,24,1,0
BRDA:195,25,0,0
BRDA:195,25,1,0
BRDA:195,26,0,0
BRDA:195,26,1,0
BRDA:205,27,0,0
BRDA:205,27,1,0
BRDA:223,28,0,0
BRDA:223,28,1,0
BRDA:237,29,0,0
BRDA:237,29,1,0
BRDA:248,30,0,0
BRDA:248,30,1,0
BRDA:263,31,0,0
BRDA:263,31,1,0
BRDA:267,32,0,0
BRDA:267,32,1,0
BRDA:267,33,0,0
BRDA:267,33,1,0
BRDA:294,34,0,0
BRDA:294,34,1,0
BRDA:303,35,0,0
BRDA:303,35,1,0
BRDA:307,36,0,0
BRDA:307,36,1,0
BRF:73
BRH:0
end_of_record
TN:
SF:services\auth-system\src\services\room\constants.js
FNF:0
FNH:0
DA:3,1
DA:9,1
DA:10,1
DA:12,1
LF:4
LH:4
BRF:0
BRH:0
end_of_record
TN:
SF:services\auth-system\src\services\room\helpers.js
FN:3,now
FN:7,safeText
FN:14,sanitizeRoomCode
FN:20,buildPublicRoom
FN:38,getUserSide
FN:48,buildRoomFromDbRow
FNF:6
FNH:0
FNDA:0,now
FNDA:0,safeText
FNDA:0,sanitizeRoomCode
FNDA:0,buildPublicRoom
FNDA:0,getUserSide
FNDA:0,buildRoomFromDbRow
DA:4,0
DA:8,0
DA:9,0
DA:11,0
DA:15,0
DA:21,0
DA:39,0
DA:40,0
DA:42,0
DA:43,0
DA:45,0
DA:49,0
DA:69,1
LF:13
LH:1
BRDA:7,0,0,0
BRDA:8,1,0,0
BRDA:8,1,1,0
BRDA:15,2,0,0
BRDA:15,2,1,0
BRDA:20,3,0,0
BRDA:39,4,0,0
BRDA:39,4,1,0
BRDA:42,5,0,0
BRDA:42,5,1,0
BRDA:55,6,0,0
BRDA:55,6,1,0
BRDA:56,7,0,0
BRDA:56,7,1,0
BRDA:65,8,0,0
BRDA:65,8,1,0
BRF:16
BRH:0
end_of_record
TN:
SF:services\auth-system\src\websocket\gameSocket.js
FN:23,parseCookies
FN:29,(anonymous_1)
FN:39,getTokenFromRequest
FN:52,send
FN:58,broadcastToRoom
FN:63,(anonymous_5)
FN:68,attachUserConnection
FN:75,detachUserConnection
FN:89,attachRoomConnection
FN:97,detachRoomConnection
FN:112,syncRoom
FN:121,startTurnTimeoutLoop
FN:122,(anonymous_12)
FN:153,initGameSocket
FN:161,(anonymous_14)
FN:174,(anonymous_15)
FN:258,(anonymous_16)
FN:279,(anonymous_17)
FNF:18
FNH:0
FNDA:0,parseCookies
FNDA:0,(anonymous_1)
FNDA:0,getTokenFromRequest
FNDA:0,send
FNDA:0,broadcastToRoom
FNDA:0,(anonymous_5)
FNDA:0,attachUserConnection
FNDA:0,detachUserConnection
FNDA:0,attachRoomConnection
FNDA:0,detachRoomConnection
FNDA:0,syncRoom
FNDA:0,startTurnTimeoutLoop
FNDA:0,(anonymous_12)
FNDA:0,initGameSocket
FNDA:0,(anonymous_14)
FNDA:0,(anonymous_15)
FNDA:0,(anonymous_16)
FNDA:0,(anonymous_17)
DA:3,1
DA:4,1
DA:5,1
DA:6,1
DA:18,1
DA:20,1
DA:21,1
DA:24,0
DA:25,0
DA:26,0
DA:28,0
DA:29,0
DA:30,0
DA:31,0
DA:32,0
DA:34,0
DA:36,0
DA:40,0
DA:41,0
DA:42,0
DA:44,0
DA:45,0
DA:46,0
DA:48,0
DA:49,0
DA:53,0
DA:54,0
DA:59,0
DA:60,0
DA:61,0
DA:63,0
DA:64,0
DA:69,0
DA:70,0
DA:71,0
DA:72,0
DA:76,0
DA:77,0
DA:78,0
DA:80,0
DA:81,0
DA:82,0
DA:83,0
DA:84,0
DA:86,0
DA:90,0
DA:91,0
DA:92,0
DA:93,0
DA:94,0
DA:98,0
DA:99,0
DA:100,0
DA:102,0
DA:103,0
DA:104,0
DA:106,0
DA:107,0
DA:108,0
DA:113,0
DA:114,0
DA:115,0
DA:122,0
DA:123,0
DA:124,0
DA:125,0
DA:126,0
DA:127,0
DA:129,0
DA:130,0
DA:131,0
DA:133,0
DA:134,0
DA:135,0
DA:140,0
DA:141,0
DA:154,0
DA:159,0
DA:161,0
DA:162,0
DA:163,0
DA:164,0
DA:165,0
DA:166,0
DA:167,0
DA:168,0
DA:170,0
DA:171,0
DA:172,0
DA:174,0
DA:175,0
DA:176,0
DA:177,0
DA:178,0
DA:180,0
DA:181,0
DA:182,0
DA:185,0
DA:186,0
DA:187,0
DA:188,0
DA:189,0
DA:190,0
DA:191,0
DA:195,0
DA:198,0
DA:199,0
DA:200,0
DA:201,0
DA:202,0
DA:205,0
DA:206,0
DA:207,0
DA:208,0
DA:209,0
DA:215,0
DA:223,0
DA:224,0
DA:233,0
DA:236,0
DA:237,0
DA:238,0
DA:239,0
DA:244,0
DA:248,0
DA:251,0
DA:258,0
DA:259,0
DA:260,0
DA:261,0
DA:262,0
DA:263,0
DA:274,0
DA:278,0
DA:280,0
DA:281,0
DA:286,1
LF:137
LH:8
BRDA:25,0,0,0
BRDA:25,0,1,0
BRDA:31,1,0,0
BRDA:31,1,1,0
BRDA:40,2,0,0
BRDA:40,2,1,0
BRDA:41,3,0,0
BRDA:41,3,1,0
BRDA:45,4,0,0
BRDA:45,4,1,0
BRDA:49,5,0,0
BRDA:49,5,1,0
BRDA:53,6,0,0
BRDA:53,6,1,0
BRDA:60,7,0,0
BRDA:60,7,1,0
BRDA:69,8,0,0
BRDA:69,8,1,0
BRDA:77,9,0,0
BRDA:77,9,1,0
BRDA:81,10,0,0
BRDA:81,10,1,0
BRDA:91,11,0,0
BRDA:91,11,1,0
BRDA:99,12,0,0
BRDA:99,12,1,0
BRDA:103,13,0,0
BRDA:103,13,1,0
BRDA:107,14,0,0
BRDA:107,14,1,0
BRDA:126,15,0,0
BRDA:126,15,1,0
BRDA:130,16,0,0
BRDA:130,16,1,0
BRDA:130,17,0,0
BRDA:130,17,1,0
BRDA:134,18,0,0
BRDA:134,18,1,0
BRDA:166,19,0,0
BRDA:166,19,1,0
BRDA:176,20,0,0
BRDA:176,20,1,0
BRDA:177,21,0,0
BRDA:177,21,1,0
BRDA:177,22,0,0
BRDA:177,22,1,0
BRDA:180,23,0,0
BRDA:180,23,1,0
BRDA:185,24,0,0
BRDA:185,24,1,0
BRDA:186,25,0,0
BRDA:186,25,1,0
BRDA:198,26,0,0
BRDA:198,26,1,0
BRDA:199,27,0,0
BRDA:199,27,1,0
BRDA:205,28,0,0
BRDA:205,28,1,0
BRDA:206,29,0,0
BRDA:206,29,1,0
BRDA:207,30,0,0
BRDA:207,30,1,0
BRDA:208,31,0,0
BRDA:208,31,1,0
BRDA:223,32,0,0
BRDA:223,32,1,0
BRDA:236,33,0,0
BRDA:236,33,1,0
BRDA:237,34,0,0
BRDA:237,34,1,0
BRDA:238,35,0,0
BRDA:238,35,1,0
BRDA:253,36,0,0
BRDA:253,36,1,0
BRDA:261,37,0,0
BRDA:261,37,1,0
BRF:76
BRH:0
end_of_record
